<?xml version="1.0" encoding="UTF-8"?>
<testsuite xmlns:xsi="http://www.w3.org/2001/XMLSchema-instance" xsi:noNamespaceSchemaLocation="https://maven.apache.org/surefire/maven-surefire-plugin/xsd/surefire-test-report.xsd" version="3.0.2" name="pt.xavier.tms.TmsApplicationTests" time="1.279" tests="1" errors="0" skipped="0" failures="0">
  <properties>
[...]
</properties>
  <testcase name="contextLoads" classname="pt.xavier.tms.TmsApplicationTests" time="0.006">
    <system-out><![CDATA[{"timestamp":"2026-05-06T14:20:00.956+01:00","level":"DEBUG","logger":"o.s.b.t.c.SpringBootTestContextBootstrapper","thread":"main","message":"Neither @ContextConfiguration nor @ContextHierarchy found for test class [TmsApplicationTests]: using SpringBootContextLoader"}
{"timestamp":"2026-05-06T14:20:00.956+01:00","level":"INFO","logger":"o.s.t.c.s.AnnotationConfigContextLoaderUtils","thread":"main","message":"Could not detect default configuration classes for test class [pt.xavier.tms.TmsApplicationTests]: TmsApplicationTests does not declare any static, non-private, non-final, nested classes annotated with @Configuration."}
{"timestamp":"2026-05-06T14:20:00.957+01:00","level":"DEBUG","logger":"o.s.b.t.c.SpringBootTestContextBootstrapper","thread":"main","message":"Using ContextCustomizerFactory implementations for test class [TmsApplicationTests]: [ImportsContextCustomizerFactory, ExcludeFilterContextCustomizerFactory, HttpGraphQlTesterContextCustomizerFactory, DuplicateJsonObjectContextCustomizerFactory, MockitoContextCustomizerFactory, TestRestTemplateContextCustomizerFactory, WebTestClientContextCustomizerFactory, DisableReactorResourceFactoryGlobalResourcesContextCustomizerFactory, OnFailureConditionReportContextCustomizerFactory, OverrideAutoConfigurationContextCustomizerFactory, ObservabilityContextCustomizerFactory, TypeExcludeFiltersContextCustomizerFactory, PropertyMappingContextCustomizerFactory, WebDriverContextCustomizerFactory, BeanOverrideContextCustomizerFactory, MockServerContainerContextCustomizerFactory, DynamicPropertiesContextCustomizerFactory, ModuleContextCustomizerFactory]"}
{"timestamp":"2026-05-06T14:20:00.959+01:00","level":"DEBUG","logger":"o.s.b.t.c.SpringBootTestContextBootstrapper","thread":"main","message":"Using ContextCustomizers for test class [TmsApplicationTests]: [ExcludeFilterContextCustomizer, DuplicateJsonObjectContextCustomizer, MockitoContextCustomizer, TestRestTemplateContextCustomizer, DisableReactorResourceFactoryGlobalResourcesContextCustomizerCustomizer, OnFailureConditionReportContextCustomizer, DisableObservabilityContextCustomizer, PropertyMappingContextCustomizer, WebDriverContextCustomizer, DynamicPropertiesContextCustomizer]"}
{"timestamp":"2026-05-06T14:20:00.973+01:00","level":"INFO","logger":"o.s.b.t.c.SpringBootTestContextBootstrapper","thread":"main","message":"Found @SpringBootConfiguration pt.xavier.tms.TmsApplication for test class pt.xavier.tms.TmsApplicationTests"}
{"timestamp":"2026-05-06T14:20:00.975+01:00","level":"DEBUG","logger":"o.s.b.t.c.SpringBootTestContextBootstrapper","thread":"main","message":"Using TestExecutionListeners for test class [TmsApplicationTests]: [ServletTestExecutionListener, DirtiesContextBeforeModesTestExecutionListener, ApplicationEventsTestExecutionListener, MockitoTestExecutionListener, BeanOverrideTestExecutionListener, DependencyInjectionTestExecutionListener, DirtiesContextTestExecutionListener, CommonCachesTestExecutionListener, TransactionalTestExecutionListener, SqlScriptsTestExecutionListener, EventPublishingTestExecutionListener, WithSecurityContextTestExecutionListener, ReactorContextTestExecutionListener, ResetMocksTestExecutionListener, RestDocsTestExecutionListener, MockRestServiceServerResetTestExecutionListener, MockMvcPrintOnlyOnFailureTestExecutionListener, WebDriverTestExecutionListener, MockWebServiceServerTestExecutionListener, MockitoResetTestExecutionListener]"}
{"timestamp":"2026-05-06T14:20:00.982+01:00","level":"DEBUG","logger":"o.s.boot.env.OriginTrackedYamlLoader","thread":"main","message":"Loading from YAML: class path resource [application.yml]"}
{"timestamp":"2026-05-06T14:20:00.987+01:00","level":"DEBUG","logger":"o.s.boot.env.OriginTrackedYamlLoader","thread":"main","message":"Merging document (no matchers set): {spring={application={name=tms-global}, datasource={url=${TMS_DATASOURCE_URL:jdbc:postgresql://localhost:5432/tms_dev}, username=${TMS_DATASOURCE_USERNAME:tms_dev}, password=${TMS_DATASOURCE_PASSWORD:tms_dev}, driver-class-name=org.postgresql.Driver, hikari={pool-name=TmsHikariPool, maximum-pool-size=${TMS_DATASOURCE_MAX_POOL_SIZE:10}, minimum-idle=${TMS_DATASOURCE_MIN_IDLE:2}}}, jpa={hibernate={ddl-auto=validate}, open-in-view=false, properties={hibernate={format_sql=false, jdbc={time_zone=UTC}}}}, flyway={enabled=true, locations=classpath:db/migration, baseline-on-migrate=false}, security={oauth2={resourceserver={jwt={issuer-uri=${TMS_SECURITY_JWT_ISSUER_URI:http://localhost:8081/realms/tms}, jwk-set-uri=${TMS_SECURITY_JWT_JWK_SET_URI:http://localhost:8081/realms/tms/protocol/openid-connect/certs}}}}}}, logging={pattern={console={"timestamp":"%d{yyyy-MM-dd'T'HH:mm:ss.SSSXXX}","level":"%p","logger":"%logger{36}","thread":"%t","message":"%replace(%m%wEx){'[\r\n]+','\\n'}"}%n}, level={root=INFO, pt.xavier.tms=INFO, org.hibernate.SQL=INFO}}, management={endpoint={health={show-details=when-authorized}}, endpoints={web={exposure={include=health,info,metrics,prometheus}}}}, springdoc={api-docs={path=/v3/api-docs}, swagger-ui={path=/swagger-ui.html, url=/v3/api-docs, disable-swagger-default-url=true, operations-sorter=method, tags-sorter=alpha, display-request-duration=true}}, tms={user={services={enabled=${TMS_USER_SERVICES_ENABLED:true}}, controllers={enabled=${TMS_USER_CONTROLLERS_ENABLED:true}}, superuser-init={enabled=${TMS_USER_SUPERUSER_INIT_ENABLED:false}}}, superuser={username=${TMS_SUPERUSER_USERNAME:}, password=${TMS_SUPERUSER_PASSWORD:}, email=${TMS_SUPERUSER_EMAIL:}}, keycloak={admin={server-url=${TMS_KEYCLOAK_ADMIN_SERVER_URL:http://localhost:8081}, realm=${TMS_KEYCLOAK_ADMIN_REALM:tms}, client-id=${TMS_KEYCLOAK_ADMIN_CLIENT_ID:tms-admin-cli}, client-secret=${TMS_KEYCLOAK_ADMIN_CLIENT_SECRET:tms-admin-cli-secret}, username=${TMS_KEYCLOAK_ADMIN_USERNAME:}, password=${TMS_KEYCLOAK_ADMIN_PASSWORD:}}}, storage={type=${TMS_STORAGE_TYPE:local}, max-file-size-bytes=${TMS_STORAGE_MAX_FILE_SIZE_BYTES:10485760}, local={base-path=${TMS_STORAGE_LOCAL_BASE_PATH:./storage/uploads}}, s3={bucket=${TMS_STORAGE_S3_BUCKET:}, prefix=${TMS_STORAGE_S3_PREFIX:uploads/}}}, security={rate-limit={enabled=${TMS_SECURITY_RATE_LIMIT_ENABLED:true}, capacity=${TMS_SECURITY_RATE_LIMIT_CAPACITY:60}, refill-tokens=${TMS_SECURITY_RATE_LIMIT_REFILL_TOKENS:60}, refill-period-seconds=${TMS_SECURITY_RATE_LIMIT_REFILL_PERIOD_SECONDS:60}}}}}"}
{"timestamp":"2026-05-06T14:20:00.988+01:00","level":"DEBUG","logger":"o.s.boot.env.OriginTrackedYamlLoader","thread":"main","message":"Loaded 1 document from YAML resource: class path resource [application.yml]"}
{"timestamp":"2026-05-06T14:20:00.995+01:00","level":"DEBUG","logger":"o.s.b.w.s.c.ApplicationServletEnvironment","thread":"main","message":"Activating profiles []"}

  .   ____          _            __ _ _
 /\\ / ___'_ __ _ _(_)_ __  __ _ \ \ \ \
( ( )\___ | '_ | '_| | '_ \/ _` | \ \ \ \
 \\/  ___)| |_)| | | | | || (_| |  ) ) ) )
  '  |____| .__|_| |_|_| |_\__, | / / / /
 =========|_|==============|___/=/_/_/_/

 :: Spring Boot ::                (v3.4.5)

{"timestamp":"2026-05-06T14:20:01.004+01:00","level":"INFO","logger":"pt.xavier.tms.TmsApplicationTests","thread":"main","message":"Starting TmsApplicationTests using Java 21.0.6 with PID 71170 (started by xavier in /Users/xavier/dev/code/Spring-modulith/tms-global)"}
{"timestamp":"2026-05-06T14:20:01.004+01:00","level":"INFO","logger":"pt.xavier.tms.TmsApplicationTests","thread":"main","message":"No active profile set, falling back to 1 default profile: "default""}
{"timestamp":"2026-05-06T14:20:01.004+01:00","level":"DEBUG","logger":"o.s.boot.SpringApplication","thread":"main","message":"Loading source class pt.xavier.tms.TmsApplication"}
{"timestamp":"2026-05-06T14:20:01.006+01:00","level":"DEBUG","logger":"o.s.w.c.s.GenericWebApplicationContext","thread":"main","message":"Refreshing org.springframework.web.context.support.GenericWebApplicationContext@296a350"}
{"timestamp":"2026-05-06T14:20:01.321+01:00","level":"DEBUG","logger":"o.s.b.a.AutoConfigurationPackages","thread":"main","message":"@EnableAutoConfiguration was declared on a class in the package 'pt.xavier.tms'. Automatic @Repository and @Entity scanning is enabled."}
{"timestamp":"2026-05-06T14:20:01.651+01:00","level":"DEBUG","logger":"o.s.w.s.m.m.a.RequestMappingHandlerMapping","thread":"main","message":"14 mappings in 'requestMappingHandlerMapping'"}
{"timestamp":"2026-05-06T14:20:01.715+01:00","level":"DEBUG","logger":"o.s.w.s.h.SimpleUrlHandlerMapping","thread":"main","message":"Patterns [/webjars/**, /**, /swagger-ui*/*swagger-initializer.js, /swagger-ui*/**] in 'resourceHandlerMapping'"}
{"timestamp":"2026-05-06T14:20:01.835+01:00","level":"INFO","logger":"o.s.b.a.e.web.EndpointLinksResolver","thread":"main","message":"Exposing 3 endpoints beneath base path '/actuator'"}
{"timestamp":"2026-05-06T14:20:02.013+01:00","level":"DEBUG","logger":"o.s.w.s.m.m.a.RequestMappingHandlerAdapter","thread":"main","message":"ControllerAdvice beans: 0 @ModelAttribute, 0 @InitBinder, 1 RequestBodyAdvice, 1 ResponseBodyAdvice"}
{"timestamp":"2026-05-06T14:20:02.031+01:00","level":"DEBUG","logger":"o.s.w.s.m.m.a.ExceptionHandlerExceptionResolver","thread":"main","message":"ControllerAdvice beans: 2 @ExceptionHandler, 1 ResponseBodyAdvice"}
{"timestamp":"2026-05-06T14:20:02.218+01:00","level":"DEBUG","logger":"o.s.b.a.l.ConditionEvaluationReportLogger","thread":"main","message":"\n============================\nCONDITIONS EVALUATION REPORT\n============================\nPositive matches:\n-----------------\n   AopAutoConfiguration matched:\n      - @ConditionalOnProperty (spring.aop.auto=true) matched (OnPropertyCondition)\n   AopAutoConfiguration.AspectJAutoProxyingConfiguration matched:\n      - @ConditionalOnClass found required class 'org.aspectj.weaver.Advice' (OnClassCondition)\n   AopAutoConfiguration.AspectJAutoProxyingConfiguration.CglibAutoProxyConfiguration matched:\n      - @ConditionalOnProperty (spring.aop.proxy-target-class=true) matched (OnPropertyCondition)\n   ApplicationAvailabilityAutoConfiguration#applicationAvailability matched:\n      - @ConditionalOnMissingBean (types: org.springframework.boot.availability.ApplicationAvailability; SearchStrategy: all) did not find any beans (OnBeanCondition)\n   CacheMeterBinderProvidersConfiguration matched:\n      - @ConditionalOnClass found required class 'io.micrometer.core.instrument.binder.MeterBinder' (OnClassCondition)\n   CompositeMeterRegistryAutoConfiguration matched:\n      - @ConditionalOnClass found required class 'io.micrometer.core.instrument.composite.CompositeMeterRegistry' (OnClassCondition)\n   DataSourceTransactionManagerAutoConfiguration matched:\n      - @ConditionalOnClass found required classes 'javax.sql.DataSource', 'org.springframework.jdbc.core.JdbcTemplate', 'org.springframework.transaction.TransactionManager' (OnClassCondition)\n   DiskSpaceHealthContributorAutoConfiguration matched:\n      - @ConditionalOnEnabledHealthIndicator management.health.defaults.enabled is considered true (OnEnabledHealthIndicatorCondition)\n   DiskSpaceHealthContributorAutoConfiguration#diskSpaceHealthIndicator matched:\n      - @ConditionalOnMissingBean (names: diskSpaceHealthIndicator; SearchStrategy: all) did not find any beans (OnBeanCondition)\n   DispatcherServletAutoConfiguration matched:\n      - @ConditionalOnClass found required class 'org.springframework.web.servlet.DispatcherServlet' (OnClassCondition)\n      - found 'session' scope (OnWebApplicationCondition)\n   DispatcherServletAutoConfiguration.DispatcherServletConfiguration matched:\n      - @ConditionalOnClass found required class 'jakarta.servlet.ServletRegistration' (OnClassCondition)\n      - Default DispatcherServlet did not find dispatcher servlet beans (DispatcherServletAutoConfiguration.DefaultDispatcherServletCondition)\n   DispatcherServletAutoConfiguration.DispatcherServletRegistrationConfiguration matched:\n      - @ConditionalOnClass found required class 'jakarta.servlet.ServletRegistration' (OnClassCondition)\n      - DispatcherServlet Registration did not find servlet registration bean (DispatcherServletAutoConfiguration.DispatcherServletRegistrationCondition)\n   DispatcherServletAutoConfiguration.DispatcherServletRegistrationConfiguration#dispatcherServletRegistration matched:\n      - @ConditionalOnBean (names: dispatcherServlet types: org.springframework.web.servlet.DispatcherServlet; SearchStrategy: all) found bean 'dispatcherServlet' (OnBeanCondition)\n   EndpointAutoConfiguration#endpointCachingOperationInvokerAdvisor matched:\n      - @ConditionalOnMissingBean (types: org.springframework.boot.actuate.endpoint.invoker.cache.CachingOperationInvokerAdvisor; SearchStrategy: all) did not find any beans (OnBeanCondition)\n   EndpointAutoConfiguration#endpointOperationParameterMapper matched:\n      - @ConditionalOnMissingBean (types: org.springframework.boot.actuate.endpoint.invoke.ParameterValueMapper; SearchStrategy: all) did not find any beans (OnBeanCondition)\n   EndpointAutoConfiguration#propertiesEndpointAccessResolver matched:\n      - @ConditionalOnMissingBean (types: org.springframework.boot.actuate.endpoint.EndpointAccessResolver; SearchStrategy: all) did not find any beans (OnBeanCondition)\n   ErrorMvcAutoConfiguration matched:\n      - @ConditionalOnClass found required classes 'jakarta.servlet.Servlet', 'org.springframework.web.servlet.DispatcherServlet' (OnClassCondition)\n      - found 'session' scope (OnWebApplicationCondition)\n   ErrorMvcAutoConfiguration#basicErrorController matched:\n      - @ConditionalOnMissingBean (types: org.springframework.boot.web.servlet.error.ErrorController; SearchStrategy: current) did not find any beans (OnBeanCondition)\n   ErrorMvcAutoConfiguration#errorAttributes matched:\n      - @ConditionalOnMissingBean (types: org.springframework.boot.web.servlet.error.ErrorAttributes; SearchStrategy: current) did not find any beans (OnBeanCondition)\n   ErrorMvcAutoConfiguration.DefaultErrorViewResolverConfiguration#conventionErrorViewResolver matched:\n      - @ConditionalOnBean (types: org.springframework.web.servlet.DispatcherServlet; SearchStrategy: all) found bean 'dispatcherServlet'; @ConditionalOnMissingBean (types: org.springframework.boot.autoconfigure.web.servlet.error.ErrorViewResolver; SearchStrategy: all) did not find any beans (OnBeanCondition)\n   ErrorMvcAutoConfiguration.WhitelabelErrorViewConfiguration matched:\n      - @ConditionalOnProperty (server.error.whitelabel.enabled) matched (OnPropertyCondition)\n      - ErrorTemplate Missing did not find error template view (ErrorMvcAutoConfiguration.ErrorTemplateMissingCondition)\n   ErrorMvcAutoConfiguration.WhitelabelErrorViewConfiguration#beanNameViewResolver matched:\n      - @ConditionalOnMissingBean (types: org.springframework.web.servlet.view.BeanNameViewResolver; SearchStrategy: all) did not find any beans (OnBeanCondition)\n   ErrorMvcAutoConfiguration.WhitelabelErrorViewConfiguration#defaultErrorView matched:\n      - @ConditionalOnMissingBean (names: error; SearchStrategy: all) did not find any beans (OnBeanCondition)\n   EventExternalizationAutoConfiguration matched:\n      - @ConditionalOnProperty (spring.modulith.events.externalization.enabled=true) matched (OnPropertyCondition)\n   EventExternalizationAutoConfiguration#eventExternalizationConfiguration matched:\n      - @ConditionalOnMissingBean (types: org.springframework.modulith.events.EventExternalizationConfiguration; SearchStrategy: all) did not find any beans (OnBeanCondition)\n   EventPublicationAutoConfiguration#asyncPropertiesDefaulter matched:\n      - @ConditionalOnProperty (spring.modulith.default-async-termination=true) matched (OnPropertyCondition)\n   EventPublicationAutoConfiguration.AsyncEnablingConfiguration matched:\n      - @ConditionalOnMissingBean (types: org.springframework.scheduling.annotation.AbstractAsyncConfiguration; SearchStrategy: all) did not find any beans (OnBeanCondition)\n   GenericCacheConfiguration matched:\n      - Cache org.springframework.boot.autoconfigure.cache.GenericCacheConfiguration automatic cache type (CacheCondition)\n   HealthContributorAutoConfiguration#pingHealthContributor matched:\n      - @ConditionalOnEnabledHealthIndicator management.health.defaults.enabled is considered true (OnEnabledHealthIndicatorCondition)\n   HealthEndpointAutoConfiguration matched:\n      - @ConditionalOnAvailableEndpoint marked as exposed by a 'management.endpoints.web.exposure' property (OnAvailableEndpointCondition)\n   HealthEndpointConfiguration#healthContributorRegistry matched:\n      - @ConditionalOnMissingBean (types: org.springframework.boot.actuate.health.HealthContributorRegistry; SearchStrategy: all) did not find any beans (OnBeanCondition)\n   HealthEndpointConfiguration#healthEndpoint matched:\n      - @ConditionalOnMissingBean (types: org.springframework.boot.actuate.health.HealthEndpoint; SearchStrategy: all) did not find any beans (OnBeanCondition)\n   HealthEndpointConfiguration#healthEndpointGroupMembershipValidator matched:\n      - @ConditionalOnProperty (management.endpoint.health.validate-group-membership=true) matched (OnPropertyCondition)\n   HealthEndpointConfiguration#healthEndpointGroups matched:\n      - @ConditionalOnMissingBean (types: org.springframework.boot.actuate.health.HealthEndpointGroups; SearchStrategy: all) did not find any beans (OnBeanCondition)\n   HealthEndpointConfiguration#healthHttpCodeStatusMapper matched:\n      - @ConditionalOnMissingBean (types: org.springframework.boot.actuate.health.HttpCodeStatusMapper; SearchStrategy: all) did not find any beans (OnBeanCondition)\n   HealthEndpointConfiguration#healthStatusAggregator matched:\n      - @ConditionalOnMissingBean (types: org.springframework.boot.actuate.health.StatusAggregator; SearchStrategy: all) did not find any beans (OnBeanCondition)\n   HealthEndpointWebExtensionConfiguration matched:\n      - found 'session' scope (OnWebApplicationCondition)\n      - @ConditionalOnAvailableEndpoint marked as exposed by a 'management.endpoints.web.exposure' property (OnAvailableEndpointCondition)\n      - @ConditionalOnBean (types: org.springframework.boot.actuate.health.HealthEndpoint; SearchStrategy: all) found bean 'healthEndpoint' (OnBeanCondition)\n   HealthEndpointWebExtensionConfiguration#healthEndpointWebExtension matched:\n      - @ConditionalOnMissingBean (types: org.springframework.boot.actuate.health.HealthEndpointWebExtension; SearchStrategy: all) did not find any beans (OnBeanCondition)\n   HealthEndpointWebExtensionConfiguration.MvcAdditionalHealthEndpointPathsConfiguration matched:\n      - @ConditionalOnBean (types: org.springframework.web.servlet.DispatcherServlet; SearchStrategy: all) found bean 'dispatcherServlet' (OnBeanCondition)\n   HttpClientAutoConfiguration matched:\n      - @ConditionalOnClass found required class 'org.springframework.http.client.ClientHttpRequestFactory' (OnClassCondition)\n      - NoneNestedConditions 0 matched 1 did not; NestedCondition on NotReactiveWebApplicationCondition.ReactiveWebApplication did not find reactive web application classes (NotReactiveWebApplicationCondition)\n   HttpClientAutoConfiguration#clientHttpRequestFactoryBuilder matched:\n      - @ConditionalOnMissingBean (types: org.springframework.boot.http.client.ClientHttpRequestFactoryBuilder; SearchStrategy: all) did not find any beans (OnBeanCondition)\n   HttpClientAutoConfiguration#clientHttpRequestFactorySettings matched:\n      - @ConditionalOnMissingBean (types: org.springframework.boot.http.client.ClientHttpRequestFactorySettings; SearchStrategy: all) did not find any beans (OnBeanCondition)\n   HttpClientObservationsAutoConfiguration matched:\n      - @ConditionalOnClass found required class 'io.micrometer.observation.Observation' (OnClassCondition)\n      - @ConditionalOnBean (types: io.micrometer.observation.ObservationRegistry; SearchStrategy: all) found bean 'observationRegistry' (OnBeanCondition)\n   HttpClientObservationsAutoConfiguration.MeterFilterConfiguration matched:\n      - @ConditionalOnClass found required class 'io.micrometer.core.instrument.MeterRegistry' (OnClassCondition)\n      - @ConditionalOnBean (types: io.micrometer.core.instrument.MeterRegistry; SearchStrategy: all) found bean 'simpleMeterRegistry' (OnBeanCondition)\n   HttpEncodingAutoConfiguration matched:\n      - @ConditionalOnClass found required class 'org.springframework.web.filter.CharacterEncodingFilter' (OnClassCondition)\n      - found 'session' scope (OnWebApplicationCondition)\n      - @ConditionalOnProperty (server.servlet.encoding.enabled) matched (OnPropertyCondition)\n   HttpEncodingAutoConfiguration#characterEncodingFilter matched:\n      - @ConditionalOnMissingBean (types: org.springframework.web.filter.CharacterEncodingFilter; SearchStrategy: all) did not find any beans (OnBeanCondition)\n   HttpMessageConvertersAutoConfiguration matched:\n      - @ConditionalOnClass found required class 'org.springframework.http.converter.HttpMessageConverter' (OnClassCondition)\n      - NoneNestedConditions 0 matched 1 did not; NestedCondition on HttpMessageConvertersAutoConfiguration.NotReactiveWebApplicationCondition.ReactiveWebApplication did not find reactive web application classes (HttpMessageConvertersAutoConfiguration.NotReactiveWebApplicationCondition)\n   HttpMessageConvertersAutoConfiguration#messageConverters matched:\n      - @ConditionalOnMissingBean (types: org.springframework.boot.autoconfigure.http.HttpMessageConverters; SearchStrategy: all) did not find any beans (OnBeanCondition)\n   HttpMessageConvertersAutoConfiguration.StringHttpMessageConverterConfiguration matched:\n      - @ConditionalOnClass found required class 'org.springframework.http.converter.StringHttpMessageConverter' (OnClassCondition)\n   HttpMessageConvertersAutoConfiguration.StringHttpMessageConverterConfiguration#stringHttpMessageConverter matched:\n      - @ConditionalOnMissingBean (types: org.springframework.http.converter.StringHttpMessageConverter; SearchStrategy: all) did not find any beans (OnBeanCondition)\n   InfoEndpointAutoConfiguration matched:\n      - @ConditionalOnAvailableEndpoint marked as exposed by a 'management.endpoints.web.exposure' property (OnAvailableEndpointCondition)\n   InfoEndpointAutoConfiguration#infoEndpoint matched:\n      - @ConditionalOnMissingBean (types: org.springframework.boot.actuate.info.InfoEndpoint; SearchStrategy: all) did not find any beans (OnBeanCondition)\n   JacksonAutoConfiguration matched:\n      - @ConditionalOnClass found required class 'com.fasterxml.jackson.databind.ObjectMapper' (OnClassCondition)\n   JacksonAutoConfiguration.Jackson2ObjectMapperBuilderCustomizerConfiguration matched:\n      - @ConditionalOnClass found required class 'org.springframework.http.converter.json.Jackson2ObjectMapperBuilder' (OnClassCondition)\n   JacksonAutoConfiguration.JacksonObjectMapperBuilderConfiguration matched:\n      - @ConditionalOnClass found required class 'org.springframework.http.converter.json.Jackson2ObjectMapperBuilder' (OnClassCondition)\n   JacksonAutoConfiguration.JacksonObjectMapperBuilderConfiguration#jacksonObjectMapperBuilder matched:\n      - @ConditionalOnMissingBean (types: org.springframework.http.converter.json.Jackson2ObjectMapperBuilder; SearchStrategy: all) did not find any beans (OnBeanCondition)\n   JacksonAutoConfiguration.JacksonObjectMapperConfiguration matched:\n      - @ConditionalOnClass found required class 'org.springframework.http.converter.json.Jackson2ObjectMapperBuilder' (OnClassCondition)\n   JacksonAutoConfiguration.JacksonObjectMapperConfiguration#jacksonObjectMapper matched:\n      - @ConditionalOnMissingBean (types: com.fasterxml.jackson.databind.ObjectMapper; SearchStrategy: all) did not find any beans (OnBeanCondition)\n   JacksonAutoConfiguration.ParameterNamesModuleConfiguration matched:\n      - @ConditionalOnClass found required class 'com.fasterxml.jackson.module.paramnames.ParameterNamesModule' (OnClassCondition)\n   JacksonAutoConfiguration.ParameterNamesModuleConfiguration#parameterNamesModule matched:\n      - @ConditionalOnMissingBean (types: com.fasterxml.jackson.module.paramnames.ParameterNamesModule; SearchStrategy: all) did not find any beans (OnBeanCondition)\n   JacksonEndpointAutoConfiguration#endpointObjectMapper matched:\n      - @ConditionalOnClass found required classes 'com.fasterxml.jackson.databind.ObjectMapper', 'org.springframework.http.converter.json.Jackson2ObjectMapperBuilder' (OnClassCondition)\n      - @ConditionalOnProperty (management.endpoints.jackson.isolated-object-mapper) matched (OnPropertyCondition)\n   JacksonHttpMessageConvertersConfiguration.MappingJackson2HttpMessageConverterConfiguration matched:\n      - @ConditionalOnClass found required class 'com.fasterxml.jackson.databind.ObjectMapper' (OnClassCondition)\n      - @ConditionalOnProperty (spring.mvc.converters.preferred-json-mapper=jackson) matched (OnPropertyCondition)\n      - @ConditionalOnBean (types: com.fasterxml.jackson.databind.ObjectMapper; SearchStrategy: all) found bean 'jacksonObjectMapper' (OnBeanCondition)\n   JacksonHttpMessageConvertersConfiguration.MappingJackson2HttpMessageConverterConfiguration#mappingJackson2HttpMessageConverter matched:\n      - @ConditionalOnMissingBean (types: org.springframework.http.converter.json.MappingJackson2HttpMessageConverter ignored: org.springframework.hateoas.server.mvc.TypeConstrainedMappingJackson2HttpMessageConverter,org.springframework.data.rest.webmvc.alps.AlpsJsonHttpMessageConverter; SearchStrategy: all) did not find any beans (OnBeanCondition)\n   JtaAutoConfiguration matched:\n      - @ConditionalOnClass found required class 'jakarta.transaction.Transaction' (OnClassCondition)\n      - @ConditionalOnProperty (spring.jta.enabled) matched (OnPropertyCondition)\n   JvmMetricsAutoConfiguration matched:\n      - @ConditionalOnClass found required class 'io.micrometer.core.instrument.MeterRegistry' (OnClassCondition)\n      - @ConditionalOnBean (types: io.micrometer.core.instrument.MeterRegistry; SearchStrategy: all) found bean 'simpleMeterRegistry' (OnBeanCondition)\n   JvmMetricsAutoConfiguration#classLoaderMetrics matched:\n      - @ConditionalOnMissingBean (types: io.micrometer.core.instrument.binder.jvm.ClassLoaderMetrics; SearchStrategy: all) did not find any beans (OnBeanCondition)\n   JvmMetricsAutoConfiguration#jvmCompilationMetrics matched:\n      - @ConditionalOnMissingBean (types: io.micrometer.core.instrument.binder.jvm.JvmCompilationMetrics; SearchStrategy: all) did not find any beans (OnBeanCondition)\n   JvmMetricsAutoConfiguration#jvmGcMetrics matched:\n      - @ConditionalOnMissingBean (types: io.micrometer.core.instrument.binder.jvm.JvmGcMetrics; SearchStrategy: all) did not find any beans (OnBeanCondition)\n   JvmMetricsAutoConfiguration#jvmHeapPressureMetrics matched:\n      - @ConditionalOnMissingBean (types: io.micrometer.core.instrument.binder.jvm.JvmHeapPressureMetrics; SearchStrategy: all) did not find any beans (OnBeanCondition)\n   JvmMetricsAutoConfiguration#jvmInfoMetrics matched:\n      - @ConditionalOnMissingBean (types: io.micrometer.core.instrument.binder.jvm.JvmInfoMetrics; SearchStrategy: all) did not find any beans (OnBeanCondition)\n   JvmMetricsAutoConfiguration#jvmMemoryMetrics matched:\n      - @ConditionalOnMissingBean (types: io.micrometer.core.instrument.binder.jvm.JvmMemoryMetrics; SearchStrategy: all) did not find any beans (OnBeanCondition)\n   JvmMetricsAutoConfiguration#jvmThreadMetrics matched:\n      - @ConditionalOnMissingBean (types: io.micrometer.core.instrument.binder.jvm.JvmThreadMetrics; SearchStrategy: all) did not find any beans (OnBeanCondition)\n   KeycloakAdminConfig matched:\n      - @ConditionalOnProperty (tms.user.services.enabled=true) matched (OnPropertyCondition)\n   LifecycleAutoConfiguration#defaultLifecycleProcessor matched:\n      - @ConditionalOnMissingBean (names: lifecycleProcessor; SearchStrategy: current) did not find any beans (OnBeanCondition)\n   LocalFileStorageAdapter matched:\n      - @ConditionalOnProperty (tms.storage.type=local) matched (OnPropertyCondition)\n   LogbackMetricsAutoConfiguration matched:\n      - @ConditionalOnClass found required classes 'io.micrometer.core.instrument.MeterRegistry', 'ch.qos.logback.classic.LoggerContext', 'org.slf4j.LoggerFactory' (OnClassCondition)\n      - LogbackLoggingCondition ILoggerFactory is a Logback LoggerContext (LogbackMetricsAutoConfiguration.LogbackLoggingCondition)\n      - @ConditionalOnBean (types: io.micrometer.core.instrument.MeterRegistry; SearchStrategy: all) found bean 'simpleMeterRegistry' (OnBeanCondition)\n   LogbackMetricsAutoConfiguration#logbackMetrics matched:\n      - @ConditionalOnMissingBean (types: io.micrometer.core.instrument.binder.logging.LogbackMetrics; SearchStrategy: all) did not find any beans (OnBeanCondition)\n   ManagementContextAutoConfiguration.SameManagementContextConfiguration matched:\n      - Management Port actual port type (SAME) matched required type (OnManagementPortCondition)\n   MetricsAutoConfiguration matched:\n      - @ConditionalOnClass found required class 'io.micrometer.core.annotation.Timed' (OnClassCondition)\n   MetricsAutoConfiguration#micrometerClock matched:\n      - @ConditionalOnMissingBean (types: io.micrometer.core.instrument.Clock; SearchStrategy: all) did not find any beans (OnBeanCondition)\n   MetricsEndpointAutoConfiguration matched:\n      - @ConditionalOnClass found required class 'io.micrometer.core.annotation.Timed' (OnClassCondition)\n      - @ConditionalOnAvailableEndpoint marked as exposed by a 'management.endpoints.web.exposure' property (OnAvailableEndpointCondition)\n   MetricsEndpointAutoConfiguration#metricsEndpoint matched:\n      - @ConditionalOnBean (types: io.micrometer.core.instrument.MeterRegistry; SearchStrategy: all) found bean 'simpleMeterRegistry'; @ConditionalOnMissingBean (types: org.springframework.boot.actuate.metrics.MetricsEndpoint; SearchStrategy: all) did not find any beans (OnBeanCondition)\n   MomentsAutoConfiguration matched:\n      - @ConditionalOnProperty (spring.modulith.moments.enabled=true) matched (OnPropertyCondition)\n   MomentsAutoConfiguration#moments matched:\n      - @ConditionalOnProperty (spring.modulith.moments.enable-time-machine=false) matched (OnPropertyCondition)\n   MultipartAutoConfiguration matched:\n      - @ConditionalOnClass found required classes 'jakarta.servlet.Servlet', 'org.springframework.web.multipart.support.StandardServletMultipartResolver', 'jakarta.servlet.MultipartConfigElement' (OnClassCondition)\n      - found 'session' scope (OnWebApplicationCondition)\n      - @ConditionalOnProperty (spring.servlet.multipart.enabled) matched (OnPropertyCondition)\n   MultipartAutoConfiguration#multipartConfigElement matched:\n      - @ConditionalOnMissingBean (types: jakarta.servlet.MultipartConfigElement; SearchStrategy: all) did not find any beans (OnBeanCondition)\n   MultipartAutoConfiguration#multipartResolver matched:\n      - @ConditionalOnMissingBean (types: org.springframework.web.multipart.MultipartResolver; SearchStrategy: all) did not find any beans (OnBeanCondition)\n   NettyAutoConfiguration matched:\n      - @ConditionalOnClass found required class 'io.netty.util.NettyRuntime' (OnClassCondition)\n   NoOpCacheConfiguration matched:\n      - Cache org.springframework.boot.autoconfigure.cache.NoOpCacheConfiguration automatic cache type (CacheCondition)\n   OAuth2ResourceServerAutoConfiguration matched:\n      - @ConditionalOnClass found required class 'org.springframework.security.oauth2.server.resource.authentication.BearerTokenAuthenticationToken' (OnClassCondition)\n      - found 'session' scope (OnWebApplicationCondition)\n   OAuth2ResourceServerJwtConfiguration.JwtDecoderConfiguration matched:\n      - @ConditionalOnMissingBean (types: org.springframework.security.oauth2.jwt.JwtDecoder; SearchStrategy: all) did not find any beans (OnBeanCondition)\n   OAuth2ResourceServerJwtConfiguration.JwtDecoderConfiguration#jwtDecoderByJwkKeySetUri matched:\n      - @ConditionalOnProperty (spring.security.oauth2.resourceserver.jwt.jwk-set-uri) matched (OnPropertyCondition)\n   OAuth2ResourceServerOpaqueTokenConfiguration.OpaqueTokenIntrospectionClientConfiguration matched:\n      - @ConditionalOnMissingBean (types: org.springframework.security.oauth2.server.resource.introspection.OpaqueTokenIntrospector; SearchStrategy: all) did not find any beans (OnBeanCondition)\n   Oauth2ResourceServerConfiguration.JwtConfiguration matched:\n      - @ConditionalOnClass found required class 'org.springframework.security.oauth2.jwt.JwtDecoder' (OnClassCondition)\n   ObservationAutoConfiguration matched:\n      - @ConditionalOnClass found required class 'io.micrometer.observation.ObservationRegistry' (OnClassCondition)\n   ObservationAutoConfiguration#observationRegistry matched:\n      - @ConditionalOnMissingBean (types: io.micrometer.observation.ObservationRegistry; SearchStrategy: all) did not find any beans (OnBeanCondition)\n   ObservationAutoConfiguration.MeterObservationHandlerConfiguration matched:\n      - @ConditionalOnBean (types: io.micrometer.core.instrument.MeterRegistry; SearchStrategy: all) found bean 'simpleMeterRegistry'; @ConditionalOnMissingBean (types: io.micrometer.core.instrument.observation.MeterObservationHandler; SearchStrategy: all) did not find any beans (OnBeanCondition)\n   ObservationAutoConfiguration.MeterObservationHandlerConfiguration.OnlyMetricsMeterObservationHandlerConfiguration matched:\n      - @ConditionalOnMissingBean (types: io.micrometer.tracing.Tracer; SearchStrategy: all) did not find any beans (OnBeanCondition)\n   ObservationAutoConfiguration.ObservedAspectConfiguration matched:\n      - @ConditionalOnClass found required class 'org.aspectj.weaver.Advice' (OnClassCondition)\n   ObservationAutoConfiguration.ObservedAspectConfiguration#observedAspect matched:\n      - @ConditionalOnMissingBean (types: io.micrometer.observation.aop.ObservedAspect; SearchStrategy: all) did not find any beans (OnBeanCondition)\n   ObservationAutoConfiguration.OnlyMetricsConfiguration matched:\n      - @ConditionalOnClass found required class 'io.micrometer.core.instrument.MeterRegistry'; @ConditionalOnMissingClass did not find unwanted class 'io.micrometer.tracing.Tracer' (OnClassCondition)\n   PersistenceExceptionTranslationAutoConfiguration matched:\n      - @ConditionalOnClass found required class 'org.springframework.dao.annotation.PersistenceExceptionTranslationPostProcessor' (OnClassCondition)\n   PersistenceExceptionTranslationAutoConfiguration#persistenceExceptionTranslationPostProcessor matched:\n      - @ConditionalOnProperty (spring.dao.exceptiontranslation.enabled) matched (OnPropertyCondition)\n      - @ConditionalOnMissingBean (types: org.springframework.dao.annotation.PersistenceExceptionTranslationPostProcessor; SearchStrategy: all) did not find any beans (OnBeanCondition)\n   PropertyPlaceholderAutoConfiguration#propertySourcesPlaceholderConfigurer matched:\n      - @ConditionalOnMissingBean (types: org.springframework.context.support.PropertySourcesPlaceholderConfigurer; SearchStrategy: current) did not find any beans (OnBeanCondition)\n   RepositoryMetricsAutoConfiguration matched:\n      - @ConditionalOnClass found required class 'org.springframework.data.repository.Repository' (OnClassCondition)\n      - @ConditionalOnBean (types: io.micrometer.core.instrument.MeterRegistry; SearchStrategy: all) found bean 'simpleMeterRegistry' (OnBeanCondition)\n   RepositoryMetricsAutoConfiguration#metricsRepositoryMethodInvocationListener matched:\n      - @ConditionalOnMissingBean (types: org.springframework.boot.actuate.metrics.data.MetricsRepositoryMethodInvocationListener; SearchStrategy: all) did not find any beans (OnBeanCondition)\n   RepositoryMetricsAutoConfiguration#repositoryTagsProvider matched:\n      - @ConditionalOnMissingBean (types: org.springframework.boot.actuate.metrics.data.RepositoryTagsProvider; SearchStrategy: all) did not find any beans (OnBeanCondition)\n   RestClientAutoConfiguration matched:\n      - @ConditionalOnClass found required class 'org.springframework.web.client.RestClient' (OnClassCondition)\n      - NoneNestedConditions 0 matched 1 did not; NestedCondition on NotReactiveWebApplicationCondition.ReactiveWebApplication did not find reactive web application classes (NotReactiveWebApplicationCondition)\n   RestClientAutoConfiguration#httpMessageConvertersRestClientCustomizer matched:\n      - @ConditionalOnMissingBean (types: org.springframework.boot.autoconfigure.web.client.HttpMessageConvertersRestClientCustomizer; SearchStrategy: all) did not find any beans (OnBeanCondition)\n   RestClientAutoConfiguration#restClientBuilder matched:\n      - @ConditionalOnMissingBean (types: org.springframework.web.client.RestClient$Builder; SearchStrategy: all) did not find any beans (OnBeanCondition)\n   RestClientAutoConfiguration#restClientBuilderConfigurer matched:\n      - @ConditionalOnMissingBean (types: org.springframework.boot.autoconfigure.web.client.RestClientBuilderConfigurer; SearchStrategy: all) did not find any beans (OnBeanCondition)\n   RestClientAutoConfiguration#restClientSsl matched:\n      - @ConditionalOnBean (types: org.springframework.boot.ssl.SslBundles; SearchStrategy: all) found bean 'sslBundleRegistry'; @ConditionalOnMissingBean (types: org.springframework.boot.autoconfigure.web.client.RestClientSsl; SearchStrategy: all) did not find any beans (OnBeanCondition)\n   RestClientObservationConfiguration matched:\n      - @ConditionalOnClass found required class 'org.springframework.web.client.RestClient' (OnClassCondition)\n      - @ConditionalOnBean (types: org.springframework.web.client.RestClient$Builder; SearchStrategy: all) found bean 'restClientBuilder' (OnBeanCondition)\n   RestTemplateAutoConfiguration matched:\n      - @ConditionalOnClass found required class 'org.springframework.web.client.RestTemplate' (OnClassCondition)\n      - NoneNestedConditions 0 matched 1 did not; NestedCondition on NotReactiveWebApplicationCondition.ReactiveWebApplication did not find reactive web application classes (NotReactiveWebApplicationCondition)\n   RestTemplateAutoConfiguration#restTemplateBuilder matched:\n      - @ConditionalOnMissingBean (types: org.springframework.boot.web.client.RestTemplateBuilder; SearchStrategy: all) did not find any beans (OnBeanCondition)\n   RestTemplateObservationConfiguration matched:\n      - @ConditionalOnClass found required class 'org.springframework.web.client.RestTemplate' (OnClassCondition)\n      - @ConditionalOnBean (types: org.springframework.boot.web.client.RestTemplateBuilder; SearchStrategy: all) found bean 'restTemplateBuilder' (OnBeanCondition)\n   ScheduledTasksObservabilityAutoConfiguration matched:\n      - @ConditionalOnClass found required class 'org.springframework.scheduling.concurrent.ThreadPoolTaskScheduler' (OnClassCondition)\n      - @ConditionalOnBean (types: io.micrometer.observation.ObservationRegistry; SearchStrategy: all) found bean 'observationRegistry' (OnBeanCondition)\n   SecurityAutoConfiguration matched:\n      - @ConditionalOnClass found required class 'org.springframework.security.authentication.DefaultAuthenticationEventPublisher' (OnClassCondition)\n   SecurityAutoConfiguration#authenticationEventPublisher matched:\n      - @ConditionalOnMissingBean (types: org.springframework.security.authentication.AuthenticationEventPublisher; SearchStrategy: all) did not find any beans (OnBeanCondition)\n   SecurityFilterAutoConfiguration matched:\n      - @ConditionalOnClass found required classes 'org.springframework.security.web.context.AbstractSecurityWebApplicationInitializer', 'org.springframework.security.config.http.SessionCreationPolicy' (OnClassCondition)\n      - found 'session' scope (OnWebApplicationCondition)\n   SecurityFilterAutoConfiguration#securityFilterChainRegistration matched:\n      - @ConditionalOnBean (names: springSecurityFilterChain; SearchStrategy: all) found bean 'springSecurityFilterChain' (OnBeanCondition)\n   SecurityRequestMatchersManagementContextConfiguration matched:\n      - @ConditionalOnClass found required class 'org.springframework.security.web.util.matcher.RequestMatcher' (OnClassCondition)\n      - found 'session' scope (OnWebApplicationCondition)\n   SecurityRequestMatchersManagementContextConfiguration.MvcRequestMatcherConfiguration matched:\n      - @ConditionalOnClass found required class 'org.springframework.web.servlet.DispatcherServlet' (OnClassCondition)\n      - @ConditionalOnBean (types: org.springframework.boot.autoconfigure.web.servlet.DispatcherServletPath; SearchStrategy: all) found bean 'dispatcherServletRegistration' (OnBeanCondition)\n   SecurityRequestMatchersManagementContextConfiguration.MvcRequestMatcherConfiguration#requestMatcherProvider matched:\n      - @ConditionalOnClass found required class 'org.springframework.web.servlet.DispatcherServlet' (OnClassCondition)\n      - @ConditionalOnMissingBean (types: org.springframework.boot.autoconfigure.security.servlet.RequestMatcherProvider; SearchStrategy: all) did not find any beans (OnBeanCondition)\n   ServletEndpointManagementContextConfiguration matched:\n      - found 'session' scope (OnWebApplicationCondition)\n   ServletEndpointManagementContextConfiguration.WebMvcServletEndpointManagementContextConfiguration matched:\n      - @ConditionalOnClass found required class 'org.springframework.web.servlet.DispatcherServlet' (OnClassCondition)\n   ServletManagementContextAutoConfiguration matched:\n      - @ConditionalOnClass found required class 'jakarta.servlet.Servlet' (OnClassCondition)\n      - found 'session' scope (OnWebApplicationCondition)\n   ServletWebServerFactoryAutoConfiguration matched:\n      - @ConditionalOnClass found required class 'jakarta.servlet.ServletRequest' (OnClassCondition)\n      - found 'session' scope (OnWebApplicationCondition)\n   ServletWebServerFactoryAutoConfiguration#tomcatServletWebServerFactoryCustomizer matched:\n      - @ConditionalOnClass found required class 'org.apache.catalina.startup.Tomcat' (OnClassCondition)\n   ServletWebServerFactoryConfiguration.EmbeddedTomcat matched:\n      - @ConditionalOnClass found required classes 'jakarta.servlet.Servlet', 'org.apache.catalina.startup.Tomcat', 'org.apache.coyote.UpgradeProtocol' (OnClassCondition)\n      - @ConditionalOnMissingBean (types: org.springframework.boot.web.servlet.server.ServletWebServerFactory; SearchStrategy: current) did not find any beans (OnBeanCondition)\n   SimpleCacheConfiguration matched:\n      - Cache org.springframework.boot.autoconfigure.cache.SimpleCacheConfiguration automatic cache type (CacheCondition)\n   SimpleMetricsExportAutoConfiguration matched:\n      - @ConditionalOnEnabledMetricsExport management.simple.metrics.export.enabled is true (OnMetricsExportEnabledCondition)\n      - @ConditionalOnBean (types: io.micrometer.core.instrument.Clock; SearchStrategy: all) found bean 'micrometerClock'; @ConditionalOnMissingBean (types: io.micrometer.core.instrument.MeterRegistry; SearchStrategy: all) did not find any beans (OnBeanCondition)\n   SimpleMetricsExportAutoConfiguration#simpleConfig matched:\n      - @ConditionalOnMissingBean (types: io.micrometer.core.instrument.simple.SimpleConfig; SearchStrategy: all) did not find any beans (OnBeanCondition)\n   SpringBootWebSecurityConfiguration matched:\n      - found 'session' scope (OnWebApplicationCondition)\n   SpringDataWebAutoConfiguration matched:\n      - @ConditionalOnClass found required classes 'org.springframework.data.web.PageableHandlerMethodArgumentResolver', 'org.springframework.web.servlet.config.annotation.WebMvcConfigurer' (OnClassCondition)\n      - found 'session' scope (OnWebApplicationCondition)\n      - @ConditionalOnMissingBean (types: org.springframework.data.web.PageableHandlerMethodArgumentResolver; SearchStrategy: all) did not find any beans (OnBeanCondition)\n   SpringDataWebAutoConfiguration#pageableCustomizer matched:\n      - @ConditionalOnMissingBean (types: org.springframework.data.web.config.PageableHandlerMethodArgumentResolverCustomizer; SearchStrategy: all) did not find any beans (OnBeanCondition)\n   SpringDataWebAutoConfiguration#sortCustomizer matched:\n      - @ConditionalOnMissingBean (types: org.springframework.data.web.config.SortHandlerMethodArgumentResolverCustomizer; SearchStrategy: all) did not find any beans (OnBeanCondition)\n   SpringDataWebAutoConfiguration#springDataWebSettings matched:\n      - @ConditionalOnMissingBean (types: org.springframework.data.web.config.SpringDataWebSettings; SearchStrategy: all) did not find any beans (OnBeanCondition)\n   SpringDocConfigProperties matched:\n      - @ConditionalOnProperty (springdoc.api-docs.enabled) matched (OnPropertyCondition)\n      - @ConditionalOnBean (types: org.springdoc.core.configuration.SpringDocConfiguration; SearchStrategy: all) found bean 'org.springdoc.core.configuration.SpringDocConfiguration' (OnBeanCondition)\n   SpringDocConfiguration matched:\n      - @ConditionalOnWebApplication (required) found 'session' scope (OnWebApplicationCondition)\n      - @ConditionalOnProperty (springdoc.api-docs.enabled) matched (OnPropertyCondition)\n   SpringDocConfiguration#fileSupportConverter matched:\n      - @ConditionalOnMissingBean (types: org.springdoc.core.converters.FileSupportConverter; SearchStrategy: all) did not find any beans (OnBeanCondition)\n   SpringDocConfiguration#globalOpenApiCustomizer matched:\n      - @ConditionalOnMissingBean (names: globalOpenApiCustomizer; SearchStrategy: all) did not find any beans (OnBeanCondition)\n   SpringDocConfiguration#initExtraSchemas matched:\n      - @ConditionalOnProperty (springdoc.enable-extra-schemas) matched (OnPropertyCondition)\n   SpringDocConfiguration#openAPIBuilder matched:\n      - @ConditionalOnMissingBean (types: org.springdoc.core.service.OpenAPIService; SearchStrategy: all) did not find any beans (OnBeanCondition)\n   SpringDocConfiguration#operationBuilder matched:\n      - @ConditionalOnMissingBean (types: org.springdoc.core.service.OperationService; SearchStrategy: all) did not find any beans (OnBeanCondition)\n   SpringDocConfiguration#parameterBuilder matched:\n      - @ConditionalOnMissingBean (types: org.springdoc.core.service.GenericParameterService; SearchStrategy: all) did not find any beans (OnBeanCondition)\n   SpringDocConfiguration#parameterObjectNamingStrategyCustomizer matched:\n      - @ConditionalOnMissingBean (types: org.springdoc.core.customizers.ParameterObjectNamingStrategyCustomizer; SearchStrategy: all) did not find any beans (OnBeanCondition)\n   SpringDocConfiguration#polymorphicModelConverter matched:\n      - @ConditionalOnProperty (springdoc.model-converters.polymorphic-converter.enabled) matched (OnPropertyCondition)\n      - @ConditionalOnMissingBean (types: org.springdoc.core.converters.PolymorphicModelConverter; SearchStrategy: all) did not find any beans (OnBeanCondition)\n   SpringDocConfiguration#requestBodyBuilder matched:\n      - @ConditionalOnMissingBean (types: org.springdoc.core.service.RequestBodyService; SearchStrategy: all) did not find any beans (OnBeanCondition)\n   SpringDocConfiguration#responseSupportConverter matched:\n      - @ConditionalOnMissingBean (types: org.springdoc.core.converters.ResponseSupportConverter; SearchStrategy: all) did not find any beans (OnBeanCondition)\n   SpringDocConfiguration#schemaPropertyDeprecatingConverter matched:\n      - @ConditionalOnProperty (springdoc.model-converters.deprecating-converter.enabled) matched (OnPropertyCondition)\n      - @ConditionalOnMissingBean (types: org.springdoc.core.converters.SchemaPropertyDeprecatingConverter; SearchStrategy: all) did not find any beans (OnBeanCondition)\n   SpringDocConfiguration#securityParser matched:\n      - @ConditionalOnMissingBean (types: org.springdoc.core.service.SecurityService; SearchStrategy: all) did not find any beans (OnBeanCondition)\n   SpringDocConfiguration#springDocCustomizers matched:\n      - @ConditionalOnMissingBean (types: org.springdoc.core.customizers.SpringDocCustomizers; SearchStrategy: all) did not find any beans (OnBeanCondition)\n   SpringDocConfiguration#springDocProviders matched:\n      - @ConditionalOnMissingBean (types: org.springdoc.core.providers.SpringDocProviders; SearchStrategy: all) did not find any beans (OnBeanCondition)\n   SpringDocConfiguration#springdocObjectMapperProvider matched:\n      - @ConditionalOnMissingBean (types: org.springdoc.core.providers.ObjectMapperProvider; SearchStrategy: all) did not find any beans (OnBeanCondition)\n   SpringDocConfiguration.QuerydslProvider matched:\n      - @ConditionalOnClass found required class 'org.springframework.data.querydsl.binding.QuerydslBindingsFactory' (OnClassCondition)\n   SpringDocConfiguration.QuerydslProvider#queryDslQuerydslPredicateOperationCustomizer matched:\n      - @ConditionalOnMissingBean (types: org.springdoc.core.customizers.QuerydslPredicateOperationCustomizer; SearchStrategy: all) did not find any beans (OnBeanCondition)\n   SpringDocConfiguration.SpringDocSpringDataWebPropertiesProvider matched:\n      - @ConditionalOnClass found required class 'org.springframework.boot.autoconfigure.data.web.SpringDataWebProperties' (OnClassCondition)\n   SpringDocConfiguration.SpringDocSpringDataWebPropertiesProvider#springDataWebPropertiesProvider matched:\n      - @ConditionalOnMissingBean (types: org.springdoc.core.providers.SpringDataWebPropertiesProvider; SearchStrategy: all) did not find any beans (OnBeanCondition)\n   SpringDocConfiguration.WebConversionServiceConfiguration matched:\n      - @ConditionalOnClass found required class 'org.springframework.boot.autoconfigure.web.format.WebConversionService' (OnClassCondition)\n   SpringDocPageableConfiguration matched:\n      - @ConditionalOnClass found required class 'org.springframework.data.domain.Pageable' (OnClassCondition)\n      - @ConditionalOnWebApplication (required) found 'session' scope (OnWebApplicationCondition)\n      - @ConditionalOnProperty (springdoc.api-docs.enabled) matched (OnPropertyCondition)\n      - @ConditionalOnBean (types: org.springdoc.core.configuration.SpringDocConfiguration; SearchStrategy: all) found bean 'org.springdoc.core.configuration.SpringDocConfiguration' (OnBeanCondition)\n   SpringDocPageableConfiguration#dataRestDelegatingMethodParameterCustomizer matched:\n      - @ConditionalOnMissingBean (types: org.springdoc.core.customizers.DataRestDelegatingMethodParameterCustomizer; SearchStrategy: all) did not find any beans (OnBeanCondition)\n   SpringDocPageableConfiguration#pageOpenAPIConverter matched:\n      - @ConditionalOnClass found required classes 'org.springframework.data.web.PagedModel', 'org.springframework.data.web.config.SpringDataWebSettings' (OnClassCondition)\n      - @ConditionalOnMissingBean (types: org.springdoc.core.converters.PageOpenAPIConverter; SearchStrategy: all) did not find any beans (OnBeanCondition)\n   SpringDocPageableConfiguration#pageableOpenAPIConverter matched:\n      - @ConditionalOnProperty (springdoc.model-converters.pageable-converter.enabled) matched (OnPropertyCondition)\n      - @ConditionalOnMissingBean (types: org.springdoc.core.converters.PageableOpenAPIConverter; SearchStrategy: all) did not find any beans (OnBeanCondition)\n   SpringDocSecurityConfiguration matched:\n      - @ConditionalOnClass found required class 'org.springframework.security.web.SecurityFilterChain' (OnClassCondition)\n      - @ConditionalOnWebApplication (required) found 'session' scope (OnWebApplicationCondition)\n      - @ConditionalOnExpression (#{${springdoc.api-docs.enabled:true} and ${springdoc.enable-spring-security:true}}) resulted in true (OnExpressionCondition)\n      - @ConditionalOnBean (types: org.springdoc.core.configuration.SpringDocConfiguration; SearchStrategy: all) found bean 'org.springdoc.core.configuration.SpringDocConfiguration' (OnBeanCondition)\n   SpringDocSecurityConfiguration.SpringSecurityLoginEndpointConfiguration matched:\n      - @ConditionalOnClass found required class 'jakarta.servlet.Filter' (OnClassCondition)\n   SpringDocSortConfiguration matched:\n      - @ConditionalOnClass found required class 'org.springframework.data.domain.Sort' (OnClassCondition)\n      - @ConditionalOnWebApplication (required) found 'session' scope (OnWebApplicationCondition)\n      - @ConditionalOnProperty (springdoc.api-docs.enabled) matched (OnPropertyCondition)\n      - @ConditionalOnBean (types: org.springdoc.core.configuration.SpringDocConfiguration; SearchStrategy: all) found bean 'org.springdoc.core.configuration.SpringDocConfiguration' (OnBeanCondition)\n   SpringDocSortConfiguration#sortOpenAPIConverter matched:\n      - @ConditionalOnProperty (springdoc.sort-converter.enabled) matched (OnPropertyCondition)\n      - @ConditionalOnMissingBean (types: org.springdoc.core.converters.SortOpenAPIConverter; SearchStrategy: all) did not find any beans (OnBeanCondition)\n   SpringDocWebMvcConfiguration matched:\n      - found 'session' scope (OnWebApplicationCondition)\n      - @ConditionalOnProperty (springdoc.api-docs.enabled) matched (OnPropertyCondition)\n      - @ConditionalOnBean (types: org.springdoc.core.configuration.SpringDocConfiguration; SearchStrategy: all) found bean 'org.springdoc.core.configuration.SpringDocConfiguration' (OnBeanCondition)\n   SpringDocWebMvcConfiguration#openApiResource matched:\n      - @ConditionalOnExpression (#{(${springdoc.use-management-port:false} == false ) and ${springdoc.enable-default-api-docs:true}}) resulted in true (OnExpressionCondition)\n      - @ConditionalOnMissingBean (types: org.springdoc.webmvc.api.OpenApiWebMvcResource; SearchStrategy: all) did not find any beans (OnBeanCondition)\n   SpringDocWebMvcConfiguration#requestBuilder matched:\n      - @ConditionalOnMissingBean (types: org.springdoc.webmvc.core.service.RequestService; SearchStrategy: all) did not find any beans (OnBeanCondition)\n   SpringDocWebMvcConfiguration#responseBuilder matched:\n      - @ConditionalOnMissingBean (types: org.springdoc.core.service.GenericResponseService; SearchStrategy: all) did not find any beans (OnBeanCondition)\n   SpringDocWebMvcConfiguration#springWebProvider matched:\n      - @ConditionalOnMissingBean (types: org.springdoc.core.providers.SpringWebProvider; SearchStrategy: all) did not find any beans (OnBeanCondition)\n   SpringDocWebMvcConfiguration.SpringDocWebMvcActuatorConfiguration matched:\n      - @ConditionalOnClass found required class 'org.springframework.boot.actuate.endpoint.web.servlet.WebMvcEndpointHandlerMapping' (OnClassCondition)\n   SpringDocWebMvcConfiguration.SpringDocWebMvcRouterConfiguration matched:\n      - @ConditionalOnClass found required class 'org.springframework.web.servlet.function.RouterFunction' (OnClassCondition)\n   SpringDocWebMvcConfiguration.SpringDocWebMvcRouterConfiguration#routerFunctionProvider matched:\n      - @ConditionalOnMissingBean (types: org.springdoc.webmvc.core.providers.RouterFunctionWebMvcProvider; SearchStrategy: all) did not find any beans (OnBeanCondition)\n   SqlInitializationAutoConfiguration matched:\n      - @ConditionalOnProperty (spring.sql.init.enabled) matched (OnPropertyCondition)\n      - NoneNestedConditions 0 matched 1 did not; NestedCondition on SqlInitializationAutoConfiguration.SqlInitializationModeCondition.ModeIsNever @ConditionalOnProperty (spring.sql.init.mode=never) did not find property 'mode' (SqlInitializationAutoConfiguration.SqlInitializationModeCondition)\n   SslAutoConfiguration#sslBundleRegistry matched:\n      - @ConditionalOnMissingBean (types: org.springframework.boot.ssl.SslBundleRegistry,org.springframework.boot.ssl.SslBundles; SearchStrategy: all) did not find any beans (OnBeanCondition)\n   SslHealthContributorAutoConfiguration matched:\n      - @ConditionalOnEnabledHealthIndicator management.health.defaults.enabled is considered true (OnEnabledHealthIndicatorCondition)\n   SslHealthContributorAutoConfiguration#sslHealthIndicator matched:\n      - @ConditionalOnMissingBean (names: sslHealthIndicator; SearchStrategy: all) did not find any beans (OnBeanCondition)\n   SslHealthContributorAutoConfiguration#sslInfo matched:\n      - @ConditionalOnMissingBean (types: org.springframework.boot.info.SslInfo; SearchStrategy: all) did not find any beans (OnBeanCondition)\n   StartupTimeMetricsListenerAutoConfiguration matched:\n      - @ConditionalOnClass found required class 'io.micrometer.core.instrument.MeterRegistry' (OnClassCondition)\n      - @ConditionalOnBean (types: io.micrometer.core.instrument.MeterRegistry; SearchStrategy: all) found bean 'simpleMeterRegistry' (OnBeanCondition)\n   StartupTimeMetricsListenerAutoConfiguration#startupTimeMetrics matched:\n      - @ConditionalOnMissingBean (types: org.springframework.boot.actuate.metrics.startup.StartupTimeMetricsListener; SearchStrategy: all) did not find any beans (OnBeanCondition)\n   SwaggerConfig matched:\n      - found 'session' scope (OnWebApplicationCondition)\n      - @ConditionalOnProperty (springdoc.swagger-ui.enabled) matched (OnPropertyCondition)\n      - @ConditionalOnBean (types: org.springdoc.core.configuration.SpringDocConfiguration; SearchStrategy: all) found bean 'org.springdoc.core.configuration.SpringDocConfiguration' (OnBeanCondition)\n   SwaggerConfig#indexPageTransformer matched:\n      - @ConditionalOnMissingBean (types: org.springdoc.webmvc.ui.SwaggerIndexTransformer; SearchStrategy: all) did not find any beans (OnBeanCondition)\n   SwaggerConfig#swaggerConfigResource matched:\n      - @ConditionalOnProperty (springdoc.use-management-port=false) matched (OnPropertyCondition)\n      - @ConditionalOnMissingBean (types: org.springdoc.webmvc.ui.SwaggerConfigResource; SearchStrategy: all) did not find any beans (OnBeanCondition)\n   SwaggerConfig#swaggerResourceResolver matched:\n      - @ConditionalOnMissingBean (types: org.springdoc.webmvc.ui.SwaggerResourceResolver; SearchStrategy: all) did not find any beans (OnBeanCondition)\n   SwaggerConfig#swaggerWebMvcConfigurer matched:\n      - @ConditionalOnMissingBean (types: org.springdoc.webmvc.ui.SwaggerWebMvcConfigurer; SearchStrategy: all) did not find any beans (OnBeanCondition)\n   SwaggerConfig#swaggerWelcome matched:\n      - @ConditionalOnProperty (springdoc.use-management-port=false) matched (OnPropertyCondition)\n      - @ConditionalOnMissingBean (types: org.springdoc.webmvc.ui.SwaggerWelcomeWebMvc; SearchStrategy: all) did not find any beans (OnBeanCondition)\n   SwaggerUiConfigProperties matched:\n      - @ConditionalOnProperty (springdoc.swagger-ui.enabled) matched (OnPropertyCondition)\n      - @ConditionalOnBean (types: org.springdoc.core.configuration.SpringDocConfiguration; SearchStrategy: all) found bean 'org.springdoc.core.configuration.SpringDocConfiguration' (OnBeanCondition)\n   SwaggerUiOAuthProperties matched:\n      - @ConditionalOnProperty (springdoc.swagger-ui.enabled) matched (OnPropertyCondition)\n      - @ConditionalOnBean (types: org.springdoc.core.configuration.SpringDocConfiguration; SearchStrategy: all) found bean 'org.springdoc.core.configuration.SpringDocConfiguration' (OnBeanCondition)\n   SystemMetricsAutoConfiguration matched:\n      - @ConditionalOnClass found required class 'io.micrometer.core.instrument.MeterRegistry' (OnClassCondition)\n      - @ConditionalOnBean (types: io.micrometer.core.instrument.MeterRegistry; SearchStrategy: all) found bean 'simpleMeterRegistry' (OnBeanCondition)\n   SystemMetricsAutoConfiguration#diskSpaceMetrics matched:\n      - @ConditionalOnMissingBean (types: org.springframework.boot.actuate.metrics.system.DiskSpaceMetricsBinder; SearchStrategy: all) did not find any beans (OnBeanCondition)\n   SystemMetricsAutoConfiguration#fileDescriptorMetrics matched:\n      - @ConditionalOnMissingBean (types: io.micrometer.core.instrument.binder.system.FileDescriptorMetrics; SearchStrategy: all) did not find any beans (OnBeanCondition)\n   SystemMetricsAutoConfiguration#processorMetrics matched:\n      - @ConditionalOnMissingBean (types: io.micrometer.core.instrument.binder.system.ProcessorMetrics; SearchStrategy: all) did not find any beans (OnBeanCondition)\n   SystemMetricsAutoConfiguration#uptimeMetrics matched:\n      - @ConditionalOnMissingBean (types: io.micrometer.core.instrument.binder.system.UptimeMetrics; SearchStrategy: all) did not find any beans (OnBeanCondition)\n   TaskExecutionAutoConfiguration matched:\n      - @ConditionalOnClass found required class 'org.springframework.scheduling.concurrent.ThreadPoolTaskExecutor' (OnClassCondition)\n   TaskExecutorConfigurations.SimpleAsyncTaskExecutorBuilderConfiguration#simpleAsyncTaskExecutorBuilder matched:\n      - @ConditionalOnMissingBean (types: org.springframework.boot.task.SimpleAsyncTaskExecutorBuilder; SearchStrategy: all) did not find any beans (OnBeanCondition)\n      - @ConditionalOnThreading found PLATFORM (OnThreadingCondition)\n   TaskExecutorConfigurations.TaskExecutorConfiguration matched:\n      - @ConditionalOnMissingBean (types: java.util.concurrent.Executor; SearchStrategy: all) did not find any beans (OnBeanCondition)\n   TaskExecutorConfigurations.TaskExecutorConfiguration#applicationTaskExecutor matched:\n      - @ConditionalOnThreading found PLATFORM (OnThreadingCondition)\n   TaskExecutorConfigurations.ThreadPoolTaskExecutorBuilderConfiguration#threadPoolTaskExecutorBuilder matched:\n      - @ConditionalOnMissingBean (types: org.springframework.boot.task.ThreadPoolTaskExecutorBuilder; SearchStrategy: all) did not find any beans (OnBeanCondition)\n   TaskExecutorMetricsAutoConfiguration matched:\n      - @ConditionalOnClass found required class 'io.micrometer.core.instrument.binder.jvm.ExecutorServiceMetrics' (OnClassCondition)\n      - @ConditionalOnBean (types: java.util.concurrent.Executor,io.micrometer.core.instrument.MeterRegistry; SearchStrategy: all) found beans 'applicationTaskExecutor', 'simpleMeterRegistry', 'taskScheduler' (OnBeanCondition)\n   TaskSchedulingAutoConfiguration matched:\n      - @ConditionalOnClass found required class 'org.springframework.scheduling.concurrent.ThreadPoolTaskScheduler' (OnClassCondition)\n   TaskSchedulingAutoConfiguration#scheduledBeanLazyInitializationExcludeFilter matched:\n      - @ConditionalOnBean (names: org.springframework.context.annotation.internalScheduledAnnotationProcessor; SearchStrategy: all) found bean 'org.springframework.context.annotation.internalScheduledAnnotationProcessor' (OnBeanCondition)\n   TaskSchedulingConfigurations.SimpleAsyncTaskSchedulerBuilderConfiguration#simpleAsyncTaskSchedulerBuilder matched:\n      - @ConditionalOnMissingBean (types: org.springframework.boot.task.SimpleAsyncTaskSchedulerBuilder; SearchStrategy: all) did not find any beans (OnBeanCondition)\n      - @ConditionalOnThreading found PLATFORM (OnThreadingCondition)\n   TaskSchedulingConfigurations.TaskSchedulerConfiguration matched:\n      - @ConditionalOnBean (names: org.springframework.context.annotation.internalScheduledAnnotationProcessor; SearchStrategy: all) found bean 'org.springframework.context.annotation.internalScheduledAnnotationProcessor'; @ConditionalOnMissingBean (types: org.springframework.scheduling.TaskScheduler,java.util.concurrent.ScheduledExecutorService; SearchStrategy: all) did not find any beans (OnBeanCondition)\n   TaskSchedulingConfigurations.TaskSchedulerConfiguration#taskScheduler matched:\n      - @ConditionalOnThreading found PLATFORM (OnThreadingCondition)\n   TaskSchedulingConfigurations.ThreadPoolTaskSchedulerBuilderConfiguration#threadPoolTaskSchedulerBuilder matched:\n      - @ConditionalOnMissingBean (types: org.springframework.boot.task.ThreadPoolTaskSchedulerBuilder; SearchStrategy: all) did not find any beans (OnBeanCondition)\n   TomcatMetricsAutoConfiguration matched:\n      - @ConditionalOnClass found required classes 'io.micrometer.core.instrument.binder.tomcat.TomcatMetrics', 'org.apache.catalina.Manager' (OnClassCondition)\n      - @ConditionalOnWebApplication (required) found 'session' scope (OnWebApplicationCondition)\n   TomcatMetricsAutoConfiguration#tomcatMetricsBinder matched:\n      - @ConditionalOnBean (types: io.micrometer.core.instrument.MeterRegistry; SearchStrategy: all) found bean 'simpleMeterRegistry'; @ConditionalOnMissingBean (types: io.micrometer.core.instrument.binder.tomcat.TomcatMetrics,org.springframework.boot.actuate.metrics.web.tomcat.TomcatMetricsBinder; SearchStrategy: all) did not find any beans (OnBeanCondition)\n   TransactionAutoConfiguration matched:\n      - @ConditionalOnClass found required class 'org.springframework.transaction.PlatformTransactionManager' (OnClassCondition)\n   TransactionManagerCustomizationAutoConfiguration matched:\n      - @ConditionalOnClass found required class 'org.springframework.transaction.PlatformTransactionManager' (OnClassCondition)\n   TransactionManagerCustomizationAutoConfiguration#platformTransactionManagerCustomizers matched:\n      - @ConditionalOnMissingBean (types: org.springframework.boot.autoconfigure.transaction.TransactionManagerCustomizers; SearchStrategy: all) did not find any beans (OnBeanCondition)\n   UserController matched:\n      - @ConditionalOnProperty (tms.user.controllers.enabled=true) matched (OnPropertyCondition)\n   UserService matched:\n      - @ConditionalOnProperty (tms.user.services.enabled=true) matched (OnPropertyCondition)\n   ValidationAutoConfiguration matched:\n      - @ConditionalOnClass found required class 'jakarta.validation.executable.ExecutableValidator' (OnClassCondition)\n      - @ConditionalOnResource found location classpath:META-INF/services/jakarta.validation.spi.ValidationProvider (OnResourceCondition)\n   ValidationAutoConfiguration#defaultValidator matched:\n      - @ConditionalOnMissingBean (types: jakarta.validation.Validator; SearchStrategy: all) did not find any beans (OnBeanCondition)\n   ValidationAutoConfiguration#methodValidationPostProcessor matched:\n      - @ConditionalOnMissingBean (types: org.springframework.validation.beanvalidation.MethodValidationPostProcessor; SearchStrategy: current) did not find any beans (OnBeanCondition)\n   WebEndpointAutoConfiguration matched:\n      - @ConditionalOnWebApplication (required) found 'session' scope (OnWebApplicationCondition)\n   WebEndpointAutoConfiguration#controllerEndpointDiscoverer matched:\n      - @ConditionalOnMissingBean (types: org.springframework.boot.actuate.endpoint.web.annotation.ControllerEndpointsSupplier; SearchStrategy: all) did not find any beans (OnBeanCondition)\n   WebEndpointAutoConfiguration#endpointMediaTypes matched:\n      - @ConditionalOnMissingBean (types: org.springframework.boot.actuate.endpoint.web.EndpointMediaTypes; SearchStrategy: all) did not find any beans (OnBeanCondition)\n   WebEndpointAutoConfiguration#pathMappedEndpoints matched:\n      - @ConditionalOnMissingBean (types: org.springframework.boot.actuate.endpoint.web.PathMappedEndpoints; SearchStrategy: all) did not find any beans (OnBeanCondition)\n   WebEndpointAutoConfiguration#webEndpointDiscoverer matched:\n      - @ConditionalOnMissingBean (types: org.springframework.boot.actuate.endpoint.web.WebEndpointsSupplier; SearchStrategy: all) did not find any beans (OnBeanCondition)\n   WebEndpointAutoConfiguration.WebEndpointServletConfiguration matched:\n      - found 'session' scope (OnWebApplicationCondition)\n   WebEndpointAutoConfiguration.WebEndpointServletConfiguration#servletEndpointDiscoverer matched:\n      - @ConditionalOnMissingBean (types: org.springframework.boot.actuate.endpoint.web.annotation.ServletEndpointsSupplier; SearchStrategy: all) did not find any beans (OnBeanCondition)\n   WebMvcAutoConfiguration matched:\n      - @ConditionalOnClass found required classes 'jakarta.servlet.Servlet', 'org.springframework.web.servlet.DispatcherServlet', 'org.springframework.web.servlet.config.annotation.WebMvcConfigurer' (OnClassCondition)\n      - found 'session' scope (OnWebApplicationCondition)\n      - @ConditionalOnMissingBean (types: org.springframework.web.servlet.config.annotation.WebMvcConfigurationSupport; SearchStrategy: all) did not find any beans (OnBeanCondition)\n   WebMvcAutoConfiguration#formContentFilter matched:\n      - @ConditionalOnProperty (spring.mvc.formcontent.filter.enabled) matched (OnPropertyCondition)\n      - @ConditionalOnMissingBean (types: org.springframework.web.filter.FormContentFilter; SearchStrategy: all) did not find any beans (OnBeanCondition)\n   WebMvcAutoConfiguration.EnableWebMvcConfiguration#flashMapManager matched:\n      - @ConditionalOnMissingBean (names: flashMapManager; SearchStrategy: all) did not find any beans (OnBeanCondition)\n   WebMvcAutoConfiguration.EnableWebMvcConfiguration#localeResolver matched:\n      - @ConditionalOnMissingBean (names: localeResolver; SearchStrategy: all) did not find any beans (OnBeanCondition)\n   WebMvcAutoConfiguration.EnableWebMvcConfiguration#themeResolver matched:\n      - @ConditionalOnMissingBean (names: themeResolver; SearchStrategy: all) did not find any beans (OnBeanCondition)\n   WebMvcAutoConfiguration.EnableWebMvcConfiguration#viewNameTranslator matched:\n      - @ConditionalOnMissingBean (names: viewNameTranslator; SearchStrategy: all) did not find any beans (OnBeanCondition)\n   WebMvcAutoConfiguration.ResourceChainCustomizerConfiguration matched:\n      - @ConditionalOnEnabledResourceChain found class org.webjars.WebJarVersionLocator (OnEnabledResourceChainCondition)\n   WebMvcAutoConfiguration.WebMvcAutoConfigurationAdapter#defaultViewResolver matched:\n      - @ConditionalOnMissingBean (types: org.springframework.web.servlet.view.InternalResourceViewResolver; SearchStrategy: all) did not find any beans (OnBeanCondition)\n   WebMvcAutoConfiguration.WebMvcAutoConfigurationAdapter#requestContextFilter matched:\n      - @ConditionalOnMissingBean (types: org.springframework.web.context.request.RequestContextListener,org.springframework.web.filter.RequestContextFilter; SearchStrategy: all) did not find any beans (OnBeanCondition)\n   WebMvcAutoConfiguration.WebMvcAutoConfigurationAdapter#viewResolver matched:\n      - @ConditionalOnBean (types: org.springframework.web.servlet.ViewResolver; SearchStrategy: all) found beans 'defaultViewResolver', 'beanNameViewResolver', 'mvcViewResolver'; @ConditionalOnMissingBean (names: viewResolver types: org.springframework.web.servlet.view.ContentNegotiatingViewResolver; SearchStrategy: all) did not find any beans (OnBeanCondition)\n   WebMvcEndpointManagementContextConfiguration matched:\n      - @ConditionalOnClass found required class 'org.springframework.web.servlet.DispatcherServlet' (OnClassCondition)\n      - found 'session' scope (OnWebApplicationCondition)\n      - @ConditionalOnBean (types: org.springframework.web.servlet.DispatcherServlet,org.springframework.boot.actuate.endpoint.web.WebEndpointsSupplier; SearchStrategy: all) found beans 'webEndpointDiscoverer', 'dispatcherServlet' (OnBeanCondition)\n   WebMvcEndpointManagementContextConfiguration#controllerEndpointHandlerMapping matched:\n      - @ConditionalOnMissingBean (types: org.springframework.boot.actuate.endpoint.web.servlet.ControllerEndpointHandlerMapping; SearchStrategy: all) did not find any beans (OnBeanCondition)\n   WebMvcEndpointManagementContextConfiguration#endpointObjectMapperWebMvcConfigurer matched:\n      - @ConditionalOnBean (types: org.springframework.boot.actuate.endpoint.jackson.EndpointObjectMapper; SearchStrategy: all) found bean 'endpointObjectMapper' (OnBeanCondition)\n   WebMvcEndpointManagementContextConfiguration#webEndpointServletHandlerMapping matched:\n      - @ConditionalOnMissingBean (types: org.springframework.boot.actuate.endpoint.web.servlet.WebMvcEndpointHandlerMapping; SearchStrategy: all) did not find any beans (OnBeanCondition)\n   WebMvcObservationAutoConfiguration matched:\n      - @ConditionalOnClass found required classes 'org.springframework.web.servlet.DispatcherServlet', 'io.micrometer.observation.Observation' (OnClassCondition)\n      - found 'session' scope (OnWebApplicationCondition)\n      - @ConditionalOnBean (types: io.micrometer.observation.ObservationRegistry; SearchStrategy: all) found bean 'observationRegistry' (OnBeanCondition)\n   WebMvcObservationAutoConfiguration#webMvcObservationFilter matched:\n      - @ConditionalOnMissingBean (types: org.springframework.web.filter.ServerHttpObservationFilter; SearchStrategy: all) did not find any beans (OnBeanCondition)\n   WebMvcObservationAutoConfiguration.MeterFilterConfiguration matched:\n      - @ConditionalOnClass found required class 'io.micrometer.core.instrument.MeterRegistry' (OnClassCondition)\n      - @ConditionalOnBean (types: io.micrometer.core.instrument.MeterRegistry; SearchStrategy: all) found bean 'simpleMeterRegistry' (OnBeanCondition)\n   WebSocketServletAutoConfiguration matched:\n      - @ConditionalOnClass found required classes 'jakarta.servlet.Servlet', 'jakarta.websocket.server.ServerContainer' (OnClassCondition)\n      - found 'session' scope (OnWebApplicationCondition)\n   WebSocketServletAutoConfiguration.TomcatWebSocketConfiguration matched:\n      - @ConditionalOnClass found required classes 'org.apache.catalina.startup.Tomcat', 'org.apache.tomcat.websocket.server.WsSci' (OnClassCondition)\n   WebSocketServletAutoConfiguration.TomcatWebSocketConfiguration#websocketServletWebServerCustomizer matched:\n      - @ConditionalOnMissingBean (names: websocketServletWebServerCustomizer; SearchStrategy: all) did not find any beans (OnBeanCondition)\nNegative matches:\n-----------------\n   ActiveMQAutoConfiguration:\n      Did not match:\n         - @ConditionalOnClass did not find required class 'jakarta.jms.ConnectionFactory' (OnClassCondition)\n   ActivityCodeGenerator:\n      Did not match:\n         - @ConditionalOnProperty (tms.activity.services.enabled=true) found different value in property 'tms.activity.services.enabled' (OnPropertyCondition)\n   ActivityController:\n      Did not match:\n         - @ConditionalOnProperty (tms.activity.controllers.enabled=true) found different value in property 'tms.activity.controllers.enabled' (OnPropertyCondition)\n   ActivitySecurityService:\n      Did not match:\n         - @ConditionalOnProperty (tms.activity.services.enabled=true) found different value in property 'tms.activity.services.enabled' (OnPropertyCondition)\n   ActivityService:\n      Did not match:\n         - @ConditionalOnProperty (tms.activity.services.enabled=true) found different value in property 'tms.activity.services.enabled' (OnPropertyCondition)\n   AlertConfigurationController:\n      Did not match:\n         - @ConditionalOnProperty (tms.alert.controllers.enabled=true) found different value in property 'tms.alert.controllers.enabled' (OnPropertyCondition)\n   AlertController:\n      Did not match:\n         - @ConditionalOnProperty (tms.alert.controllers.enabled=true) found different value in property 'tms.alert.controllers.enabled' (OnPropertyCondition)\n   AlertResolutionService:\n      Did not match:\n         - @ConditionalOnProperty (tms.alert.services.enabled=true) found different value in property 'tms.alert.services.enabled' (OnPropertyCondition)\n   AlertScheduler:\n      Did not match:\n         - @ConditionalOnProperty (tms.alert.services.enabled=true) found different value in property 'tms.alert.services.enabled' (OnPropertyCondition)\n   AlertService:\n      Did not match:\n         - @ConditionalOnProperty (tms.alert.services.enabled=true) found different value in property 'tms.alert.services.enabled' (OnPropertyCondition)\n   AllocationValidationService:\n      Did not match:\n         - @ConditionalOnProperty (tms.activity.services.enabled=true) found different value in property 'tms.activity.services.enabled' (OnPropertyCondition)\n   AopAutoConfiguration.AspectJAutoProxyingConfiguration.JdkDynamicAutoProxyConfiguration:\n      Did not match:\n         - @ConditionalOnProperty (spring.aop.proxy-target-class=false) did not find property 'proxy-target-class' (OnPropertyCondition)\n   AopAutoConfiguration.ClassProxyingConfiguration:\n      Did not match:\n         - @ConditionalOnMissingClass found unwanted class 'org.aspectj.weaver.Advice' (OnClassCondition)\n   AppOpticsMetricsExportAutoConfiguration:\n      Did not match:\n         - @ConditionalOnClass did not find required class 'io.micrometer.appoptics.AppOpticsMeterRegistry' (OnClassCondition)\n   ArchivingAutoConfiguration:\n      Did not match:\n         - @ConditionalOnProperty (spring.modulith.events.completion-mode=archive) did not find property 'spring.modulith.events.completion-mode' (OnPropertyCondition)\n   ArtemisAutoConfiguration:\n      Did not match:\n         - @ConditionalOnClass did not find required class 'jakarta.jms.ConnectionFactory' (OnClassCondition)\n   AtlasMetricsExportAutoConfiguration:\n      Did not match:\n         - @ConditionalOnClass did not find required class 'io.micrometer.atlas.AtlasMeterRegistry' (OnClassCondition)\n   AuditAspect:\n      Did not match:\n         - @ConditionalOnProperty (tms.audit.enabled=true) found different value in property 'tms.audit.enabled' (OnPropertyCondition)\n   AuditAutoConfiguration:\n      Did not match:\n         - @ConditionalOnBean (types: org.springframework.boot.actuate.audit.AuditEventRepository; SearchStrategy: all) did not find any beans of type org.springframework.boot.actuate.audit.AuditEventRepository (OnBeanCondition)\n      Matched:\n         - @ConditionalOnProperty (management.auditevents.enabled) matched (OnPropertyCondition)\n   AuditController:\n      Did not match:\n         - @ConditionalOnProperty (tms.audit.enabled=true) found different value in property 'tms.audit.enabled' (OnPropertyCondition)\n   AuditEventsEndpointAutoConfiguration:\n      Did not match:\n         - @ConditionalOnAvailableEndpoint not exposed (OnAvailableEndpointCondition)\n   AuditService:\n      Did not match:\n         - @ConditionalOnProperty (tms.audit.enabled=true) found different value in property 'tms.audit.enabled' (OnPropertyCondition)\n   AvailabilityHealthContributorAutoConfiguration#livenessStateHealthIndicator:\n      Did not match:\n         - @ConditionalOnProperty (management.health.livenessstate.enabled=true) did not find property 'enabled' (OnPropertyCondition)\n   AvailabilityHealthContributorAutoConfiguration#readinessStateHealthIndicator:\n      Did not match:\n         - @ConditionalOnProperty (management.health.readinessstate.enabled=true) did not find property 'enabled' (OnPropertyCondition)\n   AvailabilityProbesAutoConfiguration:\n      Did not match:\n         - Probes availability not running on a supported cloud platform (AvailabilityProbesAutoConfiguration.ProbesCondition)\n   BatchAutoConfiguration:\n      Did not match:\n         - @ConditionalOnClass did not find required class 'org.springframework.batch.core.launch.JobLauncher' (OnClassCondition)\n   BatchObservationAutoConfiguration:\n      Did not match:\n         - @ConditionalOnClass did not find required class 'org.springframework.batch.core.configuration.annotation.BatchObservabilityBeanPostProcessor' (OnClassCondition)\n   BeansEndpointAutoConfiguration:\n      Did not match:\n         - @Cond
[...]
ns Management Port actual port type (SAME) did not match required type (DIFFERENT), @ConditionalOnProperty (springdoc.show-actuator) did not find property 'springdoc.show-actuator'; NestedCondition on MultipleOpenApiSupportCondition.OnMultipleOpenApiSupportCondition AnyNestedCondition 0 matched 3 did not; NestedCondition on MultipleOpenApiGroupsCondition.OnListGroupedOpenApiBean @ConditionalOnBean (types: org.springdoc.core.models.GroupedOpenApi; SearchStrategy: all) did not find any beans of type org.springdoc.core.models.GroupedOpenApi; NestedCondition on MultipleOpenApiGroupsCondition.OnGroupConfigProperty @ConditionalOnProperty (springdoc.group-configs[0].group) did not find property 'springdoc.group-configs[0].group'; NestedCondition on MultipleOpenApiGroupsCondition.OnGroupedOpenApiBean @ConditionalOnBean (types: org.springdoc.core.models.GroupedOpenApi; SearchStrategy: all) did not find any beans of type org.springdoc.core.models.GroupedOpenApi (CacheOrGroupedOpenApiCondition)\n      Matched:\n         - @ConditionalOnClass found required class 'org.springframework.boot.context.properties.bind.BindResult' (OnClassCondition)\n   SpringDocConfiguration#springdocBeanFactoryPostProcessor2:\n      Did not match:\n         - @ConditionalOnMissingClass found unwanted class 'org.springframework.boot.context.properties.bind.BindResult' (OnClassCondition)\n   SpringDocConfiguration.SpringDocActuatorConfiguration:\n      Did not match:\n         - @ConditionalOnProperty (springdoc.show-actuator) did not find property 'springdoc.show-actuator' (OnPropertyCondition)\n      Matched:\n         - @ConditionalOnClass found required class 'org.springframework.boot.actuate.autoconfigure.endpoint.web.WebEndpointProperties' (OnClassCondition)\n   SpringDocConfiguration.SpringDocRepositoryRestConfiguration:\n      Did not match:\n         - @ConditionalOnClass did not find required class 'org.springframework.data.rest.core.config.RepositoryRestConfiguration' (OnClassCondition)\n   SpringDocConfiguration.SpringDocWebFluxSupportConfiguration:\n      Did not match:\n         - @ConditionalOnClass did not find required class 'reactor.core.publisher.Flux' (OnClassCondition)\n   SpringDocDataRestConfiguration:\n      Did not match:\n         - @ConditionalOnClass did not find required class 'org.springframework.data.rest.core.config.RepositoryRestConfiguration' (OnClassCondition)\n   SpringDocFunctionCatalogConfiguration:\n      Did not match:\n         - @ConditionalOnClass did not find required class 'org.springframework.cloud.function.web.function.FunctionEndpointInitializer' (OnClassCondition)\n   SpringDocGroovyConfiguration:\n      Did not match:\n         - @ConditionalOnClass did not find required class 'groovy.lang.MetaClass' (OnClassCondition)\n   SpringDocHateoasConfiguration:\n      Did not match:\n         - @ConditionalOnClass did not find required class 'org.springframework.hateoas.server.LinkRelationProvider' (OnClassCondition)\n   SpringDocJacksonKotlinModuleConfiguration:\n      Did not match:\n         - @ConditionalOnClass did not find required class 'com.fasterxml.jackson.module.kotlin.KotlinModule' (OnClassCondition)\n   SpringDocJavadocConfiguration:\n      Did not match:\n         - @ConditionalOnClass did not find required class 'com.github.therapi.runtimejavadoc.CommentFormatter' (OnClassCondition)\n   SpringDocKotlinConfiguration:\n      Did not match:\n         - @ConditionalOnClass did not find required class 'kotlin.coroutines.Continuation' (OnClassCondition)\n   SpringDocKotlinxConfiguration:\n      Did not match:\n         - @ConditionalOnClass did not find required class 'kotlinx.coroutines.flow.Flow' (OnClassCondition)\n   SpringDocSecurityConfiguration.SpringDocSecurityOAuth2ClientConfiguration:\n      Did not match:\n         - @ConditionalOnClass did not find required class 'org.springframework.security.oauth2.client.annotation.RegisteredOAuth2AuthorizedClient' (OnClassCondition)\n   SpringDocSecurityConfiguration.SpringDocSecurityOAuth2Configuration:\n      Did not match:\n         - @ConditionalOnClass did not find required class 'org.springframework.security.oauth2.server.authorization.OAuth2AuthorizationService' (OnClassCondition)\n   SpringDocSecurityConfiguration.SpringSecurityLoginEndpointConfiguration#springSecurityLoginEndpointCustomizer:\n      Did not match:\n         - @ConditionalOnProperty (springdoc.show-login-endpoint) did not find property 'springdoc.show-login-endpoint' (OnPropertyCondition)\n   SpringDocSortConfiguration#dataRestDelegatingMethodParameterCustomizer:\n      Did not match:\n         - @ConditionalOnMissingBean (types: org.springdoc.core.customizers.DataRestDelegatingMethodParameterCustomizer; SearchStrategy: all) found beans of type 'org.springdoc.core.customizers.DataRestDelegatingMethodParameterCustomizer' dataRestDelegatingMethodParameterCustomizer (OnBeanCondition)\n   SpringDocWebMvcConfiguration.SpringDocWebMvcActuatorConfiguration#actuatorProvider:\n      Did not match:\n         - @ConditionalOnExpression (#{${springdoc.show-actuator:false} or ${springdoc.use-management-port:false}}) resulted in false (OnExpressionCondition)\n   SpringDocWebMvcConfiguration.SpringDocWebMvcActuatorConfiguration#openApiActuatorResource:\n      Did not match:\n         - @ConditionalOnExpression (#{${springdoc.use-management-port:false} and ${springdoc.enable-default-api-docs:true}}) resulted in false (OnExpressionCondition)\n   StackdriverMetricsExportAutoConfiguration:\n      Did not match:\n         - @ConditionalOnClass did not find required class 'io.micrometer.stackdriver.StackdriverMeterRegistry' (OnClassCondition)\n   StartupEndpointAutoConfiguration:\n      Did not match:\n         - ApplicationStartup configured applicationStartup is of type class org.springframework.core.metrics.DefaultApplicationStartup, expected BufferingApplicationStartup. (StartupEndpointAutoConfiguration.ApplicationStartupCondition)\n   StatsdMetricsExportAutoConfiguration:\n      Did not match:\n         - @ConditionalOnClass did not find required class 'io.micrometer.statsd.StatsdMeterRegistry' (OnClassCondition)\n   SuperuserInitializer:\n      Did not match:\n         - @ConditionalOnProperty (tms.user.superuser-init.enabled=true) found different value in property 'tms.user.superuser-init.enabled' (OnPropertyCondition)\n   SwaggerConfig#springWebProvider:\n      Did not match:\n         - @ConditionalOnMissingBean (types: org.springdoc.core.providers.SpringWebProvider; SearchStrategy: all) found beans of type 'org.springdoc.core.providers.SpringWebProvider' springWebProvider (OnBeanCondition)\n   SwaggerConfig#swaggerUiHome:\n      Did not match:\n         - @ConditionalOnProperty (springdoc.swagger-ui.use-root-path=true) did not find property 'springdoc.swagger-ui.use-root-path' (OnPropertyCondition)\n   SwaggerConfig.SwaggerActuatorWelcomeConfiguration:\n      Did not match:\n         - @ConditionalOnProperty (springdoc.use-management-port) did not find property 'springdoc.use-management-port' (OnPropertyCondition)\n      Matched:\n         - @ConditionalOnClass found required class 'org.springframework.boot.actuate.endpoint.web.servlet.WebMvcEndpointHandlerMapping' (OnClassCondition)\n   TaskExecutorConfigurations.SimpleAsyncTaskExecutorBuilderConfiguration#simpleAsyncTaskExecutorBuilderVirtualThreads:\n      Did not match:\n         - @ConditionalOnMissingBean (types: org.springframework.boot.task.SimpleAsyncTaskExecutorBuilder; SearchStrategy: all) found beans of type 'org.springframework.boot.task.SimpleAsyncTaskExecutorBuilder' simpleAsyncTaskExecutorBuilder (OnBeanCondition)\n   TaskExecutorConfigurations.TaskExecutorConfiguration#applicationTaskExecutorVirtualThreads:\n      Did not match:\n         - @ConditionalOnThreading did not find VIRTUAL (OnThreadingCondition)\n   TaskSchedulingConfigurations.SimpleAsyncTaskSchedulerBuilderConfiguration#simpleAsyncTaskSchedulerBuilderVirtualThreads:\n      Did not match:\n         - @ConditionalOnMissingBean (types: org.springframework.boot.task.SimpleAsyncTaskSchedulerBuilder; SearchStrategy: all) found beans of type 'org.springframework.boot.task.SimpleAsyncTaskSchedulerBuilder' simpleAsyncTaskSchedulerBuilder (OnBeanCondition)\n   TaskSchedulingConfigurations.TaskSchedulerConfiguration#taskSchedulerVirtualThreads:\n      Did not match:\n         - @ConditionalOnThreading did not find VIRTUAL (OnThreadingCondition)\n   ThreadDumpEndpointAutoConfiguration:\n      Did not match:\n         - @ConditionalOnAvailableEndpoint not exposed (OnAvailableEndpointCondition)\n   ThymeleafAutoConfiguration:\n      Did not match:\n         - @ConditionalOnClass did not find required class 'org.thymeleaf.spring6.SpringTemplateEngine' (OnClassCondition)\n   TransactionAutoConfiguration#transactionalOperator:\n      Did not match:\n         - @ConditionalOnSingleCandidate (types: org.springframework.transaction.ReactiveTransactionManager; SearchStrategy: all) did not find any beans (OnBeanCondition)\n   TransactionAutoConfiguration.AspectJTransactionManagementConfiguration:\n      Did not match:\n         - @ConditionalOnBean (types: org.springframework.transaction.aspectj.AbstractTransactionAspect; SearchStrategy: all) did not find any beans of type org.springframework.transaction.aspectj.AbstractTransactionAspect (OnBeanCondition)\n   TransactionAutoConfiguration.EnableTransactionManagementConfiguration:\n      Did not match:\n         - @ConditionalOnBean (types: org.springframework.transaction.TransactionManager; SearchStrategy: all) did not find any beans of type org.springframework.transaction.TransactionManager (OnBeanCondition)\n   TransactionAutoConfiguration.EnableTransactionManagementConfiguration.CglibAutoProxyConfiguration:\n      Did not match:\n         - Ancestor org.springframework.boot.autoconfigure.transaction.TransactionAutoConfiguration$EnableTransactionManagementConfiguration did not match (ConditionEvaluationReport.AncestorsMatchedCondition)\n      Matched:\n         - @ConditionalOnProperty (spring.aop.proxy-target-class=true) matched (OnPropertyCondition)\n   TransactionAutoConfiguration.EnableTransactionManagementConfiguration.JdkDynamicAutoProxyConfiguration:\n      Did not match:\n         - @ConditionalOnProperty (spring.aop.proxy-target-class=false) did not find property 'proxy-target-class' (OnPropertyCondition)\n         - Ancestor org.springframework.boot.autoconfigure.transaction.TransactionAutoConfiguration$EnableTransactionManagementConfiguration did not match (ConditionEvaluationReport.AncestorsMatchedCondition)\n   TransactionAutoConfiguration.TransactionTemplateConfiguration:\n      Did not match:\n         - @ConditionalOnSingleCandidate (types: org.springframework.transaction.PlatformTransactionManager; SearchStrategy: all) did not find any beans (OnBeanCondition)\n   UserDetailsServiceAutoConfiguration:\n      Did not match:\n         - AnyNestedCondition 0 matched 3 did not; NestedCondition on UserDetailsServiceAutoConfiguration.MissingAlternativeOrUserPropertiesConfigured.PasswordConfigured @ConditionalOnProperty (spring.security.user.password) did not find property 'password'; NestedCondition on UserDetailsServiceAutoConfiguration.MissingAlternativeOrUserPropertiesConfigured.NameConfigured @ConditionalOnProperty (spring.security.user.name) did not find property 'name'; NestedCondition on UserDetailsServiceAutoConfiguration.MissingAlternativeOrUserPropertiesConfigured.MissingAlternative @ConditionalOnMissingClass found unwanted class 'org.springframework.security.oauth2.server.resource.introspection.OpaqueTokenIntrospector' (UserDetailsServiceAutoConfiguration.MissingAlternativeOrUserPropertiesConfigured)\n      Matched:\n         - @ConditionalOnClass found required class 'org.springframework.security.authentication.AuthenticationManager' (OnClassCondition)\n         - found 'session' scope (OnWebApplicationCondition)\n   VehicleController:\n      Did not match:\n         - @ConditionalOnProperty (tms.vehicle.controllers.enabled=true) found different value in property 'tms.vehicle.controllers.enabled' (OnPropertyCondition)\n   VehicleDocumentController:\n      Did not match:\n         - @ConditionalOnProperty (tms.vehicle.controllers.enabled=true) found different value in property 'tms.vehicle.controllers.enabled' (OnPropertyCondition)\n   VehicleDocumentService:\n      Did not match:\n         - @ConditionalOnProperty (tms.vehicle.services.enabled=true) found different value in property 'tms.vehicle.services.enabled' (OnPropertyCondition)\n   VehicleService:\n      Did not match:\n         - @ConditionalOnProperty (tms.vehicle.services.enabled=true) found different value in property 'tms.vehicle.services.enabled' (OnPropertyCondition)\n   WavefrontAutoConfiguration:\n      Did not match:\n         - @ConditionalOnClass did not find required class 'com.wavefront.sdk.common.application.ApplicationTags' (OnClassCondition)\n   WavefrontMetricsExportAutoConfiguration:\n      Did not match:\n         - @ConditionalOnClass did not find required class 'com.wavefront.sdk.common.WavefrontSender' (OnClassCondition)\n   WavefrontTracingAutoConfiguration:\n      Did not match:\n         - @ConditionalOnClass did not find required class 'com.wavefront.sdk.common.WavefrontSender' (OnClassCondition)\n   WebClientAutoConfiguration:\n      Did not match:\n         - @ConditionalOnClass did not find required class 'org.springframework.web.reactive.function.client.WebClient' (OnClassCondition)\n   WebClientObservationConfiguration:\n      Did not match:\n         - @ConditionalOnClass did not find required class 'org.springframework.web.reactive.function.client.WebClient' (OnClassCondition)\n   WebFluxAutoConfiguration:\n      Did not match:\n         - @ConditionalOnClass did not find required class 'org.springframework.web.reactive.config.WebFluxConfigurer' (OnClassCondition)\n   WebFluxEndpointManagementContextConfiguration:\n      Did not match:\n         - @ConditionalOnClass did not find required class 'org.springframework.web.reactive.DispatcherHandler' (OnClassCondition)\n   WebFluxObservationAutoConfiguration:\n      Did not match:\n         - @ConditionalOnWebApplication did not find reactive web application classes (OnWebApplicationCondition)\n   WebMvcAutoConfiguration#hiddenHttpMethodFilter:\n      Did not match:\n         - @ConditionalOnProperty (spring.mvc.hiddenmethod.filter.enabled) did not find property 'enabled' (OnPropertyCondition)\n   WebMvcAutoConfiguration.ProblemDetailsErrorHandlingConfiguration:\n      Did not match:\n         - @ConditionalOnProperty (spring.mvc.problemdetails.enabled=true) did not find property 'enabled' (OnPropertyCondition)\n   WebMvcAutoConfiguration.WebMvcAutoConfigurationAdapter#beanNameViewResolver:\n      Did not match:\n         - @ConditionalOnMissingBean (types: org.springframework.web.servlet.view.BeanNameViewResolver; SearchStrategy: all) found beans of type 'org.springframework.web.servlet.view.BeanNameViewResolver' beanNameViewResolver (OnBeanCondition)\n   WebMvcEndpointManagementContextConfiguration#managementHealthEndpointWebMvcHandlerMapping:\n      Did not match:\n         - Management Port actual port type (SAME) did not match required type (DIFFERENT) (OnManagementPortCondition)\n   WebServiceTemplateAutoConfiguration:\n      Did not match:\n         - @ConditionalOnClass did not find required class 'org.springframework.oxm.Marshaller' (OnClassCondition)\n   WebServicesAutoConfiguration:\n      Did not match:\n         - @ConditionalOnClass did not find required class 'org.springframework.ws.transport.http.MessageDispatcherServlet' (OnClassCondition)\n   WebSessionIdResolverAutoConfiguration:\n      Did not match:\n         - @ConditionalOnClass did not find required class 'reactor.core.publisher.Mono' (OnClassCondition)\n   WebSocketMessagingAutoConfiguration:\n      Did not match:\n         - @ConditionalOnClass did not find required class 'org.springframework.web.socket.config.annotation.WebSocketMessageBrokerConfigurer' (OnClassCondition)\n   WebSocketReactiveAutoConfiguration:\n      Did not match:\n         - @ConditionalOnWebApplication did not find reactive web application classes (OnWebApplicationCondition)\n   WebSocketServletAutoConfiguration.JettyWebSocketConfiguration:\n      Did not match:\n         - @ConditionalOnClass did not find required class 'org.eclipse.jetty.ee10.websocket.jakarta.server.config.JakartaWebSocketServletContainerInitializer' (OnClassCondition)\n   WebSocketServletAutoConfiguration.UndertowWebSocketConfiguration:\n      Did not match:\n         - @ConditionalOnClass did not find required class 'io.undertow.websockets.jsr.Bootstrap' (OnClassCondition)\n   XADataSourceAutoConfiguration:\n      Did not match:\n         - @ConditionalOnBean (types: org.springframework.boot.jdbc.XADataSourceWrapper; SearchStrategy: all) did not find any beans of type org.springframework.boot.jdbc.XADataSourceWrapper (OnBeanCondition)\n      Matched:\n         - @ConditionalOnClass found required classes 'javax.sql.DataSource', 'jakarta.transaction.TransactionManager', 'org.springframework.jdbc.datasource.embedded.EmbeddedDatabaseType' (OnClassCondition)\n   ZipkinAutoConfiguration:\n      Did not match:\n         - @ConditionalOnClass did not find required class 'zipkin2.reporter.Encoding' (OnClassCondition)\nExclusions:\n-----------\n    org.springframework.boot.autoconfigure.jdbc.DataSourceAutoConfiguration\n    org.springframework.boot.autoconfigure.orm.jpa.HibernateJpaAutoConfiguration\n    org.springframework.boot.autoconfigure.flyway.FlywayAutoConfiguration\n    org.springframework.modulith.events.jpa.JpaEventPublicationAutoConfiguration\nUnconditional classes:\n----------------------\n    org.springframework.boot.autoconfigure.context.ConfigurationPropertiesAutoConfiguration\n    org.springframework.modulith.events.jackson.JacksonEventSerializationConfiguration\n    org.springframework.boot.actuate.autoconfigure.availability.AvailabilityHealthContributorAutoConfiguration\n    org.springframework.boot.autoconfigure.ssl.SslAutoConfiguration\n    org.springframework.boot.actuate.autoconfigure.info.InfoContributorAutoConfiguration\n    org.springframework.boot.autoconfigure.context.PropertyPlaceholderAutoConfiguration\n    org.springframework.boot.autoconfigure.context.LifecycleAutoConfiguration\n    org.springframework.boot.actuate.autoconfigure.metrics.integration.IntegrationMetricsAutoConfiguration\n    org.springframework.boot.actuate.autoconfigure.endpoint.EndpointAutoConfiguration\n    org.springframework.modulith.events.config.EventPublicationAutoConfiguration\n    org.springframework.boot.actuate.autoconfigure.web.server.ManagementContextAutoConfiguration\n    org.springframework.boot.actuate.autoconfigure.health.HealthContributorAutoConfiguration\n    org.springframework.boot.actuate.autoconfigure.endpoint.jackson.JacksonEndpointAutoConfiguration\n    org.springframework.modulith.core.config.ApplicationModuleInitializerRuntimeVerification\n    org.springdoc.core.configuration.SpringDocSpecPropertiesConfiguration\n    org.springframework.boot.autoconfigure.availability.ApplicationAvailabilityAutoConfiguration\n    org.springframework.boot.autoconfigure.info.ProjectInfoAutoConfiguration\n"}
{"timestamp":"2026-05-06T14:20:02.225+01:00","level":"INFO","logger":"pt.xavier.tms.TmsApplicationTests","thread":"main","message":"Started TmsApplicationTests in 1.248 seconds (process running for 6.787)"}
{"timestamp":"2026-05-06T14:20:02.226+01:00","level":"DEBUG","logger":"o.s.b.a.ApplicationAvailabilityBean","thread":"main","message":"Application availability state LivenessState changed to CORRECT"}
{"timestamp":"2026-05-06T14:20:02.227+01:00","level":"DEBUG","logger":"o.s.b.a.ApplicationAvailabilityBean","thread":"main","message":"Application availability state ReadinessState changed to ACCEPTING_TRAFFIC"}
]]></system-out>
  </testcase>
</testsuite>