<?xml version="1.0" encoding="UTF-8"?>
<testsuite xmlns:xsi="http://www.w3.org/2001/XMLSchema-instance" xsi:noNamespaceSchemaLocation="https://maven.apache.org/surefire/maven-surefire-plugin/xsd/surefire-test-report.xsd" version="3.0.2" name="pt.xavier.tms.TmsApplicationTests" time="49.802" tests="1" errors="0" skipped="0" failures="0">
  <properties>
[...]
</properties>
  <testcase name="contextLoads" classname="pt.xavier.tms.TmsApplicationTests" time="6.145">
    <system-out><![CDATA[22:08:20.722 [main] INFO org.springframework.test.context.support.AnnotationConfigContextLoaderUtils -- Could not detect default configuration classes for test class [pt.xavier.tms.TmsApplicationTests]: TmsApplicationTests does not declare any static, non-private, non-final, nested classes annotated with @Configuration.
22:08:21.977 [main] INFO org.springframework.boot.test.context.SpringBootTestContextBootstrapper -- Found @SpringBootConfiguration pt.xavier.tms.TmsApplication for test class pt.xavier.tms.TmsApplicationTests

  .   ____          _            __ _ _
 /\\ / ___'_ __ _ _(_)_ __  __ _ \ \ \ \
( ( )\___ | '_ | '_| | '_ \/ _` | \ \ \ \
 \\/  ___)| |_)| | | | | || (_| |  ) ) ) )
  '  |____| .__|_| |_|_| |_\__, | / / / /
 =========|_|==============|___/=/_/_/_/

 :: Spring Boot ::                (v3.4.5)

{"timestamp":"2026-04-28T22:08:26.065+01:00","level":"INFO","logger":"pt.xavier.tms.TmsApplicationTests","thread":"main","message":"Starting TmsApplicationTests using Java 21.0.6 with PID 34149 (started by xavier in /Users/xavier/dev/code/Spring-modulith/tms-global)"}
{"timestamp":"2026-04-28T22:08:26.070+01:00","level":"INFO","logger":"pt.xavier.tms.TmsApplicationTests","thread":"main","message":"No active profile set, falling back to 1 default profile: "default""}
{"timestamp":"2026-04-28T22:08:26.073+01:00","level":"DEBUG","logger":"o.s.boot.SpringApplication","thread":"main","message":"Loading source class pt.xavier.tms.TmsApplication"}
{"timestamp":"2026-04-28T22:08:26.243+01:00","level":"DEBUG","logger":"o.s.w.c.s.GenericWebApplicationContext","thread":"main","message":"Refreshing org.springframework.web.context.support.GenericWebApplicationContext@e8ea697"}
{"timestamp":"2026-04-28T22:08:32.292+01:00","level":"DEBUG","logger":"o.s.b.a.AutoConfigurationPackages","thread":"main","message":"@EnableAutoConfiguration was declared on a class in the package 'pt.xavier.tms'. Automatic @Repository and @Entity scanning is enabled."}
{"timestamp":"2026-04-28T22:08:42.881+01:00","level":"DEBUG","logger":"o.s.w.s.m.m.a.RequestMappingHandlerMapping","thread":"main","message":"2 mappings in 'requestMappingHandlerMapping'"}
{"timestamp":"2026-04-28T22:08:45.060+01:00","level":"DEBUG","logger":"o.s.w.s.h.SimpleUrlHandlerMapping","thread":"main","message":"Patterns [/webjars/**, /**] in 'resourceHandlerMapping'"}
{"timestamp":"2026-04-28T22:08:46.065+01:00","level":"DEBUG","logger":"o.s.w.s.m.m.a.RequestMappingHandlerAdapter","thread":"main","message":"ControllerAdvice beans: 0 @ModelAttribute, 0 @InitBinder, 1 RequestBodyAdvice, 1 ResponseBodyAdvice"}
{"timestamp":"2026-04-28T22:08:47.527+01:00","level":"DEBUG","logger":"o.s.w.s.m.m.a.ExceptionHandlerExceptionResolver","thread":"main","message":"ControllerAdvice beans: 0 @ExceptionHandler, 1 ResponseBodyAdvice"}
{"timestamp":"2026-04-28T22:08:57.404+01:00","level":"INFO","logger":"o.s.b.a.e.web.EndpointLinksResolver","thread":"main","message":"Exposing 1 endpoint beneath base path '/actuator'"}
{"timestamp":"2026-04-28T22:09:01.159+01:00","level":"DEBUG","logger":"o.s.b.a.l.ConditionEvaluationReportLogger","thread":"main","message":"\n============================\nCONDITIONS EVALUATION REPORT\n============================\nPositive matches:\n-----------------\n   AopAutoConfiguration matched:\n      - @ConditionalOnProperty (spring.aop.auto=true) matched (OnPropertyCondition)\n   AopAutoConfiguration.AspectJAutoProxyingConfiguration matched:\n      - @ConditionalOnClass found required class 'org.aspectj.weaver.Advice' (OnClassCondition)\n   AopAutoConfiguration.AspectJAutoProxyingConfiguration.CglibAutoProxyConfiguration matched:\n      - @ConditionalOnProperty (spring.aop.proxy-target-class=true) matched (OnPropertyCondition)\n   ApplicationAvailabilityAutoConfiguration#applicationAvailability matched:\n      - @ConditionalOnMissingBean (types: org.springframework.boot.availability.ApplicationAvailability; SearchStrategy: all) did not find any beans (OnBeanCondition)\n   CacheMeterBinderProvidersConfiguration matched:\n      - @ConditionalOnClass found required class 'io.micrometer.core.instrument.binder.MeterBinder' (OnClassCondition)\n   CompositeMeterRegistryAutoConfiguration matched:\n      - @ConditionalOnClass found required class 'io.micrometer.core.instrument.composite.CompositeMeterRegistry' (OnClassCondition)\n   DataSourceTransactionManagerAutoConfiguration matched:\n      - @ConditionalOnClass found required classes 'javax.sql.DataSource', 'org.springframework.jdbc.core.JdbcTemplate', 'org.springframework.transaction.TransactionManager' (OnClassCondition)\n   DiskSpaceHealthContributorAutoConfiguration matched:\n      - @ConditionalOnEnabledHealthIndicator management.health.defaults.enabled is considered true (OnEnabledHealthIndicatorCondition)\n   DiskSpaceHealthContributorAutoConfiguration#diskSpaceHealthIndicator matched:\n      - @ConditionalOnMissingBean (names: diskSpaceHealthIndicator; SearchStrategy: all) did not find any beans (OnBeanCondition)\n   DispatcherServletAutoConfiguration matched:\n      - @ConditionalOnClass found required class 'org.springframework.web.servlet.DispatcherServlet' (OnClassCondition)\n      - found 'session' scope (OnWebApplicationCondition)\n   DispatcherServletAutoConfiguration.DispatcherServletConfiguration matched:\n      - @ConditionalOnClass found required class 'jakarta.servlet.ServletRegistration' (OnClassCondition)\n      - Default DispatcherServlet did not find dispatcher servlet beans (DispatcherServletAutoConfiguration.DefaultDispatcherServletCondition)\n   DispatcherServletAutoConfiguration.DispatcherServletRegistrationConfiguration matched:\n      - @ConditionalOnClass found required class 'jakarta.servlet.ServletRegistration' (OnClassCondition)\n      - DispatcherServlet Registration did not find servlet registration bean (DispatcherServletAutoConfiguration.DispatcherServletRegistrationCondition)\n   DispatcherServletAutoConfiguration.DispatcherServletRegistrationConfiguration#dispatcherServletRegistration matched:\n      - @ConditionalOnBean (names: dispatcherServlet types: org.springframework.web.servlet.DispatcherServlet; SearchStrategy: all) found bean 'dispatcherServlet' (OnBeanCondition)\n   EndpointAutoConfiguration#endpointCachingOperationInvokerAdvisor matched:\n      - @ConditionalOnMissingBean (types: org.springframework.boot.actuate.endpoint.invoker.cache.CachingOperationInvokerAdvisor; SearchStrategy: all) did not find any beans (OnBeanCondition)\n   EndpointAutoConfiguration#endpointOperationParameterMapper matched:\n      - @ConditionalOnMissingBean (types: org.springframework.boot.actuate.endpoint.invoke.ParameterValueMapper; SearchStrategy: all) did not find any beans (OnBeanCondition)\n   EndpointAutoConfiguration#propertiesEndpointAccessResolver matched:\n      - @ConditionalOnMissingBean (types: org.springframework.boot.actuate.endpoint.EndpointAccessResolver; SearchStrategy: all) did not find any beans (OnBeanCondition)\n   ErrorMvcAutoConfiguration matched:\n      - @ConditionalOnClass found required classes 'jakarta.servlet.Servlet', 'org.springframework.web.servlet.DispatcherServlet' (OnClassCondition)\n      - found 'session' scope (OnWebApplicationCondition)\n   ErrorMvcAutoConfiguration#basicErrorController matched:\n      - @ConditionalOnMissingBean (types: org.springframework.boot.web.servlet.error.ErrorController; SearchStrategy: current) did not find any beans (OnBeanCondition)\n   ErrorMvcAutoConfiguration#errorAttributes matched:\n      - @ConditionalOnMissingBean (types: org.springframework.boot.web.servlet.error.ErrorAttributes; SearchStrategy: current) did not find any beans (OnBeanCondition)\n   ErrorMvcAutoConfiguration.DefaultErrorViewResolverConfiguration#conventionErrorViewResolver matched:\n      - @ConditionalOnBean (types: org.springframework.web.servlet.DispatcherServlet; SearchStrategy: all) found bean 'dispatcherServlet'; @ConditionalOnMissingBean (types: org.springframework.boot.autoconfigure.web.servlet.error.ErrorViewResolver; SearchStrategy: all) did not find any beans (OnBeanCondition)\n   ErrorMvcAutoConfiguration.WhitelabelErrorViewConfiguration matched:\n      - @ConditionalOnProperty (server.error.whitelabel.enabled) matched (OnPropertyCondition)\n      - ErrorTemplate Missing did not find error template view (ErrorMvcAutoConfiguration.ErrorTemplateMissingCondition)\n   ErrorMvcAutoConfiguration.WhitelabelErrorViewConfiguration#beanNameViewResolver matched:\n      - @ConditionalOnMissingBean (types: org.springframework.web.servlet.view.BeanNameViewResolver; SearchStrategy: all) did not find any beans (OnBeanCondition)\n   ErrorMvcAutoConfiguration.WhitelabelErrorViewConfiguration#defaultErrorView matched:\n      - @ConditionalOnMissingBean (names: error; SearchStrategy: all) did not find any beans (OnBeanCondition)\n   EventExternalizationAutoConfiguration matched:\n      - @ConditionalOnProperty (spring.modulith.events.externalization.enabled=true) matched (OnPropertyCondition)\n   EventExternalizationAutoConfiguration#eventExternalizationConfiguration matched:\n      - @ConditionalOnMissingBean (types: org.springframework.modulith.events.EventExternalizationConfiguration; SearchStrategy: all) did not find any beans (OnBeanCondition)\n   EventPublicationAutoConfiguration#asyncPropertiesDefaulter matched:\n      - @ConditionalOnProperty (spring.modulith.default-async-termination=true) matched (OnPropertyCondition)\n   EventPublicationAutoConfiguration.AsyncEnablingConfiguration matched:\n      - @ConditionalOnMissingBean (types: org.springframework.scheduling.annotation.AbstractAsyncConfiguration; SearchStrategy: all) did not find any beans (OnBeanCondition)\n   GenericCacheConfiguration matched:\n      - Cache org.springframework.boot.autoconfigure.cache.GenericCacheConfiguration automatic cache type (CacheCondition)\n   HealthContributorAutoConfiguration#pingHealthContributor matched:\n      - @ConditionalOnEnabledHealthIndicator management.health.defaults.enabled is considered true (OnEnabledHealthIndicatorCondition)\n   HealthEndpointAutoConfiguration matched:\n      - @ConditionalOnAvailableEndpoint marked as exposed by a 'management.endpoints.web.exposure' property (OnAvailableEndpointCondition)\n   HealthEndpointConfiguration#healthContributorRegistry matched:\n      - @ConditionalOnMissingBean (types: org.springframework.boot.actuate.health.HealthContributorRegistry; SearchStrategy: all) did not find any beans (OnBeanCondition)\n   HealthEndpointConfiguration#healthEndpoint matched:\n      - @ConditionalOnMissingBean (types: org.springframework.boot.actuate.health.HealthEndpoint; SearchStrategy: all) did not find any beans (OnBeanCondition)\n   HealthEndpointConfiguration#healthEndpointGroupMembershipValidator matched:\n      - @ConditionalOnProperty (management.endpoint.health.validate-group-membership=true) matched (OnPropertyCondition)\n   HealthEndpointConfiguration#healthEndpointGroups matched:\n      - @ConditionalOnMissingBean (types: org.springframework.boot.actuate.health.HealthEndpointGroups; SearchStrategy: all) did not find any beans (OnBeanCondition)\n   HealthEndpointConfiguration#healthHttpCodeStatusMapper matched:\n      - @ConditionalOnMissingBean (types: org.springframework.boot.actuate.health.HttpCodeStatusMapper; SearchStrategy: all) did not find any beans (OnBeanCondition)\n   HealthEndpointConfiguration#healthStatusAggregator matched:\n      - @ConditionalOnMissingBean (types: org.springframework.boot.actuate.health.StatusAggregator; SearchStrategy: all) did not find any beans (OnBeanCondition)\n   HealthEndpointWebExtensionConfiguration matched:\n      - found 'session' scope (OnWebApplicationCondition)\n      - @ConditionalOnAvailableEndpoint marked as exposed by a 'management.endpoints.web.exposure' property (OnAvailableEndpointCondition)\n      - @ConditionalOnBean (types: org.springframework.boot.actuate.health.HealthEndpoint; SearchStrategy: all) found bean 'healthEndpoint' (OnBeanCondition)\n   HealthEndpointWebExtensionConfiguration#healthEndpointWebExtension matched:\n      - @ConditionalOnMissingBean (types: org.springframework.boot.actuate.health.HealthEndpointWebExtension; SearchStrategy: all) did not find any beans (OnBeanCondition)\n   HealthEndpointWebExtensionConfiguration.MvcAdditionalHealthEndpointPathsConfiguration matched:\n      - @ConditionalOnBean (types: org.springframework.web.servlet.DispatcherServlet; SearchStrategy: all) found bean 'dispatcherServlet' (OnBeanCondition)\n   HttpClientAutoConfiguration matched:\n      - @ConditionalOnClass found required class 'org.springframework.http.client.ClientHttpRequestFactory' (OnClassCondition)\n      - NoneNestedConditions 0 matched 1 did not; NestedCondition on NotReactiveWebApplicationCondition.ReactiveWebApplication did not find reactive web application classes (NotReactiveWebApplicationCondition)\n   HttpClientAutoConfiguration#clientHttpRequestFactoryBuilder matched:\n      - @ConditionalOnMissingBean (types: org.springframework.boot.http.client.ClientHttpRequestFactoryBuilder; SearchStrategy: all) did not find any beans (OnBeanCondition)\n   HttpClientAutoConfiguration#clientHttpRequestFactorySettings matched:\n      - @ConditionalOnMissingBean (types: org.springframework.boot.http.client.ClientHttpRequestFactorySettings; SearchStrategy: all) did not find any beans (OnBeanCondition)\n   HttpClientObservationsAutoConfiguration matched:\n      - @ConditionalOnClass found required class 'io.micrometer.observation.Observation' (OnClassCondition)\n      - @ConditionalOnBean (types: io.micrometer.observation.ObservationRegistry; SearchStrategy: all) found bean 'observationRegistry' (OnBeanCondition)\n   HttpClientObservationsAutoConfiguration.MeterFilterConfiguration matched:\n      - @ConditionalOnClass found required class 'io.micrometer.core.instrument.MeterRegistry' (OnClassCondition)\n      - @ConditionalOnBean (types: io.micrometer.core.instrument.MeterRegistry; SearchStrategy: all) found bean 'simpleMeterRegistry' (OnBeanCondition)\n   HttpEncodingAutoConfiguration matched:\n      - @ConditionalOnClass found required class 'org.springframework.web.filter.CharacterEncodingFilter' (OnClassCondition)\n      - found 'session' scope (OnWebApplicationCondition)\n      - @ConditionalOnProperty (server.servlet.encoding.enabled) matched (OnPropertyCondition)\n   HttpEncodingAutoConfiguration#characterEncodingFilter matched:\n      - @ConditionalOnMissingBean (types: org.springframework.web.filter.CharacterEncodingFilter; SearchStrategy: all) did not find any beans (OnBeanCondition)\n   HttpMessageConvertersAutoConfiguration matched:\n      - @ConditionalOnClass found required class 'org.springframework.http.converter.HttpMessageConverter' (OnClassCondition)\n      - NoneNestedConditions 0 matched 1 did not; NestedCondition on HttpMessageConvertersAutoConfiguration.NotReactiveWebApplicationCondition.ReactiveWebApplication did not find reactive web application classes (HttpMessageConvertersAutoConfiguration.NotReactiveWebApplicationCondition)\n   HttpMessageConvertersAutoConfiguration#messageConverters matched:\n      - @ConditionalOnMissingBean (types: org.springframework.boot.autoconfigure.http.HttpMessageConverters; SearchStrategy: all) did not find any beans (OnBeanCondition)\n   HttpMessageConvertersAutoConfiguration.StringHttpMessageConverterConfiguration matched:\n      - @ConditionalOnClass found required class 'org.springframework.http.converter.StringHttpMessageConverter' (OnClassCondition)\n   HttpMessageConvertersAutoConfiguration.StringHttpMessageConverterConfiguration#stringHttpMessageConverter matched:\n      - @ConditionalOnMissingBean (types: org.springframework.http.converter.StringHttpMessageConverter; SearchStrategy: all) did not find any beans (OnBeanCondition)\n   JacksonAutoConfiguration matched:\n      - @ConditionalOnClass found required class 'com.fasterxml.jackson.databind.ObjectMapper' (OnClassCondition)\n   JacksonAutoConfiguration.Jackson2ObjectMapperBuilderCustomizerConfiguration matched:\n      - @ConditionalOnClass found required class 'org.springframework.http.converter.json.Jackson2ObjectMapperBuilder' (OnClassCondition)\n   JacksonAutoConfiguration.JacksonObjectMapperBuilderConfiguration matched:\n      - @ConditionalOnClass found required class 'org.springframework.http.converter.json.Jackson2ObjectMapperBuilder' (OnClassCondition)\n   JacksonAutoConfiguration.JacksonObjectMapperBuilderConfiguration#jacksonObjectMapperBuilder matched:\n      - @ConditionalOnMissingBean (types: org.springframework.http.converter.json.Jackson2ObjectMapperBuilder; SearchStrategy: all) did not find any beans (OnBeanCondition)\n   JacksonAutoConfiguration.JacksonObjectMapperConfiguration matched:\n      - @ConditionalOnClass found required class 'org.springframework.http.converter.json.Jackson2ObjectMapperBuilder' (OnClassCondition)\n   JacksonAutoConfiguration.JacksonObjectMapperConfiguration#jacksonObjectMapper matched:\n      - @ConditionalOnMissingBean (types: com.fasterxml.jackson.databind.ObjectMapper; SearchStrategy: all) did not find any beans (OnBeanCondition)\n   JacksonAutoConfiguration.ParameterNamesModuleConfiguration matched:\n      - @ConditionalOnClass found required class 'com.fasterxml.jackson.module.paramnames.ParameterNamesModule' (OnClassCondition)\n   JacksonAutoConfiguration.ParameterNamesModuleConfiguration#parameterNamesModule matched:\n      - @ConditionalOnMissingBean (types: com.fasterxml.jackson.module.paramnames.ParameterNamesModule; SearchStrategy: all) did not find any beans (OnBeanCondition)\n   JacksonEndpointAutoConfiguration#endpointObjectMapper matched:\n      - @ConditionalOnClass found required classes 'com.fasterxml.jackson.databind.ObjectMapper', 'org.springframework.http.converter.json.Jackson2ObjectMapperBuilder' (OnClassCondition)\n      - @ConditionalOnProperty (management.endpoints.jackson.isolated-object-mapper) matched (OnPropertyCondition)\n   JacksonHttpMessageConvertersConfiguration.MappingJackson2HttpMessageConverterConfiguration matched:\n      - @ConditionalOnClass found required class 'com.fasterxml.jackson.databind.ObjectMapper' (OnClassCondition)\n      - @ConditionalOnProperty (spring.mvc.converters.preferred-json-mapper=jackson) matched (OnPropertyCondition)\n      - @ConditionalOnBean (types: com.fasterxml.jackson.databind.ObjectMapper; SearchStrategy: all) found bean 'jacksonObjectMapper' (OnBeanCondition)\n   JacksonHttpMessageConvertersConfiguration.MappingJackson2HttpMessageConverterConfiguration#mappingJackson2HttpMessageConverter matched:\n      - @ConditionalOnMissingBean (types: org.springframework.http.converter.json.MappingJackson2HttpMessageConverter ignored: org.springframework.hateoas.server.mvc.TypeConstrainedMappingJackson2HttpMessageConverter,org.springframework.data.rest.webmvc.alps.AlpsJsonHttpMessageConverter; SearchStrategy: all) did not find any beans (OnBeanCondition)\n   JtaAutoConfiguration matched:\n      - @ConditionalOnClass found required class 'jakarta.transaction.Transaction' (OnClassCondition)\n      - @ConditionalOnProperty (spring.jta.enabled) matched (OnPropertyCondition)\n   JvmMetricsAutoConfiguration matched:\n      - @ConditionalOnClass found required class 'io.micrometer.core.instrument.MeterRegistry' (OnClassCondition)\n      - @ConditionalOnBean (types: io.micrometer.core.instrument.MeterRegistry; SearchStrategy: all) found bean 'simpleMeterRegistry' (OnBeanCondition)\n   JvmMetricsAutoConfiguration#classLoaderMetrics matched:\n      - @ConditionalOnMissingBean (types: io.micrometer.core.instrument.binder.jvm.ClassLoaderMetrics; SearchStrategy: all) did not find any beans (OnBeanCondition)\n   JvmMetricsAutoConfiguration#jvmCompilationMetrics matched:\n      - @ConditionalOnMissingBean (types: io.micrometer.core.instrument.binder.jvm.JvmCompilationMetrics; SearchStrategy: all) did not find any beans (OnBeanCondition)\n   JvmMetricsAutoConfiguration#jvmGcMetrics matched:\n      - @ConditionalOnMissingBean (types: io.micrometer.core.instrument.binder.jvm.JvmGcMetrics; SearchStrategy: all) did not find any beans (OnBeanCondition)\n   JvmMetricsAutoConfiguration#jvmHeapPressureMetrics matched:\n      - @ConditionalOnMissingBean (types: io.micrometer.core.instrument.binder.jvm.JvmHeapPressureMetrics; SearchStrategy: all) did not find any beans (OnBeanCondition)\n   JvmMetricsAutoConfiguration#jvmInfoMetrics matched:\n      - @ConditionalOnMissingBean (types: io.micrometer.core.instrument.binder.jvm.JvmInfoMetrics; SearchStrategy: all) did not find any beans (OnBeanCondition)\n   JvmMetricsAutoConfiguration#jvmMemoryMetrics matched:\n      - @ConditionalOnMissingBean (types: io.micrometer.core.instrument.binder.jvm.JvmMemoryMetrics; SearchStrategy: all) did not find any beans (OnBeanCondition)\n   JvmMetricsAutoConfiguration#jvmThreadMetrics matched:\n      - @ConditionalOnMissingBean (types: io.micrometer.core.instrument.binder.jvm.JvmThreadMetrics; SearchStrategy: all) did not find any beans (OnBeanCondition)\n   LifecycleAutoConfiguration#defaultLifecycleProcessor matched:\n      - @ConditionalOnMissingBean (names: lifecycleProcessor; SearchStrategy: current) did not find any beans (OnBeanCondition)\n   LogbackMetricsAutoConfiguration matched:\n      - @ConditionalOnClass found required classes 'io.micrometer.core.instrument.MeterRegistry', 'ch.qos.logback.classic.LoggerContext', 'org.slf4j.LoggerFactory' (OnClassCondition)\n      - LogbackLoggingCondition ILoggerFactory is a Logback LoggerContext (LogbackMetricsAutoConfiguration.LogbackLoggingCondition)\n      - @ConditionalOnBean (types: io.micrometer.core.instrument.MeterRegistry; SearchStrategy: all) found bean 'simpleMeterRegistry' (OnBeanCondition)\n   LogbackMetricsAutoConfiguration#logbackMetrics matched:\n      - @ConditionalOnMissingBean (types: io.micrometer.core.instrument.binder.logging.LogbackMetrics; SearchStrategy: all) did not find any beans (OnBeanCondition)\n   ManagementContextAutoConfiguration.SameManagementContextConfiguration matched:\n      - Management Port actual port type (SAME) matched required type (OnManagementPortCondition)\n   MetricsAutoConfiguration matched:\n      - @ConditionalOnClass found required class 'io.micrometer.core.annotation.Timed' (OnClassCondition)\n   MetricsAutoConfiguration#micrometerClock matched:\n      - @ConditionalOnMissingBean (types: io.micrometer.core.instrument.Clock; SearchStrategy: all) did not find any beans (OnBeanCondition)\n   MomentsAutoConfiguration matched:\n      - @ConditionalOnProperty (spring.modulith.moments.enabled=true) matched (OnPropertyCondition)\n   MomentsAutoConfiguration#moments matched:\n      - @ConditionalOnProperty (spring.modulith.moments.enable-time-machine=false) matched (OnPropertyCondition)\n   MultipartAutoConfiguration matched:\n      - @ConditionalOnClass found required classes 'jakarta.servlet.Servlet', 'org.springframework.web.multipart.support.StandardServletMultipartResolver', 'jakarta.servlet.MultipartConfigElement' (OnClassCondition)\n      - found 'session' scope (OnWebApplicationCondition)\n      - @ConditionalOnProperty (spring.servlet.multipart.enabled) matched (OnPropertyCondition)\n   MultipartAutoConfiguration#multipartConfigElement matched:\n      - @ConditionalOnMissingBean (types: jakarta.servlet.MultipartConfigElement; SearchStrategy: all) did not find any beans (OnBeanCondition)\n   MultipartAutoConfiguration#multipartResolver matched:\n      - @ConditionalOnMissingBean (types: org.springframework.web.multipart.MultipartResolver; SearchStrategy: all) did not find any beans (OnBeanCondition)\n   NettyAutoConfiguration matched:\n      - @ConditionalOnClass found required class 'io.netty.util.NettyRuntime' (OnClassCondition)\n   NoOpCacheConfiguration matched:\n      - Cache org.springframework.boot.autoconfigure.cache.NoOpCacheConfiguration automatic cache type (CacheCondition)\n   OAuth2ResourceServerAutoConfiguration matched:\n      - @ConditionalOnClass found required class 'org.springframework.security.oauth2.server.resource.authentication.BearerTokenAuthenticationToken' (OnClassCondition)\n      - found 'session' scope (OnWebApplicationCondition)\n   OAuth2ResourceServerJwtConfiguration.JwtDecoderConfiguration matched:\n      - @ConditionalOnMissingBean (types: org.springframework.security.oauth2.jwt.JwtDecoder; SearchStrategy: all) did not find any beans (OnBeanCondition)\n   OAuth2ResourceServerJwtConfiguration.JwtDecoderConfiguration#jwtDecoderByJwkKeySetUri matched:\n      - @ConditionalOnProperty (spring.security.oauth2.resourceserver.jwt.jwk-set-uri) matched (OnPropertyCondition)\n   OAuth2ResourceServerJwtConfiguration.OAuth2SecurityFilterChainConfiguration matched:\n      - AllNestedConditions 2 matched 0 did not; NestedCondition on DefaultWebSecurityCondition.Beans @ConditionalOnMissingBean (types: org.springframework.security.web.SecurityFilterChain; SearchStrategy: all) did not find any beans; NestedCondition on DefaultWebSecurityCondition.Classes @ConditionalOnClass found required classes 'org.springframework.security.web.SecurityFilterChain', 'org.springframework.security.config.annotation.web.builders.HttpSecurity' (DefaultWebSecurityCondition)\n   OAuth2ResourceServerJwtConfiguration.OAuth2SecurityFilterChainConfiguration#jwtSecurityFilterChain matched:\n      - @ConditionalOnBean (types: org.springframework.security.oauth2.jwt.JwtDecoder; SearchStrategy: all) found bean 'jwtDecoderByJwkKeySetUri' (OnBeanCondition)\n   OAuth2ResourceServerOpaqueTokenConfiguration.OpaqueTokenIntrospectionClientConfiguration matched:\n      - @ConditionalOnMissingBean (types: org.springframework.security.oauth2.server.resource.introspection.OpaqueTokenIntrospector; SearchStrategy: all) did not find any beans (OnBeanCondition)\n   Oauth2ResourceServerConfiguration.JwtConfiguration matched:\n      - @ConditionalOnClass found required class 'org.springframework.security.oauth2.jwt.JwtDecoder' (OnClassCondition)\n   ObservationAutoConfiguration matched:\n      - @ConditionalOnClass found required class 'io.micrometer.observation.ObservationRegistry' (OnClassCondition)\n   ObservationAutoConfiguration#observationRegistry matched:\n      - @ConditionalOnMissingBean (types: io.micrometer.observation.ObservationRegistry; SearchStrategy: all) did not find any beans (OnBeanCondition)\n   ObservationAutoConfiguration.MeterObservationHandlerConfiguration matched:\n      - @ConditionalOnBean (types: io.micrometer.core.instrument.MeterRegistry; SearchStrategy: all) found bean 'simpleMeterRegistry'; @ConditionalOnMissingBean (types: io.micrometer.core.instrument.observation.MeterObservationHandler; SearchStrategy: all) did not find any beans (OnBeanCondition)\n   ObservationAutoConfiguration.MeterObservationHandlerConfiguration.OnlyMetricsMeterObservationHandlerConfiguration matched:\n      - @ConditionalOnMissingBean (types: io.micrometer.tracing.Tracer; SearchStrategy: all) did not find any beans (OnBeanCondition)\n   ObservationAutoConfiguration.ObservedAspectConfiguration matched:\n      - @ConditionalOnClass found required class 'org.aspectj.weaver.Advice' (OnClassCondition)\n   ObservationAutoConfiguration.ObservedAspectConfiguration#observedAspect matched:\n      - @ConditionalOnMissingBean (types: io.micrometer.observation.aop.ObservedAspect; SearchStrategy: all) did not find any beans (OnBeanCondition)\n   ObservationAutoConfiguration.OnlyMetricsConfiguration matched:\n      - @ConditionalOnClass found required class 'io.micrometer.core.instrument.MeterRegistry'; @ConditionalOnMissingClass did not find unwanted class 'io.micrometer.tracing.Tracer' (OnClassCondition)\n   PersistenceExceptionTranslationAutoConfiguration matched:\n      - @ConditionalOnClass found required class 'org.springframework.dao.annotation.PersistenceExceptionTranslationPostProcessor' (OnClassCondition)\n   PersistenceExceptionTranslationAutoConfiguration#persistenceExceptionTranslationPostProcessor matched:\n      - @ConditionalOnProperty (spring.dao.exceptiontranslation.enabled) matched (OnPropertyCondition)\n      - @ConditionalOnMissingBean (types: org.springframework.dao.annotation.PersistenceExceptionTranslationPostProcessor; SearchStrategy: all) did not find any beans (OnBeanCondition)\n   PropertyPlaceholderAutoConfiguration#propertySourcesPlaceholderConfigurer matched:\n      - @ConditionalOnMissingBean (types: org.springframework.context.support.PropertySourcesPlaceholderConfigurer; SearchStrategy: current) did not find any beans (OnBeanCondition)\n   RepositoryMetricsAutoConfiguration matched:\n      - @ConditionalOnClass found required class 'org.springframework.data.repository.Repository' (OnClassCondition)\n      - @ConditionalOnBean (types: io.micrometer.core.instrument.MeterRegistry; SearchStrategy: all) found bean 'simpleMeterRegistry' (OnBeanCondition)\n   RepositoryMetricsAutoConfiguration#metricsRepositoryMethodInvocationListener matched:\n      - @ConditionalOnMissingBean (types: org.springframework.boot.actuate.metrics.data.MetricsRepositoryMethodInvocationListener; SearchStrategy: all) did not find any beans (OnBeanCondition)\n   RepositoryMetricsAutoConfiguration#repositoryTagsProvider matched:\n      - @ConditionalOnMissingBean (types: org.springframework.boot.actuate.metrics.data.RepositoryTagsProvider; SearchStrategy: all) did not find any beans (OnBeanCondition)\n   RestClientAutoConfiguration matched:\n      - @ConditionalOnClass found required class 'org.springframework.web.client.RestClient' (OnClassCondition)\n      - NoneNestedConditions 0 matched 1 did not; NestedCondition on NotReactiveWebApplicationCondition.ReactiveWebApplication did not find reactive web application classes (NotReactiveWebApplicationCondition)\n   RestClientAutoConfiguration#httpMessageConvertersRestClientCustomizer matched:\n      - @ConditionalOnMissingBean (types: org.springframework.boot.autoconfigure.web.client.HttpMessageConvertersRestClientCustomizer; SearchStrategy: all) did not find any beans (OnBeanCondition)\n   RestClientAutoConfiguration#restClientBuilder matched:\n      - @ConditionalOnMissingBean (types: org.springframework.web.client.RestClient$Builder; SearchStrategy: all) did not find any beans (OnBeanCondition)\n   RestClientAutoConfiguration#restClientBuilderConfigurer matched:\n      - @ConditionalOnMissingBean (types: org.springframework.boot.autoconfigure.web.client.RestClientBuilderConfigurer; SearchStrategy: all) did not find any beans (OnBeanCondition)\n   RestClientAutoConfiguration#restClientSsl matched:\n      - @ConditionalOnBean (types: org.springframework.boot.ssl.SslBundles; SearchStrategy: all) found bean 'sslBundleRegistry'; @ConditionalOnMissingBean (types: org.springframework.boot.autoconfigure.web.client.RestClientSsl; SearchStrategy: all) did not find any beans (OnBeanCondition)\n   RestClientObservationConfiguration matched:\n      - @ConditionalOnClass found required class 'org.springframework.web.client.RestClient' (OnClassCondition)\n      - @ConditionalOnBean (types: org.springframework.web.client.RestClient$Builder; SearchStrategy: all) found bean 'restClientBuilder' (OnBeanCondition)\n   RestTemplateAutoConfiguration matched:\n      - @ConditionalOnClass found required class 'org.springframework.web.client.RestTemplate' (OnClassCondition)\n      - NoneNestedConditions 0 matched 1 did not; NestedCondition on NotReactiveWebApplicationCondition.ReactiveWebApplication did not find reactive web application classes (NotReactiveWebApplicationCondition)\n   RestTemplateAutoConfiguration#restTemplateBuilder matched:\n      - @ConditionalOnMissingBean (types: org.springframework.boot.web.client.RestTemplateBuilder; SearchStrategy: all) did not find any beans (OnBeanCondition)\n   RestTemplateObservationConfiguration matched:\n      - @ConditionalOnClass found required class 'org.springframework.web.client.RestTemplate' (OnClassCondition)\n      - @ConditionalOnBean (types: org.springframework.boot.web.client.RestTemplateBuilder; SearchStrategy: all) found bean 'restTemplateBuilder' (OnBeanCondition)\n   ScheduledTasksObservabilityAutoConfiguration matched:\n      - @ConditionalOnClass found required class 'org.springframework.scheduling.concurrent.ThreadPoolTaskScheduler' (OnClassCondition)\n      - @ConditionalOnBean (types: io.micrometer.observation.ObservationRegistry; SearchStrategy: all) found bean 'observationRegistry' (OnBeanCondition)\n   SecurityAutoConfiguration matched:\n      - @ConditionalOnClass found required class 'org.springframework.security.authentication.DefaultAuthenticationEventPublisher' (OnClassCondition)\n   SecurityAutoConfiguration#authenticationEventPublisher matched:\n      - @ConditionalOnMissingBean (types: org.springframework.security.authentication.AuthenticationEventPublisher; SearchStrategy: all) did not find any beans (OnBeanCondition)\n   SecurityFilterAutoConfiguration matched:\n      - @ConditionalOnClass found required classes 'org.springframework.security.web.context.AbstractSecurityWebApplicationInitializer', 'org.springframework.security.config.http.SessionCreationPolicy' (OnClassCondition)\n      - found 'session' scope (OnWebApplicationCondition)\n   SecurityFilterAutoConfiguration#securityFilterChainRegistration matched:\n      - @ConditionalOnBean (names: springSecurityFilterChain; SearchStrategy: all) found bean 'springSecurityFilterChain' (OnBeanCondition)\n   SecurityRequestMatchersManagementContextConfiguration matched:\n      - @ConditionalOnClass found required class 'org.springframework.security.web.util.matcher.RequestMatcher' (OnClassCondition)\n      - found 'session' scope (OnWebApplicationCondition)\n   SecurityRequestMatchersManagementContextConfiguration.MvcRequestMatcherConfiguration matched:\n      - @ConditionalOnClass found required class 'org.springframework.web.servlet.DispatcherServlet' (OnClassCondition)\n      - @ConditionalOnBean (types: org.springframework.boot.autoconfigure.web.servlet.DispatcherServletPath; SearchStrategy: all) found bean 'dispatcherServletRegistration' (OnBeanCondition)\n   SecurityRequestMatchersManagementContextConfiguration.MvcRequestMatcherConfiguration#requestMatcherProvider matched:\n      - @ConditionalOnClass found required class 'org.springframework.web.servlet.DispatcherServlet' (OnClassCondition)\n      - @ConditionalOnMissingBean (types: org.springframework.boot.autoconfigure.security.servlet.RequestMatcherProvider; SearchStrategy: all) did not find any beans (OnBeanCondition)\n   ServletEndpointManagementContextConfiguration matched:\n      - found 'session' scope (OnWebApplicationCondition)\n   ServletEndpointManagementContextConfiguration.WebMvcServletEndpointManagementContextConfiguration matched:\n      - @ConditionalOnClass found required class 'org.springframework.web.servlet.DispatcherServlet' (OnClassCondition)\n   ServletManagementContextAutoConfiguration matched:\n      - @ConditionalOnClass found required class 'jakarta.servlet.Servlet' (OnClassCondition)\n      - found 'session' scope (OnWebApplicationCondition)\n   ServletWebServerFactoryAutoConfiguration matched:\n      - @ConditionalOnClass found required class 'jakarta.servlet.ServletRequest' (OnClassCondition)\n      - found 'session' scope (OnWebApplicationCondition)\n   ServletWebServerFactoryAutoConfiguration#tomcatServletWebServerFactoryCustomizer matched:\n      - @ConditionalOnClass found required class 'org.apache.catalina.startup.Tomcat' (OnClassCondition)\n   ServletWebServerFactoryConfiguration.EmbeddedTomcat matched:\n      - @ConditionalOnClass found required classes 'jakarta.servlet.Servlet', 'org.apache.catalina.startup.Tomcat', 'org.apache.coyote.UpgradeProtocol' (OnClassCondition)\n      - @ConditionalOnMissingBean (types: org.springframework.boot.web.servlet.server.ServletWebServerFactory; SearchStrategy: current) did not find any beans (OnBeanCondition)\n   SimpleCacheConfiguration matched:\n      - Cache org.springframework.boot.autoconfigure.cache.SimpleCacheConfiguration automatic cache type (CacheCondition)\n   SimpleMetricsExportAutoConfiguration matched:\n      - @ConditionalOnEnabledMetricsExport management.simple.metrics.export.enabled is true (OnMetricsExportEnabledCondition)\n      - @ConditionalOnBean (types: io.micrometer.core.instrument.Clock; SearchStrategy: all) found bean 'micrometerClock'; @ConditionalOnMissingBean (types: io.micrometer.core.instrument.MeterRegistry; SearchStrategy: all) did not find any beans (OnBeanCondition)\n   SimpleMetricsExportAutoConfiguration#simpleConfig matched:\n      - @ConditionalOnMissingBean (types: io.micrometer.core.instrument.simple.SimpleConfig; SearchStrategy: all) did not find any beans (OnBeanCondition)\n   SpringBootWebSecurityConfiguration matched:\n      - found 'session' scope (OnWebApplicationCondition)\n   SpringBootWebSecurityConfiguration.WebSecurityEnablerConfiguration matched:\n      - @ConditionalOnClass found required class 'org.springframework.security.config.annotation.web.configuration.EnableWebSecurity' (OnClassCondition)\n      - @ConditionalOnMissingBean (names: springSecurityFilterChain; SearchStrategy: all) did not find any beans (OnBeanCondition)\n   SpringDataWebAutoConfiguration matched:\n      - @ConditionalOnClass found required classes 'org.springframework.data.web.PageableHandlerMethodArgumentResolver', 'org.springframework.web.servlet.config.annotation.WebMvcConfigurer' (OnClassCondition)\n      - found 'session' scope (OnWebApplicationCondition)\n      - @ConditionalOnMissingBean (types: org.springframework.data.web.PageableHandlerMethodArgumentResolver; SearchStrategy: all) did not find any beans (OnBeanCondition)\n   SpringDataWebAutoConfiguration#pageableCustomizer matched:\n      - @ConditionalOnMissingBean (types: org.springframework.data.web.config.PageableHandlerMethodArgumentResolverCustomizer; SearchStrategy: all) did not find any beans (OnBeanCondition)\n   SpringDataWebAutoConfiguration#sortCustomizer matched:\n      - @ConditionalOnMissingBean (types: org.springframework.data.web.config.SortHandlerMethodArgumentResolverCustomizer; SearchStrategy: all) did not find any beans (OnBeanCondition)\n   SpringDataWebAutoConfiguration#springDataWebSettings matched:\n      - @ConditionalOnMissingBean (types: org.springframework.data.web.config.SpringDataWebSettings; SearchStrategy: all) did not find any beans (OnBeanCondition)\n   SqlInitializationAutoConfiguration matched:\n      - @ConditionalOnProperty (spring.sql.init.enabled) matched (OnPropertyCondition)\n      - NoneNestedConditions 0 matched 1 did not; NestedCondition on SqlInitializationAutoConfiguration.SqlInitializationModeCondition.ModeIsNever @ConditionalOnProperty (spring.sql.init.mode=never) did not find property 'mode' (SqlInitializationAutoConfiguration.SqlInitializationModeCondition)\n   SslAutoConfiguration#sslBundleRegistry matched:\n      - @ConditionalOnMissingBean (types: org.springframework.boot.ssl.SslBundleRegistry,org.springframework.boot.ssl.SslBundles; SearchStrategy: all) did not find any beans (OnBeanCondition)\n   SslHealthContributorAutoConfiguration matched:\n      - @ConditionalOnEnabledHealthIndicator management.health.defaults.enabled is considered true (OnEnabledHealthIndicatorCondition)\n   SslHealthContributorAutoConfiguration#sslHealthIndicator matched:\n      - @ConditionalOnMissingBean (names: sslHealthIndicator; SearchStrategy: all) did not find any beans (OnBeanCondition)\n   SslHealthContributorAutoConfiguration#sslInfo matched:\n      - @ConditionalOnMissingBean (types: org.springframework.boot.info.SslInfo; SearchStrategy: all) did not find any beans (OnBeanCondition)\n   StartupTimeMetricsListenerAutoConfiguration matched:\n      - @ConditionalOnClass found required class 'io.micrometer.core.instrument.MeterRegistry' (OnClassCondition)\n      - @ConditionalOnBean (types: io.micrometer.core.instrument.MeterRegistry; SearchStrategy: all) found bean 'simpleMeterRegistry' (OnBeanCondition)\n   StartupTimeMetricsListenerAutoConfiguration#startupTimeMetrics matched:\n      - @ConditionalOnMissingBean (types: org.springframework.boot.actuate.metrics.startup.StartupTimeMetricsListener; SearchStrategy: all) did not find any beans (OnBeanCondition)\n   SystemMetricsAutoConfiguration matched:\n      - @ConditionalOnClass found required class 'io.micrometer.core.instrument.MeterRegistry' (OnClassCondition)\n      - @ConditionalOnBean (types: io.micrometer.core.instrument.MeterRegistry; SearchStrategy: all) found bean 'simpleMeterRegistry' (OnBeanCondition)\n   SystemMetricsAutoConfiguration#diskSpaceMetrics matched:\n      - @ConditionalOnMissingBean (types: org.springframework.boot.actuate.metrics.system.DiskSpaceMetricsBinder; SearchStrategy: all) did not find any beans (OnBeanCondition)\n   SystemMetricsAutoConfiguration#fileDescriptorMetrics matched:\n      - @ConditionalOnMissingBean (types: io.micrometer.core.instrument.binder.system.FileDescriptorMetrics; SearchStrategy: all) did not find any beans (OnBeanCondition)\n   SystemMetricsAutoConfiguration#processorMetrics matched:\n      - @ConditionalOnMissingBean (types: io.micrometer.core.instrument.binder.system.ProcessorMetrics; SearchStrategy: all) did not find any beans (OnBeanCondition)\n   SystemMetricsAutoConfiguration#uptimeMetrics matched:\n      - @ConditionalOnMissingBean (types: io.micrometer.core.instrument.binder.system.UptimeMetrics; SearchStrategy: all) did not find any beans (OnBeanCondition)\n   TaskExecutionAutoConfiguration matched:\n      - @ConditionalOnClass found required class 'org.springframework.scheduling.concurrent.ThreadPoolTaskExecutor' (OnClassCondition)\n   TaskExecutorConfigurations.SimpleAsyncTaskExecutorBuilderConfiguration#simpleAsyncTaskExecutorBuilder matched:\n      - @ConditionalOnMissingBean (types: org.springframework.boot.task.SimpleAsyncTaskExecutorBuilder; SearchStrategy: all) did not find any beans (OnBeanCondition)\n      - @ConditionalOnThreading found PLATFORM (OnThreadingCondition)\n   TaskExecutorConfigurations.TaskExecutorConfiguration matched:\n      - @ConditionalOnMissingBean (types: java.util.concurrent.Executor; SearchStrategy: all) did not find any beans (OnBeanCondition)\n   TaskExecutorConfigurations.TaskExecutorConfiguration#applicationTaskExecutor matched:\n      - @ConditionalOnThreading found PLATFORM (OnThreadingCondition)\n   TaskExecutorConfigurations.ThreadPoolTaskExecutorBuilderConfiguration#threadPoolTaskExecutorBuilder matched:\n      - @ConditionalOnMissingBean (types: org.springframework.boot.task.ThreadPoolTaskExecutorBuilder; SearchStrategy: all) did not find any beans (OnBeanCondition)\n   TaskExecutorMetricsAutoConfiguration matched:\n      - @ConditionalOnClass found required class 'io.micrometer.core.instrument.binder.jvm.ExecutorServiceMetrics' (OnClassCondition)\n      - @ConditionalOnBean (types: java.util.concurrent.Executor,io.micrometer.core.instrument.MeterRegistry; SearchStrategy: all) found beans 'applicationTaskExecutor', 'simpleMeterRegistry' (OnBeanCondition)\n   TaskSchedulingAutoConfiguration matched:\n      - @ConditionalOnClass found required class 'org.springframework.scheduling.concurrent.ThreadPoolTaskScheduler' (OnClassCondition)\n   TaskSchedulingConfigurations.SimpleAsyncTaskSchedulerBuilderConfiguration#simpleAsyncTaskSchedulerBuilder matched:\n      - @ConditionalOnMissingBean (types: org.springframework.boot.task.SimpleAsyncTaskSchedulerBuilder; SearchStrategy: all) did not find any beans (OnBeanCondition)\n      - @ConditionalOnThreading found PLATFORM (OnThreadingCondition)\n   TaskSchedulingConfigurations.ThreadPoolTaskSchedulerBuilderConfiguration#threadPoolTaskSchedulerBuilder matched:\n      - @ConditionalOnMissingBean (types: org.springframework.boot.task.ThreadPoolTaskSchedulerBuilder; SearchStrategy: all) did not find any beans (OnBeanCondition)\n   TomcatMetricsAutoConfiguration matched:\n      - @ConditionalOnClass found required classes 'io.micrometer.core.instrument.binder.tomcat.TomcatMetrics', 'org.apache.catalina.Manager' (OnClassCondition)\n      - @ConditionalOnWebApplication (required) found 'session' scope (OnWebApplicationCondition)\n   TomcatMetricsAutoConfiguration#tomcatMetricsBinder matched:\n      - @ConditionalOnBean (types: io.micrometer.core.instrument.MeterRegistry; SearchStrategy: all) found bean 'simpleMeterRegistry'; @ConditionalOnMissingBean (types: io.micrometer.core.instrument.binder.tomcat.TomcatMetrics,org.springframework.boot.actuate.metrics.web.tomcat.TomcatMetricsBinder; SearchStrategy: all) did not find any beans (OnBeanCondition)\n   TransactionAutoConfiguration matched:\n      - @ConditionalOnClass found required class 'org.springframework.transaction.PlatformTransactionManager' (OnClassCondition)\n   TransactionManagerCustomizationAutoConfiguration matched:\n      - @ConditionalOnClass found required class 'org.springframework.transaction.PlatformTransactionManager' (OnClassCondition)\n   TransactionManagerCustomizationAutoConfiguration#platformTransactionManagerCustomizers matched:\n      - @ConditionalOnMissingBean (types: org.springframework.boot.autoconfigure.transaction.TransactionManagerCustomizers; SearchStrategy: all) did not find any beans (OnBeanCondition)\n   ValidationAutoConfiguration matched:\n      - @ConditionalOnClass found required class 'jakarta.validation.executable.ExecutableValidator' (OnClassCondition)\n      - @ConditionalOnResource found location classpath:META-INF/services/jakarta.validation.spi.ValidationProvider (OnResourceCondition)\n   ValidationAutoConfiguration#defaultValidator matched:\n      - @ConditionalOnMissingBean (types: jakarta.validation.Validator; SearchStrategy: all) did not find any beans (OnBeanCondition)\n   ValidationAutoConfiguration#methodValidationPostProcessor matched:\n      - @ConditionalOnMissingBean (types: org.springframework.validation.beanvalidation.MethodValidationPostProcessor; SearchStrategy: current) did not find any beans (OnBeanCondition)\n   WebEndpointAutoConfiguration matched:\n      - @ConditionalOnWebApplication (required) found 'session' scope (OnWebApplicationCondition)\n   WebEndpointAutoConfiguration#controllerEndpointDiscoverer matched:\n      - @ConditionalOnMissingBean (types: org.springframework.boot.actuate.endpoint.web.annotation.ControllerEndpointsSupplier; SearchStrategy: all) did not find any beans (OnBeanCondition)\n   WebEndpointAutoConfiguration#endpointMediaTypes matched:\n      - @ConditionalOnMissingBean (types: org.springframework.boot.actuate.endpoint.web.EndpointMediaTypes; SearchStrategy: all) did not find any beans (OnBeanCondition)\n   WebEndpointAutoConfiguration#pathMappedEndpoints matched:\n      - @ConditionalOnMissingBean (types: org.springframework.boot.actuate.endpoint.web.PathMappedEndpoints; SearchStrategy: all) did not find any beans (OnBeanCondition)\n   WebEndpointAutoConfiguration#webEndpointDiscoverer matched:\n      - @ConditionalOnMissingBean (types: org.springframework.boot.actuate.endpoint.web.WebEndpointsSupplier; SearchStrategy: all) did not find any beans (OnBeanCondition)\n   WebEndpointAutoConfiguration.WebEndpointServletConfiguration matched:\n      - found 'session' scope (OnWebApplicationCondition)\n   WebEndpointAutoConfiguration.WebEndpointServletConfiguration#servletEndpointDiscoverer matched:\n      - @ConditionalOnMissingBean (types: org.springframework.boot.actuate.endpoint.web.annotation.ServletEndpointsSupplier; SearchStrategy: all) did not find any beans (OnBeanCondition)\n   WebMvcAutoConfiguration matched:\n      - @ConditionalOnClass found required classes 'jakarta.servlet.Servlet', 'org.springframework.web.servlet.DispatcherServlet', 'org.springframework.web.servlet.config.annotation.WebMvcConfigurer' (OnClassCondition)\n      - found 'session' scope (OnWebApplicationCondition)\n      - @ConditionalOnMissingBean (types: org.springframework.web.servlet.config.annotation.WebMvcConfigurationSupport; SearchStrategy: all) did not find any beans (OnBeanCondition)\n   WebMvcAutoConfiguration#formContentFilter matched:\n      - @ConditionalOnProperty (spring.mvc.formcontent.filter.enabled) matched (OnPropertyCondition)\n      - @ConditionalOnMissingBean (types: org.springframework.web.filter.FormContentFilter; SearchStrategy: all) did not find any beans (OnBeanCondition)\n   WebMvcAutoConfiguration.EnableWebMvcConfiguration#flashMapManager matched:\n      - @ConditionalOnMissingBean (names: flashMapManager; SearchStrategy: all) did not find any beans (OnBeanCondition)\n   WebMvcAutoConfiguration.EnableWebMvcConfiguration#localeResolver matched:\n      - @ConditionalOnMissingBean (names: localeResolver; SearchStrategy: all) did not find any beans (OnBeanCondition)\n   WebMvcAutoConfiguration.EnableWebMvcConfiguration#themeResolver matched:\n      - @ConditionalOnMissingBean (names: themeResolver; SearchStrategy: all) did not find any beans (OnBeanCondition)\n   WebMvcAutoConfiguration.EnableWebMvcConfiguration#viewNameTranslator matched:\n      - @ConditionalOnMissingBean (names: viewNameTranslator; SearchStrategy: all) did not find any beans (OnBeanCondition)\n   WebMvcAutoConfiguration.WebMvcAutoConfigurationAdapter#defaultViewResolver matched:\n      - @ConditionalOnMissingBean (types: org.springframework.web.servlet.view.InternalResourceViewResolver; SearchStrategy: all) did not find any beans (OnBeanCondition)\n   WebMvcAutoConfiguration.WebMvcAutoConfigurationAdapter#requestContextFilter matched:\n      - @ConditionalOnMissingBean (types: org.springframework.web.context.request.RequestContextListener,org.springframework.web.filter.RequestContextFilter; SearchStrategy: all) did not find any beans (OnBeanCondition)\n   WebMvcAutoConfiguration.WebMvcAutoConfigurationAdapter#viewResolver matched:\n      - @ConditionalOnBean (types: org.springframework.web.servlet.ViewResolver; SearchStrategy: all) found beans 'defaultViewResolver', 'beanNameViewResolver', 'mvcViewResolver'; @ConditionalOnMissingBean (names: viewResolver types: org.springframework.web.servlet.view.ContentNegotiatingViewResolver; SearchStrategy: all) did not find any beans (OnBeanCondition)\n   WebMvcEndpointManagementContextConfiguration matched:\n      - @ConditionalOnClass found required class 'org.springframework.web.servlet.DispatcherServlet' (OnClassCondition)\n      - found 'session' scope (OnWebApplicationCondition)\n      - @ConditionalOnBean (types: org.springframework.web.servlet.DispatcherServlet,org.springframework.boot.actuate.endpoint.web.WebEndpointsSupplier; SearchStrategy: all) found beans 'webEndpointDiscoverer', 'dispatcherServlet' (OnBeanCondition)\n   WebMvcEndpointManagementContextConfiguration#controllerEndpointHandlerMapping matched:\n      - @ConditionalOnMissingBean (types: org.springframework.boot.actuate.endpoint.web.servlet.ControllerEndpointHandlerMapping; SearchStrategy: all) did not find any beans (OnBeanCondition)\n   WebMvcEndpointManagementContextConfiguration#endpointObjectMapperWebMvcConfigurer matched:\n      - @ConditionalOnBean (types: org.springframework.boot.actuate.endpoint.jackson.EndpointObjectMapper; SearchStrategy: all) found bean 'endpointObjectMapper' (OnBeanCondition)\n   WebMvcEndpointManagementContextConfiguration#webEndpointServletHandlerMapping matched:\n      - @ConditionalOnMissingBean (types: org.springframework.boot.actuate.endpoint.web.servlet.WebMvcEndpointHandlerMapping; SearchStrategy: all) did not find any beans (OnBeanCondition)\n   WebMvcObservationAutoConfiguration matched:\n      - @ConditionalOnClass found required classes 'org.springframework.web.servlet.DispatcherServlet', 'io.micrometer.observation.Observation' (OnClassCondition)\n      - found 'session' scope (OnWebApplicationCondition)\n      - @ConditionalOnBean (types: io.micrometer.observation.ObservationRegistry; SearchStrategy: all) found bean 'observationRegistry' (OnBeanCondition)\n   WebMvcObservationAutoConfiguration#webMvcObservationFilter matched:\n      - @ConditionalOnMissingBean (types: org.springframework.web.filter.ServerHttpObservationFilter; SearchStrategy: all) did not find any beans (OnBeanCondition)\n   WebMvcObservationAutoConfiguration.MeterFilterConfiguration matched:\n      - @ConditionalOnClass found required class 'io.micrometer.core.instrument.MeterRegistry' (OnClassCondition)\n      - @ConditionalOnBean (types: io.micrometer.core.instrument.MeterRegistry; SearchStrategy: all) found bean 'simpleMeterRegistry' (OnBeanCondition)\n   WebSocketServletAutoConfiguration matched:\n      - @ConditionalOnClass found required classes 'jakarta.servlet.Servlet', 'jakarta.websocket.server.ServerContainer' (OnClassCondition)\n      - found 'session' scope (OnWebApplicationCondition)\n   WebSocketServletAutoConfiguration.TomcatWebSocketConfiguration matched:\n      - @ConditionalOnClass found required classes 'org.apache.catalina.startup.Tomcat', 'org.apache.tomcat.websocket.server.WsSci' (OnClassCondition)\n   WebSocketServletAutoConfiguration.TomcatWebSocketConfiguration#websocketServletWebServerCustomizer matched:\n      - @ConditionalOnMissingBean (names: websocketServletWebServerCustomizer; SearchStrategy: all) did not find any beans (OnBeanCondition)\nNegative matches:\n-----------------\n   ActiveMQAutoConfiguration:\n      Did not match:\n         - @ConditionalOnClass did not find required class 'jakarta.jms.ConnectionFactory' (OnClassCondition)\n   AopAutoConfiguration.AspectJAutoProxyingConfiguration.JdkDynamicAutoProxyConfiguration:\n      Did not match:\n         - @ConditionalOnProperty (spring.aop.proxy-target-class=false) did not find property 'proxy-target-class' (OnPropertyCondition)\n   AopAutoConfiguration.ClassProxyingConfiguration:\n      Did not match:\n         - @ConditionalOnMissingClass found unwanted class 'org.aspectj.weaver.Advice' (OnClassCondition)\n   AppOpticsMetricsExportAutoConfiguration:\n      Did not match:\n         - @ConditionalOnClass did not find required class 'io.micrometer.appoptics.AppOpticsMeterRegistry' (OnClassCondition)\n   ArchivingAutoConfiguration:\n      Did not match:\n         - @ConditionalOnProperty (spring.modulith.events.completion-mode=archive) did not find property 'spring.modulith.events.completion-mode' (OnPropertyCondition)\n   ArtemisAutoConfiguration:\n      Did not match:\n         - @ConditionalOnClass did not find required class 'jakarta.jms.ConnectionFactory' (OnClassCondition)\n   AtlasMetricsExportAutoConfiguration:\n      Did not match:\n         - @ConditionalOnClass did not find required class 'io.micrometer.atlas.AtlasMeterRegistry' (OnClassCondition)\n   AuditAutoConfiguration:\n      Did not match:\n         - @ConditionalOnBean (types: org.springframework.boot.actuate.audit.AuditEventRepository; SearchStrategy: all) did not find any beans of type org.springframework.boot.actuate.audit.AuditEventRepository (OnBeanCondition)\n      Matched:\n         - @ConditionalOnProperty (management.auditevents.enabled) matched (OnPropertyCondition)\n   AuditEventsEndpointAutoConfiguration:\n      Did not match:\n         - @ConditionalOnAvailableEndpoint not exposed (OnAvailableEndpointCondition)\n   AvailabilityHealthContributorAutoConfiguration#livenessStateHealthIndicator:\n      Did not match:\n         - @ConditionalOnProperty (management.health.livenessstate.enabled=true) did not find property 'enabled' (OnPropertyCondition)\n   AvailabilityHealthContributorAutoConfiguration#readinessStateHealthIndicator:\n      Did not match:\n         - @ConditionalOnProperty (management.health.readinessstate.enabled=true) did not find property 'enabled' (OnPropertyCondition)\n   AvailabilityProbesAutoConfiguration:\n      Did not match:\n         - Probes availability not running on a supported cloud platform (AvailabilityProbesAutoConfiguration.ProbesCondition)\n   BatchAutoConfiguration:\n      Did not match:\n         - @ConditionalOnClass did not find required class 'org.springframework.batch.core.launch.JobLauncher' (OnClassCondition)\n   BatchObservationAutoConfiguration:\n      Did not match:\n         - @ConditionalOnClass did not find required class 'org.springframework.batch.core.configuration.annotation.BatchObservabilityBeanPostProcessor' (OnClassCondition)\n   BeansEndpointAutoConfiguration:\n      Did not match:\n         - @ConditionalOnAvailableEndpoint not exposed (OnAvailableEndpointCondition)\n   BraveAutoConfiguration:\n      Did not match:\n         - @ConditionalOnClass did not find required class 'brave.Tracer' (OnClassCondition)\n   Cache2kCacheConfiguration:\n      Did not match:\n         - @ConditionalOnClass did not find required class 'org.cache2k.Cache2kBuilder' (OnClassCondition)\n   CacheAutoConfiguration:\n      Did not match:\n         - @ConditionalOnBean (types: org.springframework.cache.interceptor.CacheAspectSupport; SearchStrategy: all) did not find any beans of type org.springframework.cache.interceptor.CacheAspectSupport (OnBeanCondition)\n      Matched:\n         - @ConditionalOnClass found required class 'org.springframework.cache.CacheManager' (OnClassCondition)\n   CacheAutoConfiguration.CacheManagerEntityManagerFactoryDependsOnPostProcessor:\n      Did not match:\n         - Ancestor org.springframework.boot.autoconfigure.cache.CacheAutoConfiguration did not match (ConditionEvaluationReport.AncestorsMatchedCondition)\n      Matched:\n         - @ConditionalOnClass found required class 'org.springframework.orm.jpa.LocalContainerEntityManagerFactoryBean' (OnClassCondition)\n   CacheMeterBinderProvidersConfiguration.Cache2kCacheMeterBinderProviderConfiguration:\n      Did not match:\n         - @ConditionalOnClass did not find required classes 'org.cache2k.Cache2kBuilder', 'org.cache2k.extra.spring.SpringCache2kCache', 'org.cache2k.extra.micrometer.Cache2kCacheMetrics' (OnClassCondition)\n   CacheMeterBinderProvidersConfiguration.CaffeineCacheMeterBinderProviderConfiguration:\n      Did not match:\n         - @ConditionalOnClass did not find required class 'org.springframework.cache.caffeine.CaffeineCache' (OnClassCondition)\n   CacheMeterBinderProvidersConfiguration.HazelcastCacheMeterBinderProviderConfiguration:\n      Did not match:\n         - @ConditionalOnClass did not find required classes 'com.hazelcast.spring.cache.HazelcastCache', 'com.hazelcast.core.Hazelcast' (OnClassCondition)\n   CacheMeterBinderProvidersConfiguration.JCacheCacheMeterBinderProviderConfiguration:\n      Did not match:\n         - @ConditionalOnClass did not find required classes 'org.springframework.cache.jcache.JCacheCache', 'javax.cache.CacheManager' (OnClassCondition)\n   CacheMeterBinderProvidersConfiguration.RedisCacheMeterBinderProviderConfiguration:\n      Did not match:\n         - @ConditionalOnClass did not find required class 'org.springframework.data.redis.cache.RedisCache' (OnClassCondition)\n   CacheMetricsAutoConfiguration:\n      Did not match:\n         - @ConditionalOnBean (types: org.springframework.cache.CacheManager; SearchStrategy: all) did not find any beans of type org.springframework.cache.CacheManager (OnBeanCondition)\n   CachesEndpointAutoConfiguration:\n      Did not match:\n         - @ConditionalOnAvailableEndpoint not exposed (OnAvailableEndpointCondition)\n      Matched:\n         - @ConditionalOnClass found required class 'org.springframework.cache.CacheManager' (OnClassCondition)\n   CaffeineCacheConfiguration:\n      Did not match:\n         - @ConditionalOnClass did not find required class 'org.springframework.cache.caffeine.CaffeineCacheManager' (OnClassCondition)\n   CassandraAutoConfiguration:\n      Did not match:\n         - @ConditionalOnClass did not find required class 'com.datastax.oss.driver.api.core.CqlSession' (OnClassCondition)\n   CassandraDataAutoConfiguration:\n      Did not match:\n         - @ConditionalOnClass did not find required class 'com.datastax.oss.driver.api.core.CqlSession' (OnClassCondition)\n   CassandraHealthContributorAutoConfiguration:\n      Did not match:\n         - @ConditionalOnClass did not find required class 'com.datastax.oss.driver.api.core.CqlSession' (OnClassCondition)\n   CassandraReactiveDataAutoConfiguration:\n      Did not match:\n         - @ConditionalOnClass did not find required class 'com.datastax.oss.driver.api.core.CqlSession' (OnClassCondition)\n   CassandraReactiveHealthContributorAutoConfiguration:\n      Did not match:\n         - @ConditionalOnClass did not find required class 'com.datastax.oss.driver.api.core.CqlSession' (OnClassCondition)\n   CassandraReactiveRepositoriesAutoConfiguration:\n      Did not match:\n         - @ConditionalOnClass did not find required class 'org.springframework.data.cassandra.ReactiveSession' (OnClassCondition)\n   CassandraRepositoriesAutoConfiguration:\n      Did not match:\n         - @ConditionalOnClass did not find required class 'com.datastax.oss.driver.api.core.CqlSession' (OnClassCondition)\n   ClientHttpConnectorAutoConfiguration:\n      Did not match:\n         - @ConditionalOnClass did not find required class 'org.springframework.web.reactive.function.client.WebClient' (OnClassCondition)\n   CloudFoundryActuatorAutoConfiguration:\n      Did not match:\n         - @ConditionalOnCloudPlatform did not find CLOUD_FOUNDRY (OnCloudPlatformCondition)\n      Matched:\n         - @ConditionalOnClass found required class 'org.springframework.web.servlet.DispatcherServlet' (OnClassCondition)\n         - found 'session' scope (OnWebApplicationCondition)\n         - @ConditionalOnProperty (management.cloudfoundry.enabled) matched (OnPropertyCondition)\n   CodecsAutoConfiguration:\n      Did not match:\n         - @ConditionalOnClass did not find required class 'org.springframework.web.reactive.function.client.WebClient' (OnClassCondition)\n   CompositeMeterRegistryConfiguration:\n      Did not match:\n         - NoneNestedConditions 1 matched 1 did not; NestedCondition on CompositeMeterRegistryConfiguration.MultipleNonPrimaryMeterRegistriesCondition.SingleInjectableMeterRegistry @ConditionalOnSingleCandidate (types: io.micrometer.core.instrument.MeterRegistry; SearchStrategy: all) found a single bean 'simpleMeterRegistry'; NestedCondition on CompositeMeterRegistryConfiguration.MultipleNonPrimaryMeterRegistriesCondition.NoMeterRegistryCondition @ConditionalOnMissingBean (types: io.micrometer.core.instrument.MeterRegistry; SearchStrategy: all) found beans of type 'io.micrometer.core.instrument.MeterRegistry' simpleMeterRegistry (CompositeMeterRegistryConfiguration.MultipleNonPrimaryMeterRegistriesCondition)\n   ConditionsReportEndpointAutoConfiguration:\n      Did not match:\n         - @ConditionalOnAvailableEndpoint not exposed (OnAvailableEndpointCondition)\n   ConfigurationPropertiesReportEndpointAutoConfiguration:\n      Did not match:\n         - @ConditionalOnAvailableEndpoint not exposed (OnAvailableEndpointCondition)\n   ConnectionFactoryHealthContributorAutoConfiguration:\n      Did not match:\n         - @ConditionalOnClass did not find required class 'io.r2dbc.spi.ConnectionFactory' (OnClassCondition)\n   ConnectionPoolMetricsAutoConfiguration:\n      Did not match:\n         - @ConditionalOnClass did not find required class 'io.r2dbc.pool.ConnectionPool' (OnClassCondition)\n   CouchbaseAutoConfiguration:\n      Did not match:\n         - @ConditionalOnClass did not find required class 'com.couchbase.client.java.Cluster' (OnClassCondition)\n   CouchbaseCacheConfiguration:\n      Did not match:\n         - @ConditionalOnClass did not find required class 'com.couchbase.client.java.Cluster' (OnClassCondition)\n   CouchbaseDataAutoConfiguration:\n      Did not match:\n         - @ConditionalOnClass did not find required class 'com.couchbase.client.java.Bucket' (OnClassCondition)\n   CouchbaseHealthContributorAutoConfiguration:\n      Did not match:\n         - @ConditionalOnClass did not find required class 'com.couchbase.client.java.Cluster' (OnClassCondition)\n   CouchbaseReactiveDataAutoConfiguration:\n      Did not match:\n         - @ConditionalOnClass did not find required class 'com.couchbase.client.java.Cluster' (OnClassCondition)\n   CouchbaseReactiveHealthContributorAutoConfiguration:\n      Did not match:\n         - @ConditionalOnClass did not find required class 'com.couchbase.client.java.Cluster' (OnClassCondition)\n   CouchbaseReactiveRepositoriesAutoConfiguration:\n      Did not match:\n         - @ConditionalOnClass did not find required class 'com.couchbase.client.java.Cluster' (OnClassCondition)\n   CouchbaseRepositoriesAutoConfiguration:\n      Did not match:\n         - @ConditionalOnClass did not find required class 'com.couchbase.client.java.Bucket' (OnClassCondition)\n   DataSourceHealthContributorAutoConfiguration:\n      Did not match:\n         - @ConditionalOnBean (types: javax.sql.DataSource; SearchStrategy: all) did not find any beans of type javax.sql.DataSource (OnBeanCondition)\n      Matched:\n         - @ConditionalOnClass found required classes 'org.springframework.jdbc.core.JdbcTemplate', 'org.springframework.jdbc.datasource.lookup.AbstractRoutingDataSource' (OnClassCondition)\n         - @ConditionalOnEnabledHealthIndicator management.health.defaults.enabled is considered true (OnEnabledHealthIndicatorCondition)\n   DataSourceInitializationConfiguration:\n      Did not match:\n         - @ConditionalOnSingleCandidate (types: javax.sql.DataSource; SearchStrategy: all) did not find any beans (OnBeanCondition)\n      Matched:\n         - @ConditionalOnClass found required class 'org.springframework.jdbc.datasource.init.DatabasePopulator' (OnClassCondition)\n   DataSourcePoolMetricsAutoConfiguration:\n      Did not match:\n         - @ConditionalOnBean (types: javax.sql.DataSource,io.micrometer.core.instrument.MeterRegistry; SearchStrategy: all) did not find any beans of type javax.sql.DataSource (OnBeanCondition)\n      Matched:\n         - @ConditionalOnClass found required classes 'javax.sql.DataSource', 'io.micrometer.core.instrument.MeterRegistry' (OnClassCondition)\n   DataSourcePoolMetricsAutoConfiguration.HikariDataSourceMetricsConfiguration:\n      Did not match:\n         - Ancestor org.springframework.boot.actuate.autoconfigure.metrics.jdbc.DataSourcePoolMetricsAutoConfiguration did not match (ConditionEvaluationReport.AncestorsMatchedCondition)\n      Matched:\n         - @ConditionalOnClass found required class 'com.zaxxer.hikari.HikariDataSource' (OnClassCondition)\n   DataSourceTransactionManagerAutoConfiguration.JdbcTransactionManagerConfiguration:\n      Did not match:\n         - @ConditionalOnSingleCandidate (types: javax.sql.DataSource; SearchStrategy: all) did not find any beans (OnBeanCondition)\n   DatadogMetricsExportAutoConfiguration:\n      Did not match:\n         - @ConditionalOnClass did not find required class 'io.micrometer.datadog.DatadogMeterRegistry' (OnClassCondition)\n   DispatcherServletAutoConfiguration.DispatcherServletConfiguration#multipartResolver:\n      Did not match:\n         - @ConditionalOnBean (types: org.springframework.web.multipart.MultipartResolver; SearchStrategy: all) did not find any beans of type org.springframework.web.multipart.MultipartResolver (OnBeanCondition)\n   DynatraceMetricsExportAutoConfiguration:\n      Did not match:\n         - @ConditionalOnClass did not find required class 'io.micrometer.dynatrace.DynatraceMeterRegistry' (OnClassCondition)\n   ElasticMetricsExportAutoConfiguration:\n      Did not match:\n         - @ConditionalOnClass did not find required class 'io.micrometer.elastic.ElasticMeterRegistry' (OnClassCondition)\n   ElasticsearchClientAutoConfiguration:\n      Did not match:\n         - @ConditionalOnClass did not find required class 'co.elastic.clients.elasticsearch.ElasticsearchClient' (OnClassCondition)\n   ElasticsearchDataAutoConfiguration:\n      Did not match:\n         - @ConditionalOnClass did not find required class 'org.springframework.data.elasticsearch.client.elc.ElasticsearchTemplate' (OnClassCondition)\n   ElasticsearchReactiveHealthContributorAutoConfiguration:\n      Did not match:\n         - @ConditionalOnClass did not find required class 'reactor.core.publisher.Flux' (OnClassCondition)\n   ElasticsearchRepositoriesAutoConfiguration:\n      Did not match:\n         - @ConditionalOnClass did not find required class 'org.springframework.data.elasticsearch.repository.ElasticsearchRepository' (OnClassCondition)\n   ElasticsearchRestClientAutoConfiguration:\n      Did not match:\n         - @ConditionalOnClass did not find required class 'org.elasticsearch.client.RestClientBuilder' (OnClassCondition)\n   ElasticsearchRestHealthContributorAutoConfiguration:\n      Did not match:\n         - @ConditionalOnClass did not find required class 'org.elasticsearch.client.RestClient' (OnClassCondition)\n   EmbeddedLdapAutoConfiguration:\n      Did not match:\n         - @ConditionalOnClass did not find required class 'com.unboundid.ldap.listener.InMemoryDirectoryServer' (OnClassCondition)\n   EmbeddedWebServerFactoryCustomizerAutoConfiguration:\n      Did not match:\n         - Application is deployed as a WAR file. (OnWarDeploymentCondition)\n      Matched:\n         - @ConditionalOnWebApplication (required) found 'session' scope (OnWebApplicationCondition)\n   EnvironmentEndpointAutoConfiguration:\n      Did not match:\n         - @ConditionalOnAvailableEndpoint not exposed (OnAvailableEndpointCondition)\n   ErrorWebFluxAutoConfiguration:\n      Did not match:\n         - @ConditionalOnClass did not find required class 'org.springframework.web.reactive.config.WebFluxConfigurer' (OnClassCondition)\n   EventPublicationAutoConfiguration#applicationEventMulticaster:\n      Did not match:\n         - @ConditionalOnBean (types: org.springframework.modulith.events.core.EventPublicationRegistry; SearchStrategy: all) did not find any beans of type org.springframework.modulith.events.core.EventPublicationRegistry (OnBeanCondition)\n   EventPublicationAutoConfiguration#completionRegisteringAdvisor:\n      Did not match:\n         - @ConditionalOnBean (types: org.springframework.modulith.events.core.EventPublicationRegistry; SearchStrategy: all) did not find any beans of type org.springframework.modulith.events.core.EventPublicationRegistry (OnBeanCondition)\n   EventPublicationAutoConfiguration#eventPublicationRegistry:\n      Did not match:\n         - @ConditionalOnBean (types: org.springframework.modulith.events.core.EventPublicationRepository; SearchStrategy: all) did not find any beans of type org.springframework.modulith.events.core.EventPublicationRepository (OnBeanCondition)\n   FlywayEndpointAutoConfiguration:\n      Did not match:\n         - @ConditionalOnAvailableEndpoint not exposed (OnAvailableEndpointCondition)\n      Matched:\n         - @ConditionalOnClass found required class 'org.flywaydb.core.Flyway' (OnClassCondition)\n   FreeMarkerAutoConfiguration:\n      Did not match:\n         - @ConditionalOnClass did not find required class 'freemarker.template.Configuration' (OnClassCondition)\n   GangliaMetricsExportAutoConfiguration:\n      Did not match:\n         - @ConditionalOnClass did not find required class 'io.micrometer.ganglia.GangliaMeterRegistry' (OnClassCondition)\n   GraphQlAutoConfiguration:\n      Did not match:\n         - @ConditionalOnClass did not find required class 'graphql.GraphQL' (OnClassCondition)\n   GraphQlObservationAutoConfiguration:\n      Did not match:\n         - @ConditionalOnClass did not find required class 'graphql.GraphQL' (OnClassCondition)\n   GraphQlQueryByExampleAutoConfiguration:\n      Did not match:\n         - @ConditionalOnClass did not find required class 'graphql.GraphQL' (OnClassCondition)\n   GraphQlQuerydslAutoConfiguration:\n      Did not match:\n         - @ConditionalOnClass did not find required class 'com.querydsl.core.Query' (OnClassCondition)\n   GraphQlRSocketAutoConfiguration:\n      Did not match:\n         - @ConditionalOnClass did not find required class 'graphql.GraphQL' (OnClassCondition)\n   GraphQlReactiveQueryByExampleAutoConfiguration:\n      Did not match:\n         - @ConditionalOnClass did not find required class 'graphql.GraphQL' (OnClassCondition)\n   GraphQlReactiveQuerydslAutoConfiguration:\n      Did not match:\n         - @ConditionalOnClass did not find required class 'com.querydsl.core.Query' (OnClassCondition)\n   GraphQlWebFluxAutoConfiguration:\n      Did not match:\n         - @ConditionalOnClass did not find required class 'graphql.GraphQL' (OnClassCondition)\n   GraphQlWebFluxSecurityAutoConfiguration:\n      Did not match:\n         - @ConditionalOnClass did not find required class 'graphql.GraphQL' (OnClassCondition)\n   GraphQlWebMvcAutoConfiguration:\n      Did not match:\n         - @ConditionalOnClass did not find required class 'graphql.GraphQL' (OnClassCondition)\n   GraphQlWebMvcSecurityAutoConfiguration:\n      Did not match:\n         - @ConditionalOnClass did not find required class 'graphql.GraphQL' (OnClassCondition)\n   GraphiteMetricsExportAutoConfiguration:\n      Did not match:\n         - @ConditionalOnClass did not find required class 'io.micrometer.graphite.GraphiteMeterRegistry' (OnClassCondition)\n   GroovyTemplateAutoConfiguration:\n      Did not match:\n         - @ConditionalOnClass did not find required class 'groovy.text.markup.MarkupTemplateEngine' (OnClassCondition)\n   GsonAutoConfiguration:\n      Did not match:\n         - @ConditionalOnClass did not find required class 'com.google.gson.Gson' (OnClassCondition)\n   GsonHttpMessageConvertersConfiguration:\n      Did not match:\n         - @ConditionalOnClass did not find required class 'com.google.gson.Gson' (OnClassCondition)\n   H2ConsoleAutoConfiguration:\n      Did not match:\n         - @ConditionalOnClass did not find required class 'org.h2.server.web.JakartaWebServlet' (OnClassCondition)\n   HazelcastAutoConfiguration:\n      Did not match:\n         - @ConditionalOnClass did not find required class 'com.hazelcast.core.HazelcastInstance' (OnClassCondition)\n   HazelcastCacheConfiguration:\n      Did not match:\n         - @ConditionalOnClass did not find required class 'com.hazelcast.core.HazelcastInstance' (OnClassCondition)\n   HazelcastHealthContributorAutoConfiguration:\n      Did not match:\n         - @ConditionalOnClass did not find required class 'com.hazelcast.core.HazelcastInstance' (OnClassCondition)\n   HazelcastJpaDependencyAutoConfiguration:\n      Did not match:\n         - @ConditionalOnClass did not find required class 'com.hazelcast.core.HazelcastInstance' (OnClassCondition)\n   HealthEndpointReactiveWebExtensionConfiguration:\n      Did not match:\n         - did not find reactive web application classes (OnWebApplicationCondition)\n   HealthEndpointWebExtensionConfiguration.JerseyAdditionalHealthEndpointPathsConfiguration:\n      Did not match:\n         - @ConditionalOnClass did not find required class 'org.glassfish.jersey.server.ResourceConfig' (OnClassCondition)\n   HeapDumpWebEndpointAutoConfiguration:\n      Did not match:\n         - @ConditionalOnAvailableEndpoint not exposed (OnAvailableEndpointCondition)\n   HibernateMetricsAutoConfiguration:\n      Did not match:\n         - @ConditionalOnClass did not find required class 'org.hibernate.stat.HibernateMetrics' (OnClassCondition)\n   HttpExchangesAutoConfiguration:\n      Did not match:\n         - @ConditionalOnBean (types: org.springframework.boot.actuate.web.exchanges.HttpExchangeRepository; SearchStrategy: all) did not find any beans of type org.springframework.boot.actuate.web.exchanges.HttpExchangeRepository (OnBeanCondition)\n      Matched:\n         - @ConditionalOnWebApplication (required) found 'session' scope (OnWebApplicationCondition)\n         - @ConditionalOnProperty (management.httpexchanges.recording.enabled) matched (OnPropertyCondition)\n   HttpExchangesAutoConfiguration.ReactiveHttpExchangesConfiguration:\n      Did not match:\n         - did not find reactive web application classes (OnWebApplicationCondition)\n         - Ancestor org.springframework.boot.actuate.autoconfigure.web.exchanges.HttpExchangesAutoConfiguration did not match (ConditionEvaluationReport.AncestorsMatchedCondition)\n   HttpExchangesAutoConfiguration.ServletHttpExchangesConfiguration:\n      Did not match:\n         - Ancestor org.springframework.boot.actuate.autoconfigure.web.exchanges.HttpExchangesAutoConfiguration did not match (ConditionEvaluationReport.AncestorsMatchedCondition)\n      Matched:\n         - found 'session' scope (OnWebApplicationCondition)\n   HttpExchangesEndpointAutoConfiguration:\n      Did not match:\n         - @ConditionalOnAvailableEndpoint not exposed (OnAvailableEndpointCondition)\n   HttpHandlerAutoConfiguration:\n      Did not match:\n         - @ConditionalOnClass did not find required class 'org.springframework.web.reactive.DispatcherHandler' (OnClassCondition)\n   HumioMetricsExportAutoConfiguration:\n      Did not match:\n         - @ConditionalOnClass did not find required class 'io.micrometer.humio.HumioMeterRegistry' (OnClassCondition)\n   HypermediaAutoConfiguration:\n      Did not match:\n         - @ConditionalOnClass did not find required class 'org.springframework.hateoas.EntityModel' (OnClassCondition)\n   InfinispanCacheConfiguration:\n      Did not match:\n         - @ConditionalOnClass did not find required class 'org.infinispan.spring.embedded.provider.SpringEmbeddedCacheManager' (OnClassCondition)\n   InfluxMetricsExportAutoConfiguration:\n      Did not match:\n         - @ConditionalOnClass did not find required class 'io.micrometer.influx.InfluxMeterRegistry' (OnClassCondition)\n   InfoContributorAutoConfiguration#buildInfoContributor:\n      Did not match:\n         - @ConditionalOnSingleCandidate (types: org.springframework.boot.info.BuildProperties; SearchStrategy: all) did not find any beans (OnBeanCondition)\n      Matched:\n         - @ConditionalOnEnabledInfoContributor management.info.defaults.enabled is considered true (OnEnabledInfoContributorCondition)\n   InfoContributorAutoConfiguration#envInfoContributor:\n      Did not match:\n         - @ConditionalOnEnabledInfoContributor management.info.env.enabled is not true (OnEnabledInfoContributorCondition)\n   InfoContributorAutoConfiguration#gitInfoContributor:\n      Did not match:\n         - @ConditionalOnSingleCandidate (types: org.springframework.boot.info.GitProperties; SearchStrategy: all) did not find any beans (OnBeanCondition)\n      Matched:\n         - @ConditionalOnEnabledInfoContributor management.info.defaults.enabled is considered true (OnEnabledInfoContributorCondition)\n   InfoContributorAutoConfiguration#javaInfoContributor:\n      Did not match:\n         - @ConditionalOnEnabledInfoContributor management.info.java.enabled is not true (OnEnabledInfoContributorCondition)\n   InfoContributorAutoConfiguration#osInfoContributor:\n      Did not match:\n         - @ConditionalOnEnabledInfoContributor management.info.os.enabled is not true (OnEnabledInfoContributorCondition)\n   InfoContributorAutoConfiguration#processInfoContributor:\n      Did not match:\n         - @ConditionalOnEnabledInfoContributor management.info.process.enabled is not true (OnEnabledInfoContributorCondition)\n   InfoContributorAutoConfiguration#sslInfo:\n      Did not match:\n         - @ConditionalOnEnabledInfoContributor management.info.ssl.enabled i
[...]
d not find property 'password'; NestedCondition on ReactiveUserDetailsServiceAutoConfiguration.MissingAlternativeOrUserPropertiesConfigured.NameConfigured @ConditionalOnProperty (spring.security.user.name) did not find property 'name'; NestedCondition on ReactiveUserDetailsServiceAutoConfiguration.MissingAlternativeOrUserPropertiesConfigured.MissingAlternative @ConditionalOnMissingClass found unwanted class 'org.springframework.security.oauth2.server.resource.introspection.ReactiveOpaqueTokenIntrospector' (ReactiveUserDetailsServiceAutoConfiguration.MissingAlternativeOrUserPropertiesConfigured)\n      Matched:\n         - @ConditionalOnClass found required class 'org.springframework.security.authentication.ReactiveAuthenticationManager' (OnClassCondition)\n   ReactiveWebServerFactoryAutoConfiguration:\n      Did not match:\n         - @ConditionalOnWebApplication did not find reactive web application classes (OnWebApplicationCondition)\n   ReactorAutoConfiguration:\n      Did not match:\n         - @ConditionalOnClass did not find required class 'reactor.core.publisher.Hooks' (OnClassCondition)\n   RedisAutoConfiguration:\n      Did not match:\n         - @ConditionalOnClass did not find required class 'org.springframework.data.redis.core.RedisOperations' (OnClassCondition)\n   RedisCacheConfiguration:\n      Did not match:\n         - @ConditionalOnClass did not find required class 'org.springframework.data.redis.connection.RedisConnectionFactory' (OnClassCondition)\n   RedisHealthContributorAutoConfiguration:\n      Did not match:\n         - @ConditionalOnClass did not find required class 'org.springframework.data.redis.connection.RedisConnectionFactory' (OnClassCondition)\n   RedisReactiveAutoConfiguration:\n      Did not match:\n         - @ConditionalOnClass did not find required class 'reactor.core.publisher.Flux' (OnClassCondition)\n   RedisReactiveHealthContributorAutoConfiguration:\n      Did not match:\n         - @ConditionalOnClass did not find required class 'reactor.core.publisher.Flux' (OnClassCondition)\n   RedisRepositoriesAutoConfiguration:\n      Did not match:\n         - @ConditionalOnClass did not find required class 'org.springframework.data.redis.repository.configuration.EnableRedisRepositories' (OnClassCondition)\n   RepositoryRestMvcAutoConfiguration:\n      Did not match:\n         - @ConditionalOnClass did not find required class 'org.springframework.data.rest.webmvc.config.RepositoryRestMvcConfiguration' (OnClassCondition)\n   Saml2RelyingPartyAutoConfiguration:\n      Did not match:\n         - @ConditionalOnClass did not find required class 'org.springframework.security.saml2.provider.service.registration.RelyingPartyRegistrationRepository' (OnClassCondition)\n   SbomEndpointAutoConfiguration:\n      Did not match:\n         - @ConditionalOnAvailableEndpoint not exposed (OnAvailableEndpointCondition)\n   ScheduledTasksEndpointAutoConfiguration:\n      Did not match:\n         - @ConditionalOnAvailableEndpoint not exposed (OnAvailableEndpointCondition)\n   SecurityDataConfiguration:\n      Did not match:\n         - @ConditionalOnClass did not find required class 'org.springframework.security.data.repository.query.SecurityEvaluationContextExtension' (OnClassCondition)\n   SecurityRequestMatchersManagementContextConfiguration.JerseyRequestMatcherConfiguration:\n      Did not match:\n         - @ConditionalOnClass did not find required class 'org.glassfish.jersey.server.ResourceConfig' (OnClassCondition)\n   SendGridAutoConfiguration:\n      Did not match:\n         - @ConditionalOnClass did not find required class 'com.sendgrid.SendGrid' (OnClassCondition)\n   ServletEndpointManagementContextConfiguration.JerseyServletEndpointManagementContextConfiguration:\n      Did not match:\n         - @ConditionalOnClass did not find required class 'org.glassfish.jersey.server.ResourceConfig' (OnClassCondition)\n   ServletManagementContextAutoConfiguration.ApplicationContextFilterConfiguration:\n      Did not match:\n         - @ConditionalOnProperty (management.server.add-application-context-header=true) did not find property 'add-application-context-header' (OnPropertyCondition)\n   ServletWebServerFactoryAutoConfiguration.ForwardedHeaderFilterConfiguration:\n      Did not match:\n         - @ConditionalOnProperty (server.forward-headers-strategy=framework) did not find property 'server.forward-headers-strategy' (OnPropertyCondition)\n   ServletWebServerFactoryConfiguration.EmbeddedJetty:\n      Did not match:\n         - @ConditionalOnClass did not find required classes 'org.eclipse.jetty.server.Server', 'org.eclipse.jetty.util.Loader', 'org.eclipse.jetty.ee10.webapp.WebAppContext' (OnClassCondition)\n   ServletWebServerFactoryConfiguration.EmbeddedUndertow:\n      Did not match:\n         - @ConditionalOnClass did not find required classes 'io.undertow.Undertow', 'org.xnio.SslClientAuthMode' (OnClassCondition)\n   SessionAutoConfiguration:\n      Did not match:\n         - @ConditionalOnClass did not find required class 'org.springframework.session.Session' (OnClassCondition)\n   SessionsEndpointAutoConfiguration:\n      Did not match:\n         - @ConditionalOnClass did not find required class 'org.springframework.session.Session' (OnClassCondition)\n   ShutdownEndpointAutoConfiguration:\n      Did not match:\n         - @ConditionalOnAvailableEndpoint the configured access for endpoint 'shutdown' is NONE (OnAvailableEndpointCondition)\n   SignalFxMetricsExportAutoConfiguration:\n      Did not match:\n         - @ConditionalOnClass did not find required class 'io.micrometer.signalfx.SignalFxMeterRegistry' (OnClassCondition)\n   SpringApplicationAdminJmxAutoConfiguration:\n      Did not match:\n         - @ConditionalOnProperty (spring.application.admin.enabled=true) did not find property 'enabled' (OnPropertyCondition)\n   SpringBootWebSecurityConfiguration.SecurityFilterChainConfiguration:\n      Did not match:\n         - AllNestedConditions 1 matched 1 did not; NestedCondition on DefaultWebSecurityCondition.Beans @ConditionalOnMissingBean (types: org.springframework.security.web.SecurityFilterChain; SearchStrategy: all) found beans of type 'org.springframework.security.web.SecurityFilterChain' jwtSecurityFilterChain; NestedCondition on DefaultWebSecurityCondition.Classes @ConditionalOnClass found required classes 'org.springframework.security.web.SecurityFilterChain', 'org.springframework.security.config.annotation.web.builders.HttpSecurity' (DefaultWebSecurityCondition)\n   StackdriverMetricsExportAutoConfiguration:\n      Did not match:\n         - @ConditionalOnClass did not find required class 'io.micrometer.stackdriver.StackdriverMeterRegistry' (OnClassCondition)\n   StartupEndpointAutoConfiguration:\n      Did not match:\n         - ApplicationStartup configured applicationStartup is of type class org.springframework.core.metrics.DefaultApplicationStartup, expected BufferingApplicationStartup. (StartupEndpointAutoConfiguration.ApplicationStartupCondition)\n   StatsdMetricsExportAutoConfiguration:\n      Did not match:\n         - @ConditionalOnClass did not find required class 'io.micrometer.statsd.StatsdMeterRegistry' (OnClassCondition)\n   TaskExecutorConfigurations.SimpleAsyncTaskExecutorBuilderConfiguration#simpleAsyncTaskExecutorBuilderVirtualThreads:\n      Did not match:\n         - @ConditionalOnMissingBean (types: org.springframework.boot.task.SimpleAsyncTaskExecutorBuilder; SearchStrategy: all) found beans of type 'org.springframework.boot.task.SimpleAsyncTaskExecutorBuilder' simpleAsyncTaskExecutorBuilder (OnBeanCondition)\n   TaskExecutorConfigurations.TaskExecutorConfiguration#applicationTaskExecutorVirtualThreads:\n      Did not match:\n         - @ConditionalOnThreading did not find VIRTUAL (OnThreadingCondition)\n   TaskSchedulingAutoConfiguration#scheduledBeanLazyInitializationExcludeFilter:\n      Did not match:\n         - @ConditionalOnBean (names: org.springframework.context.annotation.internalScheduledAnnotationProcessor; SearchStrategy: all) did not find any beans named org.springframework.context.annotation.internalScheduledAnnotationProcessor (OnBeanCondition)\n   TaskSchedulingConfigurations.SimpleAsyncTaskSchedulerBuilderConfiguration#simpleAsyncTaskSchedulerBuilderVirtualThreads:\n      Did not match:\n         - @ConditionalOnMissingBean (types: org.springframework.boot.task.SimpleAsyncTaskSchedulerBuilder; SearchStrategy: all) found beans of type 'org.springframework.boot.task.SimpleAsyncTaskSchedulerBuilder' simpleAsyncTaskSchedulerBuilder (OnBeanCondition)\n   TaskSchedulingConfigurations.TaskSchedulerConfiguration:\n      Did not match:\n         - @ConditionalOnBean (names: org.springframework.context.annotation.internalScheduledAnnotationProcessor; SearchStrategy: all) did not find any beans named org.springframework.context.annotation.internalScheduledAnnotationProcessor (OnBeanCondition)\n   ThreadDumpEndpointAutoConfiguration:\n      Did not match:\n         - @ConditionalOnAvailableEndpoint not exposed (OnAvailableEndpointCondition)\n   ThymeleafAutoConfiguration:\n      Did not match:\n         - @ConditionalOnClass did not find required class 'org.thymeleaf.spring6.SpringTemplateEngine' (OnClassCondition)\n   TransactionAutoConfiguration#transactionalOperator:\n      Did not match:\n         - @ConditionalOnSingleCandidate (types: org.springframework.transaction.ReactiveTransactionManager; SearchStrategy: all) did not find any beans (OnBeanCondition)\n   TransactionAutoConfiguration.AspectJTransactionManagementConfiguration:\n      Did not match:\n         - @ConditionalOnBean (types: org.springframework.transaction.aspectj.AbstractTransactionAspect; SearchStrategy: all) did not find any beans of type org.springframework.transaction.aspectj.AbstractTransactionAspect (OnBeanCondition)\n   TransactionAutoConfiguration.EnableTransactionManagementConfiguration:\n      Did not match:\n         - @ConditionalOnBean (types: org.springframework.transaction.TransactionManager; SearchStrategy: all) did not find any beans of type org.springframework.transaction.TransactionManager (OnBeanCondition)\n   TransactionAutoConfiguration.EnableTransactionManagementConfiguration.CglibAutoProxyConfiguration:\n      Did not match:\n         - Ancestor org.springframework.boot.autoconfigure.transaction.TransactionAutoConfiguration$EnableTransactionManagementConfiguration did not match (ConditionEvaluationReport.AncestorsMatchedCondition)\n      Matched:\n         - @ConditionalOnProperty (spring.aop.proxy-target-class=true) matched (OnPropertyCondition)\n   TransactionAutoConfiguration.EnableTransactionManagementConfiguration.JdkDynamicAutoProxyConfiguration:\n      Did not match:\n         - @ConditionalOnProperty (spring.aop.proxy-target-class=false) did not find property 'proxy-target-class' (OnPropertyCondition)\n         - Ancestor org.springframework.boot.autoconfigure.transaction.TransactionAutoConfiguration$EnableTransactionManagementConfiguration did not match (ConditionEvaluationReport.AncestorsMatchedCondition)\n   TransactionAutoConfiguration.TransactionTemplateConfiguration:\n      Did not match:\n         - @ConditionalOnSingleCandidate (types: org.springframework.transaction.PlatformTransactionManager; SearchStrategy: all) did not find any beans (OnBeanCondition)\n   UserDetailsServiceAutoConfiguration:\n      Did not match:\n         - AnyNestedCondition 0 matched 3 did not; NestedCondition on UserDetailsServiceAutoConfiguration.MissingAlternativeOrUserPropertiesConfigured.PasswordConfigured @ConditionalOnProperty (spring.security.user.password) did not find property 'password'; NestedCondition on UserDetailsServiceAutoConfiguration.MissingAlternativeOrUserPropertiesConfigured.NameConfigured @ConditionalOnProperty (spring.security.user.name) did not find property 'name'; NestedCondition on UserDetailsServiceAutoConfiguration.MissingAlternativeOrUserPropertiesConfigured.MissingAlternative @ConditionalOnMissingClass found unwanted class 'org.springframework.security.oauth2.server.resource.introspection.OpaqueTokenIntrospector' (UserDetailsServiceAutoConfiguration.MissingAlternativeOrUserPropertiesConfigured)\n      Matched:\n         - @ConditionalOnClass found required class 'org.springframework.security.authentication.AuthenticationManager' (OnClassCondition)\n         - found 'session' scope (OnWebApplicationCondition)\n   WavefrontAutoConfiguration:\n      Did not match:\n         - @ConditionalOnClass did not find required class 'com.wavefront.sdk.common.application.ApplicationTags' (OnClassCondition)\n   WavefrontMetricsExportAutoConfiguration:\n      Did not match:\n         - @ConditionalOnClass did not find required class 'com.wavefront.sdk.common.WavefrontSender' (OnClassCondition)\n   WavefrontTracingAutoConfiguration:\n      Did not match:\n         - @ConditionalOnClass did not find required class 'com.wavefront.sdk.common.WavefrontSender' (OnClassCondition)\n   WebClientAutoConfiguration:\n      Did not match:\n         - @ConditionalOnClass did not find required class 'org.springframework.web.reactive.function.client.WebClient' (OnClassCondition)\n   WebClientObservationConfiguration:\n      Did not match:\n         - @ConditionalOnClass did not find required class 'org.springframework.web.reactive.function.client.WebClient' (OnClassCondition)\n   WebFluxAutoConfiguration:\n      Did not match:\n         - @ConditionalOnClass did not find required class 'org.springframework.web.reactive.config.WebFluxConfigurer' (OnClassCondition)\n   WebFluxEndpointManagementContextConfiguration:\n      Did not match:\n         - @ConditionalOnClass did not find required class 'org.springframework.web.reactive.DispatcherHandler' (OnClassCondition)\n   WebFluxObservationAutoConfiguration:\n      Did not match:\n         - @ConditionalOnWebApplication did not find reactive web application classes (OnWebApplicationCondition)\n   WebMvcAutoConfiguration#hiddenHttpMethodFilter:\n      Did not match:\n         - @ConditionalOnProperty (spring.mvc.hiddenmethod.filter.enabled) did not find property 'enabled' (OnPropertyCondition)\n   WebMvcAutoConfiguration.ProblemDetailsErrorHandlingConfiguration:\n      Did not match:\n         - @ConditionalOnProperty (spring.mvc.problemdetails.enabled=true) did not find property 'enabled' (OnPropertyCondition)\n   WebMvcAutoConfiguration.ResourceChainCustomizerConfiguration:\n      Did not match:\n         - @ConditionalOnEnabledResourceChain did not find class org.webjars.WebJarVersionLocator (OnEnabledResourceChainCondition)\n   WebMvcAutoConfiguration.WebMvcAutoConfigurationAdapter#beanNameViewResolver:\n      Did not match:\n         - @ConditionalOnMissingBean (types: org.springframework.web.servlet.view.BeanNameViewResolver; SearchStrategy: all) found beans of type 'org.springframework.web.servlet.view.BeanNameViewResolver' beanNameViewResolver (OnBeanCondition)\n   WebMvcEndpointManagementContextConfiguration#managementHealthEndpointWebMvcHandlerMapping:\n      Did not match:\n         - Management Port actual port type (SAME) did not match required type (DIFFERENT) (OnManagementPortCondition)\n   WebServiceTemplateAutoConfiguration:\n      Did not match:\n         - @ConditionalOnClass did not find required class 'org.springframework.oxm.Marshaller' (OnClassCondition)\n   WebServicesAutoConfiguration:\n      Did not match:\n         - @ConditionalOnClass did not find required class 'org.springframework.ws.transport.http.MessageDispatcherServlet' (OnClassCondition)\n   WebSessionIdResolverAutoConfiguration:\n      Did not match:\n         - @ConditionalOnClass did not find required class 'reactor.core.publisher.Mono' (OnClassCondition)\n   WebSocketMessagingAutoConfiguration:\n      Did not match:\n         - @ConditionalOnClass did not find required class 'org.springframework.web.socket.config.annotation.WebSocketMessageBrokerConfigurer' (OnClassCondition)\n   WebSocketReactiveAutoConfiguration:\n      Did not match:\n         - @ConditionalOnWebApplication did not find reactive web application classes (OnWebApplicationCondition)\n   WebSocketServletAutoConfiguration.JettyWebSocketConfiguration:\n      Did not match:\n         - @ConditionalOnClass did not find required class 'org.eclipse.jetty.ee10.websocket.jakarta.server.config.JakartaWebSocketServletContainerInitializer' (OnClassCondition)\n   WebSocketServletAutoConfiguration.UndertowWebSocketConfiguration:\n      Did not match:\n         - @ConditionalOnClass did not find required class 'io.undertow.websockets.jsr.Bootstrap' (OnClassCondition)\n   XADataSourceAutoConfiguration:\n      Did not match:\n         - @ConditionalOnBean (types: org.springframework.boot.jdbc.XADataSourceWrapper; SearchStrategy: all) did not find any beans of type org.springframework.boot.jdbc.XADataSourceWrapper (OnBeanCondition)\n      Matched:\n         - @ConditionalOnClass found required classes 'javax.sql.DataSource', 'jakarta.transaction.TransactionManager', 'org.springframework.jdbc.datasource.embedded.EmbeddedDatabaseType' (OnClassCondition)\n   ZipkinAutoConfiguration:\n      Did not match:\n         - @ConditionalOnClass did not find required class 'zipkin2.reporter.Encoding' (OnClassCondition)\nExclusions:\n-----------\n    org.springframework.boot.autoconfigure.jdbc.DataSourceAutoConfiguration\n    org.springframework.boot.autoconfigure.orm.jpa.HibernateJpaAutoConfiguration\n    org.springframework.boot.autoconfigure.flyway.FlywayAutoConfiguration\n    org.springframework.modulith.events.jpa.JpaEventPublicationAutoConfiguration\nUnconditional classes:\n----------------------\n    org.springframework.boot.autoconfigure.context.ConfigurationPropertiesAutoConfiguration\n    org.springframework.modulith.events.jackson.JacksonEventSerializationConfiguration\n    org.springframework.boot.actuate.autoconfigure.availability.AvailabilityHealthContributorAutoConfiguration\n    org.springframework.boot.autoconfigure.ssl.SslAutoConfiguration\n    org.springframework.boot.actuate.autoconfigure.info.InfoContributorAutoConfiguration\n    org.springframework.boot.autoconfigure.context.PropertyPlaceholderAutoConfiguration\n    org.springframework.boot.autoconfigure.context.LifecycleAutoConfiguration\n    org.springframework.boot.actuate.autoconfigure.metrics.integration.IntegrationMetricsAutoConfiguration\n    org.springframework.boot.actuate.autoconfigure.endpoint.EndpointAutoConfiguration\n    org.springframework.modulith.events.config.EventPublicationAutoConfiguration\n    org.springframework.boot.actuate.autoconfigure.web.server.ManagementContextAutoConfiguration\n    org.springframework.boot.actuate.autoconfigure.health.HealthContributorAutoConfiguration\n    org.springframework.boot.actuate.autoconfigure.endpoint.jackson.JacksonEndpointAutoConfiguration\n    org.springframework.modulith.core.config.ApplicationModuleInitializerRuntimeVerification\n    org.springframework.boot.autoconfigure.availability.ApplicationAvailabilityAutoConfiguration\n    org.springframework.boot.autoconfigure.info.ProjectInfoAutoConfiguration\n"}
{"timestamp":"2026-04-28T22:09:01.415+01:00","level":"INFO","logger":"o.s.s.config.TaskSchedulerRouter","thread":"main","message":"No TaskScheduler/ScheduledExecutorService bean found for scheduled processing"}
{"timestamp":"2026-04-28T22:09:01.500+01:00","level":"INFO","logger":"pt.xavier.tms.TmsApplicationTests","thread":"main","message":"Started TmsApplicationTests in 38.12 seconds (process running for 50.045)"}
{"timestamp":"2026-04-28T22:09:03.181+01:00","level":"DEBUG","logger":"o.s.b.a.ApplicationAvailabilityBean","thread":"main","message":"Application availability state LivenessState changed to CORRECT"}
{"timestamp":"2026-04-28T22:09:03.203+01:00","level":"DEBUG","logger":"o.s.b.a.ApplicationAvailabilityBean","thread":"main","message":"Application availability state ReadinessState changed to ACCEPTING_TRAFFIC"}
]]></system-out>
  </testcase>
</testsuite>