<?xml version="1.0" encoding="UTF-8"?>
<testsuite xmlns:xsi="http://www.w3.org/2001/XMLSchema-instance" xsi:noNamespaceSchemaLocation="https://maven.apache.org/surefire/maven-surefire-plugin/xsd/surefire-test-report.xsd" version="3.0.2" name="pt.xavier.tms.FlywayMigrationIntegrationTests" time="6.568" tests="6" errors="0" skipped="0" failures="0">
  <properties>
[...]
</properties>
  <testcase name="createsSpringModulithEventPublicationTable" classname="pt.xavier.tms.FlywayMigrationIntegrationTests" time="1.94">
    <system-out><![CDATA[19:24:14.961 [main] INFO org.testcontainers.DockerClientFactory -- Testcontainers version: 1.20.6
19:24:15.377 [main] INFO org.testcontainers.dockerclient.DockerClientProviderStrategy -- Loaded org.testcontainers.dockerclient.UnixSocketClientProviderStrategy from ~/.testcontainers.properties, will try it first
19:24:15.864 [main] INFO org.testcontainers.dockerclient.DockerClientProviderStrategy -- Found Docker environment with local Unix socket (unix:///var/run/docker.sock)
19:24:15.867 [main] INFO org.testcontainers.DockerClientFactory -- Docker host IP address is localhost
19:24:15.901 [main] INFO org.testcontainers.DockerClientFactory -- Connected to docker: 
  Server Version: 28.5.2
  API Version: 1.51
  Operating System: Docker Desktop
  Total Memory: 7835 MB
  Labels: 
    com.docker.desktop.address=unix:///Users/xavier/Library/Containers/com.docker.docker/Data/docker-cli.sock
19:24:15.922 [main] INFO org.testcontainers.images.PullPolicy -- Image pull policy will be performed by: DefaultPullPolicy()
19:24:15.925 [main] INFO org.testcontainers.utility.ImageNameSubstitutor -- Image name substitution will be performed by: DefaultImageNameSubstitutor (composite of 'ConfigurationFileImageNameSubstitutor' and 'PrefixingImageNameSubstitutor')
19:24:16.011 [main] INFO tc.testcontainers/ryuk:0.11.0 -- Creating container for image: testcontainers/ryuk:0.11.0
19:24:16.386 [main] INFO org.testcontainers.utility.RegistryAuthLocator -- Credential helper/store (docker-credential-desktop) does not have credentials for https://index.docker.io/v1/
19:24:16.524 [main] INFO tc.testcontainers/ryuk:0.11.0 -- Container testcontainers/ryuk:0.11.0 is starting: 35fde561982cb887064e26899f30cc93ecb8b3da934a5d2bec4991d0c2e2007d
19:24:17.028 [main] INFO tc.testcontainers/ryuk:0.11.0 -- Container testcontainers/ryuk:0.11.0 started in PT1.016896S
19:24:17.040 [main] INFO org.testcontainers.utility.RyukResourceReaper -- Ryuk started - will monitor and terminate Testcontainers containers on JVM exit
19:24:17.041 [main] INFO org.testcontainers.DockerClientFactory -- Checking the system...
19:24:17.042 [main] INFO org.testcontainers.DockerClientFactory -- ✔︎ Docker server version should be at least 1.6.0
19:24:17.069 [main] INFO tc.postgres:16-alpine -- Creating container for image: postgres:16-alpine
19:24:17.157 [main] INFO tc.postgres:16-alpine -- Container postgres:16-alpine is starting: 64ef2bd0ce74a7ace56685400894eb3fca5e6e8b8a41c4f582d2499ddd2d7eec
19:24:19.768 [main] INFO tc.postgres:16-alpine -- Container postgres:16-alpine started in PT2.699103S
19:24:19.769 [main] INFO tc.postgres:16-alpine -- Container is started (JDBC URL: jdbc:postgresql://localhost:52048/tms_test?loggerLevel=OFF)
19:24:20.454 [main] INFO org.flywaydb.core.FlywayExecutor -- Database: jdbc:postgresql://localhost:52048/tms_test?loggerLevel=OFF (PostgreSQL 16.11)
19:24:20.562 [main] INFO org.flywaydb.core.internal.schemahistory.JdbcTableSchemaHistory -- Schema history table "public"."flyway_schema_history" does not exist yet
19:24:20.572 [main] INFO org.flywaydb.core.internal.command.DbValidate -- Successfully validated 16 migrations (execution time 00:00.071s)
19:24:20.640 [main] INFO org.flywaydb.core.internal.schemahistory.JdbcTableSchemaHistory -- Creating Schema History table "public"."flyway_schema_history" ...
19:24:20.908 [main] INFO org.flywaydb.core.internal.command.DbMigrate -- Current version of schema "public": << Empty Schema >>
19:24:20.920 [main] INFO org.flywaydb.core.internal.command.DbMigrate -- Migrating schema "public" to version "0 - init extensions"
19:24:20.985 [main] INFO org.flywaydb.core.internal.command.DbMigrate -- Migrating schema "public" to version "1 - create event publication table"
19:24:21.006 [main] WARN org.flywaydb.core.internal.sqlscript.DefaultSqlScriptExecutor -- DB: identifier "event_publication_serialized_event_listener_id_completion_date_idx" will be truncated to "event_publication_serialized_event_listener_id_completion_date_" (SQL State: 42622 - Error Code: 0)
19:24:21.030 [main] INFO org.flywaydb.core.internal.command.DbMigrate -- Migrating schema "public" to version "2 - rename event publication lookup index"
19:24:21.054 [main] INFO org.flywaydb.core.internal.command.DbMigrate -- Migrating schema "public" to version "3 - create files"
19:24:21.083 [main] INFO org.flywaydb.core.internal.command.DbMigrate -- Migrating schema "public" to version "4 - create vehicles"
19:24:21.109 [main] INFO org.flywaydb.core.internal.command.DbMigrate -- Migrating schema "public" to version "5 - create vehicle documents"
19:24:21.140 [main] INFO org.flywaydb.core.internal.command.DbMigrate -- Migrating schema "public" to version "6 - create vehicle accessories"
19:24:21.166 [main] INFO org.flywaydb.core.internal.command.DbMigrate -- Migrating schema "public" to version "7 - create maintenance records"
19:24:21.195 [main] INFO org.flywaydb.core.internal.command.DbMigrate -- Migrating schema "public" to version "8 - create checklists"
19:24:21.242 [main] INFO org.flywaydb.core.internal.command.DbMigrate -- Migrating schema "public" to version "10 - create vehicle indexes"
19:24:21.277 [main] INFO org.flywaydb.core.internal.command.DbMigrate -- Migrating schema "public" to version "11 - create audit logs"
19:24:21.303 [main] INFO org.flywaydb.core.internal.command.DbMigrate -- Migrating schema "public" to version "12 - create drivers"
19:24:21.328 [main] INFO org.flywaydb.core.internal.command.DbMigrate -- Migrating schema "public" to version "13 - create driver documents"
19:24:21.353 [main] INFO org.flywaydb.core.internal.command.DbMigrate -- Migrating schema "public" to version "14 - create driver indexes"
19:24:21.383 [main] INFO org.flywaydb.core.internal.command.DbMigrate -- Migrating schema "public" to version "15 - create activities"
19:24:21.450 [main] INFO org.flywaydb.core.internal.command.DbMigrate -- Migrating schema "public" to version "16 - create activity events"
19:24:21.504 [main] INFO org.flywaydb.core.internal.command.DbMigrate -- Successfully applied 16 migrations to schema "public", now at version v16 (execution time 00:00.310s)
]]></system-out>
  </testcase>
  <testcase name="createsDriverModuleTablesAndIndexes" classname="pt.xavier.tms.FlywayMigrationIntegrationTests" time="0.342">
    <system-out><![CDATA[19:24:21.765 [main] INFO org.flywaydb.core.FlywayExecutor -- Database: jdbc:postgresql://localhost:52048/tms_test?loggerLevel=OFF (PostgreSQL 16.11)
19:24:21.806 [main] INFO org.flywaydb.core.internal.command.DbValidate -- Successfully validated 16 migrations (execution time 00:00.021s)
19:24:21.844 [main] INFO org.flywaydb.core.internal.command.DbMigrate -- Current version of schema "public": 16
19:24:21.845 [main] INFO org.flywaydb.core.internal.command.DbMigrate -- Schema "public" is up to date. No migration necessary.
]]></system-out>
  </testcase>
  <testcase name="createsAuditLogTableAndIndexes" classname="pt.xavier.tms.FlywayMigrationIntegrationTests" time="0.242">
    <system-out><![CDATA[19:24:22.109 [main] INFO org.flywaydb.core.FlywayExecutor -- Database: jdbc:postgresql://localhost:52048/tms_test?loggerLevel=OFF (PostgreSQL 16.11)
19:24:22.151 [main] INFO org.flywaydb.core.internal.command.DbValidate -- Successfully validated 16 migrations (execution time 00:00.021s)
19:24:22.185 [main] INFO org.flywaydb.core.internal.command.DbMigrate -- Current version of schema "public": 16
19:24:22.186 [main] INFO org.flywaydb.core.internal.command.DbMigrate -- Schema "public" is up to date. No migration necessary.
]]></system-out>
  </testcase>
  <testcase name="createsActivityModuleTablesAndIndexes" classname="pt.xavier.tms.FlywayMigrationIntegrationTests" time="0.331">
    <system-out><![CDATA[19:24:22.347 [main] INFO org.flywaydb.core.FlywayExecutor -- Database: jdbc:postgresql://localhost:52048/tms_test?loggerLevel=OFF (PostgreSQL 16.11)
19:24:22.384 [main] INFO org.flywaydb.core.internal.command.DbValidate -- Successfully validated 16 migrations (execution time 00:00.020s)
19:24:22.420 [main] INFO org.flywaydb.core.internal.command.DbMigrate -- Current version of schema "public": 16
19:24:22.420 [main] INFO org.flywaydb.core.internal.command.DbMigrate -- Schema "public" is up to date. No migration necessary.
]]></system-out>
  </testcase>
  <testcase name="createsVehicleModuleTablesAndIndexes" classname="pt.xavier.tms.FlywayMigrationIntegrationTests" time="0.436">
    <system-out><![CDATA[19:24:22.679 [main] INFO org.flywaydb.core.FlywayExecutor -- Database: jdbc:postgresql://localhost:52048/tms_test?loggerLevel=OFF (PostgreSQL 16.11)
19:24:22.711 [main] INFO org.flywaydb.core.internal.command.DbValidate -- Successfully validated 16 migrations (execution time 00:00.015s)
19:24:22.747 [main] INFO org.flywaydb.core.internal.command.DbMigrate -- Current version of schema "public": 16
19:24:22.749 [main] INFO org.flywaydb.core.internal.command.DbMigrate -- Schema "public" is up to date. No migration necessary.
]]></system-out>
  </testcase>
  <testcase name="appliesBasePostgresExtensionsMigration" classname="pt.xavier.tms.FlywayMigrationIntegrationTests" time="0.141">
    <system-out><![CDATA[19:24:23.114 [main] INFO org.flywaydb.core.FlywayExecutor -- Database: jdbc:postgresql://localhost:52048/tms_test?loggerLevel=OFF (PostgreSQL 16.11)
19:24:23.148 [main] INFO org.flywaydb.core.internal.command.DbValidate -- Successfully validated 16 migrations (execution time 00:00.019s)
19:24:23.191 [main] INFO org.flywaydb.core.internal.command.DbMigrate -- Current version of schema "public": 16
19:24:23.192 [main] INFO org.flywaydb.core.internal.command.DbMigrate -- Schema "public" is up to date. No migration necessary.
]]></system-out>
  </testcase>
</testsuite>