<?xml version="1.0" encoding="UTF-8"?>
<testsuite xmlns:xsi="http://www.w3.org/2001/XMLSchema-instance" xsi:noNamespaceSchemaLocation="https://maven.apache.org/surefire/maven-surefire-plugin/xsd/surefire-test-report.xsd" version="3.0.2" name="pt.xavier.tms.FlywayMigrationIntegrationTests" time="6.779" tests="7" errors="0" skipped="0" failures="0">
  <properties>
[...]
</properties>
  <testcase name="createsSpringModulithEventPublicationTable" classname="pt.xavier.tms.FlywayMigrationIntegrationTests" time="1.747">
    <system-out><![CDATA[22:59:02.542 [main] INFO org.testcontainers.DockerClientFactory -- Testcontainers version: 1.20.6
22:59:02.954 [main] INFO org.testcontainers.dockerclient.DockerClientProviderStrategy -- Loaded org.testcontainers.dockerclient.UnixSocketClientProviderStrategy from ~/.testcontainers.properties, will try it first
22:59:03.482 [main] INFO org.testcontainers.dockerclient.DockerClientProviderStrategy -- Found Docker environment with local Unix socket (unix:///var/run/docker.sock)
22:59:03.485 [main] INFO org.testcontainers.DockerClientFactory -- Docker host IP address is localhost
22:59:03.515 [main] INFO org.testcontainers.DockerClientFactory -- Connected to docker: 
  Server Version: 28.5.2
  API Version: 1.51
  Operating System: Docker Desktop
  Total Memory: 7835 MB
  Labels: 
    com.docker.desktop.address=unix:///Users/xavier/Library/Containers/com.docker.docker/Data/docker-cli.sock
22:59:03.541 [main] INFO org.testcontainers.images.PullPolicy -- Image pull policy will be performed by: DefaultPullPolicy()
22:59:03.544 [main] INFO org.testcontainers.utility.ImageNameSubstitutor -- Image name substitution will be performed by: DefaultImageNameSubstitutor (composite of 'ConfigurationFileImageNameSubstitutor' and 'PrefixingImageNameSubstitutor')
22:59:03.636 [main] INFO tc.testcontainers/ryuk:0.11.0 -- Creating container for image: testcontainers/ryuk:0.11.0
22:59:04.515 [main] INFO org.testcontainers.utility.RegistryAuthLocator -- Credential helper/store (docker-credential-desktop) does not have credentials for https://index.docker.io/v1/
22:59:04.658 [main] INFO tc.testcontainers/ryuk:0.11.0 -- Container testcontainers/ryuk:0.11.0 is starting: 375d0060f84c3ea57469e9952504e8c8fee01de7c333eb5135d7a49f36fc0873
22:59:05.158 [main] INFO tc.testcontainers/ryuk:0.11.0 -- Container testcontainers/ryuk:0.11.0 started in PT1.52171S
22:59:05.171 [main] INFO org.testcontainers.utility.RyukResourceReaper -- Ryuk started - will monitor and terminate Testcontainers containers on JVM exit
22:59:05.172 [main] INFO org.testcontainers.DockerClientFactory -- Checking the system...
22:59:05.173 [main] INFO org.testcontainers.DockerClientFactory -- ✔︎ Docker server version should be at least 1.6.0
22:59:05.196 [main] INFO tc.postgres:16-alpine -- Creating container for image: postgres:16-alpine
22:59:05.257 [main] INFO tc.postgres:16-alpine -- Container postgres:16-alpine is starting: a81427d8f5b1e4c40f06243b8f68ab4e5769eb9146532183f3d445bdb36359dc
22:59:08.130 [main] INFO tc.postgres:16-alpine -- Container postgres:16-alpine started in PT2.934383S
22:59:08.131 [main] INFO tc.postgres:16-alpine -- Container is started (JDBC URL: jdbc:postgresql://localhost:55397/tms_test?loggerLevel=OFF)
22:59:08.826 [main] INFO org.flywaydb.core.FlywayExecutor -- Database: jdbc:postgresql://localhost:55397/tms_test?loggerLevel=OFF (PostgreSQL 16.11)
22:59:08.951 [main] INFO org.flywaydb.core.internal.schemahistory.JdbcTableSchemaHistory -- Schema history table "public"."flyway_schema_history" does not exist yet
22:59:08.957 [main] INFO org.flywaydb.core.internal.command.DbValidate -- Successfully validated 18 migrations (execution time 00:00.065s)
22:59:08.997 [main] INFO org.flywaydb.core.internal.schemahistory.JdbcTableSchemaHistory -- Creating Schema History table "public"."flyway_schema_history" ...
22:59:09.110 [main] INFO org.flywaydb.core.internal.command.DbMigrate -- Current version of schema "public": << Empty Schema >>
22:59:09.122 [main] INFO org.flywaydb.core.internal.command.DbMigrate -- Migrating schema "public" to version "0 - init extensions"
22:59:09.183 [main] INFO org.flywaydb.core.internal.command.DbMigrate -- Migrating schema "public" to version "1 - create event publication table"
22:59:09.202 [main] WARN org.flywaydb.core.internal.sqlscript.DefaultSqlScriptExecutor -- DB: identifier "event_publication_serialized_event_listener_id_completion_date_idx" will be truncated to "event_publication_serialized_event_listener_id_completion_date_" (SQL State: 42622 - Error Code: 0)
22:59:09.223 [main] INFO org.flywaydb.core.internal.command.DbMigrate -- Migrating schema "public" to version "2 - rename event publication lookup index"
22:59:09.244 [main] INFO org.flywaydb.core.internal.command.DbMigrate -- Migrating schema "public" to version "3 - create files"
22:59:09.270 [main] INFO org.flywaydb.core.internal.command.DbMigrate -- Migrating schema "public" to version "4 - create vehicles"
22:59:09.301 [main] INFO org.flywaydb.core.internal.command.DbMigrate -- Migrating schema "public" to version "5 - create vehicle documents"
22:59:09.332 [main] INFO org.flywaydb.core.internal.command.DbMigrate -- Migrating schema "public" to version "6 - create vehicle accessories"
22:59:09.357 [main] INFO org.flywaydb.core.internal.command.DbMigrate -- Migrating schema "public" to version "7 - create maintenance records"
22:59:09.386 [main] INFO org.flywaydb.core.internal.command.DbMigrate -- Migrating schema "public" to version "8 - create checklists"
22:59:09.430 [main] INFO org.flywaydb.core.internal.command.DbMigrate -- Migrating schema "public" to version "10 - create vehicle indexes"
22:59:09.465 [main] INFO org.flywaydb.core.internal.command.DbMigrate -- Migrating schema "public" to version "11 - create audit logs"
22:59:09.494 [main] INFO org.flywaydb.core.internal.command.DbMigrate -- Migrating schema "public" to version "12 - create drivers"
22:59:09.522 [main] INFO org.flywaydb.core.internal.command.DbMigrate -- Migrating schema "public" to version "13 - create driver documents"
22:59:09.547 [main] INFO org.flywaydb.core.internal.command.DbMigrate -- Migrating schema "public" to version "14 - create driver indexes"
22:59:09.575 [main] INFO org.flywaydb.core.internal.command.DbMigrate -- Migrating schema "public" to version "15 - create activities"
22:59:09.612 [main] INFO org.flywaydb.core.internal.command.DbMigrate -- Migrating schema "public" to version "16 - create activity events"
22:59:09.639 [main] INFO org.flywaydb.core.internal.command.DbMigrate -- Migrating schema "public" to version "17 - create alerts"
22:59:09.678 [main] INFO org.flywaydb.core.internal.command.DbMigrate -- Migrating schema "public" to version "18 - align audit logs with spec"
22:59:09.681 [main] INFO org.flywaydb.core.internal.sqlscript.DefaultSqlScriptExecutor -- DB: constraint "chk_audit_logs_operation" of relation "audit_logs" does not exist, skipping
22:59:09.715 [main] INFO org.flywaydb.core.internal.command.DbMigrate -- Successfully applied 18 migrations to schema "public", now at version v18 (execution time 00:00.327s)
]]></system-out>
  </testcase>
  <testcase name="createsDriverModuleTablesAndIndexes" classname="pt.xavier.tms.FlywayMigrationIntegrationTests" time="0.314">
    <system-out><![CDATA[22:59:09.932 [main] INFO org.flywaydb.core.FlywayExecutor -- Database: jdbc:postgresql://localhost:55397/tms_test?loggerLevel=OFF (PostgreSQL 16.11)
22:59:09.974 [main] INFO org.flywaydb.core.internal.command.DbValidate -- Successfully validated 18 migrations (execution time 00:00.025s)
22:59:10.012 [main] INFO org.flywaydb.core.internal.command.DbMigrate -- Current version of schema "public": 18
22:59:10.013 [main] INFO org.flywaydb.core.internal.command.DbMigrate -- Schema "public" is up to date. No migration necessary.
]]></system-out>
  </testcase>
  <testcase name="createsAuditLogTableAndIndexes" classname="pt.xavier.tms.FlywayMigrationIntegrationTests" time="0.208">
    <system-out><![CDATA[22:59:10.240 [main] INFO org.flywaydb.core.FlywayExecutor -- Database: jdbc:postgresql://localhost:55397/tms_test?loggerLevel=OFF (PostgreSQL 16.11)
22:59:10.274 [main] INFO org.flywaydb.core.internal.command.DbValidate -- Successfully validated 18 migrations (execution time 00:00.019s)
22:59:10.305 [main] INFO org.flywaydb.core.internal.command.DbMigrate -- Current version of schema "public": 18
22:59:10.306 [main] INFO org.flywaydb.core.internal.command.DbMigrate -- Schema "public" is up to date. No migration necessary.
]]></system-out>
  </testcase>
  <testcase name="createsActivityModuleTablesAndIndexes" classname="pt.xavier.tms.FlywayMigrationIntegrationTests" time="0.304">
    <system-out><![CDATA[22:59:10.449 [main] INFO org.flywaydb.core.FlywayExecutor -- Database: jdbc:postgresql://localhost:55397/tms_test?loggerLevel=OFF (PostgreSQL 16.11)
22:59:10.482 [main] INFO org.flywaydb.core.internal.command.DbValidate -- Successfully validated 18 migrations (execution time 00:00.018s)
22:59:10.513 [main] INFO org.flywaydb.core.internal.command.DbMigrate -- Current version of schema "public": 18
22:59:10.514 [main] INFO org.flywaydb.core.internal.command.DbMigrate -- Schema "public" is up to date. No migration necessary.
]]></system-out>
  </testcase>
  <testcase name="createsVehicleModuleTablesAndIndexes" classname="pt.xavier.tms.FlywayMigrationIntegrationTests" time="0.391">
    <system-out><![CDATA[22:59:10.753 [main] INFO org.flywaydb.core.FlywayExecutor -- Database: jdbc:postgresql://localhost:55397/tms_test?loggerLevel=OFF (PostgreSQL 16.11)
22:59:10.786 [main] INFO org.flywaydb.core.internal.command.DbValidate -- Successfully validated 18 migrations (execution time 00:00.017s)
22:59:10.818 [main] INFO org.flywaydb.core.internal.command.DbMigrate -- Current version of schema "public": 18
22:59:10.818 [main] INFO org.flywaydb.core.internal.command.DbMigrate -- Schema "public" is up to date. No migration necessary.
]]></system-out>
  </testcase>
  <testcase name="createsAlertModuleTablesIndexesAndDefaultConfigurations" classname="pt.xavier.tms.FlywayMigrationIntegrationTests" time="0.268">
    <system-out><![CDATA[22:59:11.141 [main] INFO org.flywaydb.core.FlywayExecutor -- Database: jdbc:postgresql://localhost:55397/tms_test?loggerLevel=OFF (PostgreSQL 16.11)
22:59:11.172 [main] INFO org.flywaydb.core.internal.command.DbValidate -- Successfully validated 18 migrations (execution time 00:00.017s)
22:59:11.202 [main] INFO org.flywaydb.core.internal.command.DbMigrate -- Current version of schema "public": 18
22:59:11.203 [main] INFO org.flywaydb.core.internal.command.DbMigrate -- Schema "public" is up to date. No migration necessary.
]]></system-out>
  </testcase>
  <testcase name="appliesBasePostgresExtensionsMigration" classname="pt.xavier.tms.FlywayMigrationIntegrationTests" time="0.12">
    <system-out><![CDATA[22:59:11.410 [main] INFO org.flywaydb.core.FlywayExecutor -- Database: jdbc:postgresql://localhost:55397/tms_test?loggerLevel=OFF (PostgreSQL 16.11)
22:59:11.440 [main] INFO org.flywaydb.core.internal.command.DbValidate -- Successfully validated 18 migrations (execution time 00:00.016s)
22:59:11.470 [main] INFO org.flywaydb.core.internal.command.DbMigrate -- Current version of schema "public": 18
22:59:11.471 [main] INFO org.flywaydb.core.internal.command.DbMigrate -- Schema "public" is up to date. No migration necessary.
]]></system-out>
  </testcase>
</testsuite>